{"/home/kaushik/Documents/October/UdemyClone/frontend/src/components/common/profileChip.vue": {"path":"/home/kaushik/Documents/October/UdemyClone/frontend/src/components/common/profileChip.vue","statementMap":{"0":{"start":{"line":4,"column":0},"end":{"line":6,"column":3}},"1":{"start":{"line":7,"column":0},"end":{"line":7,"column":25}},"2":{"start":{"line":8,"column":0},"end":{"line":8,"column":44}},"3":{"start":{"line":74,"column":0},"end":{"line":74,"column":13}},"4":{"start":{"line":76,"column":0},"end":{"line":78,"column":3}},"5":{"start":{"line":79,"column":0},"end":{"line":79,"column":24}},"6":{"start":{"line":80,"column":11},"end":{"line":80,"column":25}},"7":{"start":{"line":81,"column":19},"end":{"line":83,"column":1}},"8":{"start":{"line":84,"column":32},"end":{"line":84,"column":106}},"9":{"start":{"line":85,"column":32},"end":{"line":87,"column":33}},"10":{"start":{"line":90,"column":27},"end":{"line":90,"column":62}},"11":{"start":{"line":91,"column":30},"end":{"line":91,"column":68}},"12":{"start":{"line":92,"column":28},"end":{"line":92,"column":64}},"13":{"start":{"line":93,"column":39},"end":{"line":93,"column":86}},"14":{"start":{"line":94,"column":42},"end":{"line":94,"column":92}},"15":{"start":{"line":95,"column":28},"end":{"line":95,"column":64}},"16":{"start":{"line":96,"column":27},"end":{"line":96,"column":62}},"17":{"start":{"line":97,"column":33},"end":{"line":97,"column":74}},"18":{"start":{"line":98,"column":28},"end":{"line":98,"column":64}},"19":{"start":{"line":99,"column":34},"end":{"line":99,"column":76}},"20":{"start":{"line":100,"column":34},"end":{"line":100,"column":76}},"21":{"start":{"line":101,"column":36},"end":{"line":101,"column":80}},"22":{"start":{"line":102,"column":28},"end":{"line":102,"column":64}},"23":{"start":{"line":103,"column":30},"end":{"line":103,"column":68}},"24":{"start":{"line":104,"column":27},"end":{"line":104,"column":62}},"25":{"start":{"line":105,"column":28},"end":{"line":105,"column":64}},"26":{"start":{"line":106,"column":2},"end":{"line":315,"column":220}},"27":{"start":{"line":108,"column":63},"end":{"line":108,"column":81}},"28":{"start":{"line":116,"column":10},"end":{"line":116,"column":14}},"29":{"start":{"line":117,"column":6},"end":{"line":135,"column":48}},"30":{"start":{"line":122,"column":41},"end":{"line":133,"column":191}},"31":{"start":{"line":125,"column":43},"end":{"line":131,"column":14}},"32":{"start":{"line":138,"column":37},"end":{"line":312,"column":7}},"33":{"start":{"line":141,"column":39},"end":{"line":173,"column":9}},"34":{"start":{"line":142,"column":41},"end":{"line":148,"column":44}},"35":{"start":{"line":149,"column":40},"end":{"line":160,"column":11}},"36":{"start":{"line":152,"column":55},"end":{"line":152,"column":72}},"37":{"start":{"line":154,"column":43},"end":{"line":157,"column":13}},"38":{"start":{"line":155,"column":45},"end":{"line":155,"column":92}},"39":{"start":{"line":162,"column":41},"end":{"line":170,"column":11}},"40":{"start":{"line":163,"column":43},"end":{"line":163,"column":134}},"41":{"start":{"line":167,"column":43},"end":{"line":167,"column":135}},"42":{"start":{"line":177,"column":39},"end":{"line":309,"column":9}},"43":{"start":{"line":181,"column":41},"end":{"line":246,"column":42}},"44":{"start":{"line":182,"column":43},"end":{"line":182,"column":79}},"45":{"start":{"line":186,"column":69},"end":{"line":186,"column":93}},"46":{"start":{"line":191,"column":43},"end":{"line":243,"column":13}},"47":{"start":{"line":192,"column":45},"end":{"line":240,"column":15}},"48":{"start":{"line":200,"column":47},"end":{"line":238,"column":142}},"49":{"start":{"line":205,"column":61},"end":{"line":205,"column":84}},"50":{"start":{"line":207,"column":49},"end":{"line":213,"column":19}},"51":{"start":{"line":211,"column":51},"end":{"line":211,"column":98}},"52":{"start":{"line":218,"column":75},"end":{"line":218,"column":97}},"53":{"start":{"line":226,"column":75},"end":{"line":226,"column":98}},"54":{"start":{"line":231,"column":49},"end":{"line":231,"column":88}},"55":{"start":{"line":236,"column":49},"end":{"line":236,"column":87}},"56":{"start":{"line":252,"column":41},"end":{"line":307,"column":42}},"57":{"start":{"line":253,"column":43},"end":{"line":253,"column":80}},"58":{"start":{"line":257,"column":69},"end":{"line":257,"column":95}},"59":{"start":{"line":265,"column":43},"end":{"line":304,"column":13}},"60":{"start":{"line":268,"column":45},"end":{"line":301,"column":15}},"61":{"start":{"line":269,"column":47},"end":{"line":298,"column":17}},"62":{"start":{"line":272,"column":49},"end":{"line":281,"column":47}},"63":{"start":{"line":279,"column":51},"end":{"line":279,"column":87}},"64":{"start":{"line":286,"column":49},"end":{"line":295,"column":19}},"65":{"start":{"line":290,"column":63},"end":{"line":290,"column":88}},"66":{"start":{"line":293,"column":51},"end":{"line":293,"column":86}},"67":{"start":{"line":316,"column":2},"end":{"line":316,"column":49}}},"fnMap":{"0":{"name":"render","decl":{"start":{"line":89,"column":9},"end":{"line":89,"column":15}},"loc":{"start":{"line":89,"column":30},"end":{"line":316,"column":1}},"line":89},"1":{"name":"(anonymous_1)","decl":{"start":{"line":108,"column":53},"end":{"line":108,"column":54}},"loc":{"start":{"line":108,"column":63},"end":{"line":108,"column":81}},"line":108},"2":{"name":"(anonymous_2)","decl":{"start":{"line":113,"column":33},"end":{"line":113,"column":34}},"loc":{"start":{"line":113,"column":41},"end":{"line":136,"column":5}},"line":113},"3":{"name":"(anonymous_3)","decl":{"start":{"line":122,"column":35},"end":{"line":122,"column":36}},"loc":{"start":{"line":122,"column":41},"end":{"line":133,"column":191}},"line":122},"4":{"name":"(anonymous_4)","decl":{"start":{"line":125,"column":37},"end":{"line":125,"column":38}},"loc":{"start":{"line":125,"column":43},"end":{"line":131,"column":14}},"line":125},"5":{"name":"(anonymous_5)","decl":{"start":{"line":138,"column":31},"end":{"line":138,"column":32}},"loc":{"start":{"line":138,"column":37},"end":{"line":312,"column":7}},"line":138},"6":{"name":"(anonymous_6)","decl":{"start":{"line":141,"column":33},"end":{"line":141,"column":34}},"loc":{"start":{"line":141,"column":39},"end":{"line":173,"column":9}},"line":141},"7":{"name":"(anonymous_7)","decl":{"start":{"line":142,"column":35},"end":{"line":142,"column":36}},"loc":{"start":{"line":142,"column":41},"end":{"line":148,"column":44}},"line":142},"8":{"name":"(anonymous_8)","decl":{"start":{"line":149,"column":34},"end":{"line":149,"column":35}},"loc":{"start":{"line":149,"column":40},"end":{"line":160,"column":11}},"line":149},"9":{"name":"(anonymous_9)","decl":{"start":{"line":152,"column":45},"end":{"line":152,"column":46}},"loc":{"start":{"line":152,"column":55},"end":{"line":152,"column":72}},"line":152},"10":{"name":"(anonymous_10)","decl":{"start":{"line":154,"column":37},"end":{"line":154,"column":38}},"loc":{"start":{"line":154,"column":43},"end":{"line":157,"column":13}},"line":154},"11":{"name":"(anonymous_11)","decl":{"start":{"line":155,"column":39},"end":{"line":155,"column":40}},"loc":{"start":{"line":155,"column":45},"end":{"line":155,"column":92}},"line":155},"12":{"name":"(anonymous_12)","decl":{"start":{"line":162,"column":35},"end":{"line":162,"column":36}},"loc":{"start":{"line":162,"column":41},"end":{"line":170,"column":11}},"line":162},"13":{"name":"(anonymous_13)","decl":{"start":{"line":163,"column":37},"end":{"line":163,"column":38}},"loc":{"start":{"line":163,"column":43},"end":{"line":163,"column":134}},"line":163},"14":{"name":"(anonymous_14)","decl":{"start":{"line":167,"column":37},"end":{"line":167,"column":38}},"loc":{"start":{"line":167,"column":43},"end":{"line":167,"column":135}},"line":167},"15":{"name":"(anonymous_15)","decl":{"start":{"line":177,"column":33},"end":{"line":177,"column":34}},"loc":{"start":{"line":177,"column":39},"end":{"line":309,"column":9}},"line":177},"16":{"name":"(anonymous_16)","decl":{"start":{"line":181,"column":35},"end":{"line":181,"column":36}},"loc":{"start":{"line":181,"column":41},"end":{"line":246,"column":42}},"line":181},"17":{"name":"(anonymous_17)","decl":{"start":{"line":182,"column":37},"end":{"line":182,"column":38}},"loc":{"start":{"line":182,"column":43},"end":{"line":182,"column":79}},"line":182},"18":{"name":"(anonymous_18)","decl":{"start":{"line":186,"column":59},"end":{"line":186,"column":60}},"loc":{"start":{"line":186,"column":69},"end":{"line":186,"column":93}},"line":186},"19":{"name":"(anonymous_19)","decl":{"start":{"line":191,"column":37},"end":{"line":191,"column":38}},"loc":{"start":{"line":191,"column":43},"end":{"line":243,"column":13}},"line":191},"20":{"name":"(anonymous_20)","decl":{"start":{"line":192,"column":39},"end":{"line":192,"column":40}},"loc":{"start":{"line":192,"column":45},"end":{"line":240,"column":15}},"line":192},"21":{"name":"(anonymous_21)","decl":{"start":{"line":200,"column":41},"end":{"line":200,"column":42}},"loc":{"start":{"line":200,"column":47},"end":{"line":238,"column":142}},"line":200},"22":{"name":"(anonymous_22)","decl":{"start":{"line":205,"column":51},"end":{"line":205,"column":52}},"loc":{"start":{"line":205,"column":61},"end":{"line":205,"column":84}},"line":205},"23":{"name":"(anonymous_23)","decl":{"start":{"line":207,"column":43},"end":{"line":207,"column":44}},"loc":{"start":{"line":207,"column":49},"end":{"line":213,"column":19}},"line":207},"24":{"name":"(anonymous_24)","decl":{"start":{"line":211,"column":45},"end":{"line":211,"column":46}},"loc":{"start":{"line":211,"column":51},"end":{"line":211,"column":98}},"line":211},"25":{"name":"(anonymous_25)","decl":{"start":{"line":218,"column":65},"end":{"line":218,"column":66}},"loc":{"start":{"line":218,"column":75},"end":{"line":218,"column":97}},"line":218},"26":{"name":"(anonymous_26)","decl":{"start":{"line":226,"column":65},"end":{"line":226,"column":66}},"loc":{"start":{"line":226,"column":75},"end":{"line":226,"column":98}},"line":226},"27":{"name":"(anonymous_27)","decl":{"start":{"line":231,"column":43},"end":{"line":231,"column":44}},"loc":{"start":{"line":231,"column":49},"end":{"line":231,"column":88}},"line":231},"28":{"name":"(anonymous_28)","decl":{"start":{"line":236,"column":43},"end":{"line":236,"column":44}},"loc":{"start":{"line":236,"column":49},"end":{"line":236,"column":87}},"line":236},"29":{"name":"(anonymous_29)","decl":{"start":{"line":252,"column":35},"end":{"line":252,"column":36}},"loc":{"start":{"line":252,"column":41},"end":{"line":307,"column":42}},"line":252},"30":{"name":"(anonymous_30)","decl":{"start":{"line":253,"column":37},"end":{"line":253,"column":38}},"loc":{"start":{"line":253,"column":43},"end":{"line":253,"column":80}},"line":253},"31":{"name":"(anonymous_31)","decl":{"start":{"line":257,"column":59},"end":{"line":257,"column":60}},"loc":{"start":{"line":257,"column":69},"end":{"line":257,"column":95}},"line":257},"32":{"name":"(anonymous_32)","decl":{"start":{"line":265,"column":37},"end":{"line":265,"column":38}},"loc":{"start":{"line":265,"column":43},"end":{"line":304,"column":13}},"line":265},"33":{"name":"(anonymous_33)","decl":{"start":{"line":268,"column":39},"end":{"line":268,"column":40}},"loc":{"start":{"line":268,"column":45},"end":{"line":301,"column":15}},"line":268},"34":{"name":"(anonymous_34)","decl":{"start":{"line":269,"column":41},"end":{"line":269,"column":42}},"loc":{"start":{"line":269,"column":47},"end":{"line":298,"column":17}},"line":269},"35":{"name":"(anonymous_35)","decl":{"start":{"line":272,"column":43},"end":{"line":272,"column":44}},"loc":{"start":{"line":272,"column":49},"end":{"line":281,"column":47}},"line":272},"36":{"name":"(anonymous_36)","decl":{"start":{"line":279,"column":45},"end":{"line":279,"column":46}},"loc":{"start":{"line":279,"column":51},"end":{"line":279,"column":87}},"line":279},"37":{"name":"(anonymous_37)","decl":{"start":{"line":286,"column":43},"end":{"line":286,"column":44}},"loc":{"start":{"line":286,"column":49},"end":{"line":295,"column":19}},"line":286},"38":{"name":"(anonymous_38)","decl":{"start":{"line":290,"column":53},"end":{"line":290,"column":54}},"loc":{"start":{"line":290,"column":63},"end":{"line":290,"column":88}},"line":290},"39":{"name":"(anonymous_39)","decl":{"start":{"line":293,"column":45},"end":{"line":293,"column":46}},"loc":{"start":{"line":293,"column":51},"end":{"line":293,"column":86}},"line":293}},"branchMap":{"0":{"loc":{"start":{"line":106,"column":136},"end":{"line":315,"column":83}},"type":"cond-expr","locations":[{"start":{"line":106,"column":161},"end":{"line":315,"column":37}},{"start":{"line":315,"column":41},"end":{"line":315,"column":83}}],"line":106},"1":{"loc":{"start":{"line":108,"column":27},"end":{"line":108,"column":82}},"type":"binary-expr","locations":[{"start":{"line":108,"column":27},"end":{"line":108,"column":36}},{"start":{"line":108,"column":41},"end":{"line":108,"column":81}}],"line":108},"2":{"loc":{"start":{"line":125,"column":44},"end":{"line":131,"column":13}},"type":"cond-expr","locations":[{"start":{"line":125,"column":77},"end":{"line":128,"column":42}},{"start":{"line":128,"column":47},"end":{"line":131,"column":12}}],"line":125},"3":{"loc":{"start":{"line":142,"column":42},"end":{"line":148,"column":43}},"type":"cond-expr","locations":[{"start":{"line":142,"column":75},"end":{"line":145,"column":42}},{"start":{"line":145,"column":47},"end":{"line":148,"column":42}}],"line":142},"4":{"loc":{"start":{"line":152,"column":19},"end":{"line":152,"column":73}},"type":"binary-expr","locations":[{"start":{"line":152,"column":19},"end":{"line":152,"column":28}},{"start":{"line":152,"column":33},"end":{"line":152,"column":72}}],"line":152},"5":{"loc":{"start":{"line":186,"column":33},"end":{"line":186,"column":94}},"type":"binary-expr","locations":[{"start":{"line":186,"column":33},"end":{"line":186,"column":42}},{"start":{"line":186,"column":47},"end":{"line":186,"column":93}}],"line":186},"6":{"loc":{"start":{"line":205,"column":25},"end":{"line":205,"column":85}},"type":"binary-expr","locations":[{"start":{"line":205,"column":25},"end":{"line":205,"column":34}},{"start":{"line":205,"column":39},"end":{"line":205,"column":84}}],"line":205},"7":{"loc":{"start":{"line":218,"column":39},"end":{"line":218,"column":98}},"type":"binary-expr","locations":[{"start":{"line":218,"column":39},"end":{"line":218,"column":48}},{"start":{"line":218,"column":53},"end":{"line":218,"column":97}}],"line":218},"8":{"loc":{"start":{"line":226,"column":39},"end":{"line":226,"column":99}},"type":"binary-expr","locations":[{"start":{"line":226,"column":39},"end":{"line":226,"column":48}},{"start":{"line":226,"column":53},"end":{"line":226,"column":98}}],"line":226},"9":{"loc":{"start":{"line":257,"column":33},"end":{"line":257,"column":96}},"type":"binary-expr","locations":[{"start":{"line":257,"column":33},"end":{"line":257,"column":42}},{"start":{"line":257,"column":47},"end":{"line":257,"column":95}}],"line":257},"10":{"loc":{"start":{"line":290,"column":27},"end":{"line":290,"column":89}},"type":"binary-expr","locations":[{"start":{"line":290,"column":27},"end":{"line":290,"column":36}},{"start":{"line":290,"column":41},"end":{"line":290,"column":88}}],"line":290}},"s":{"0":1,"1":1,"2":1,"3":1,"4":1,"5":1,"6":1,"7":1,"8":1,"9":1,"10":3,"11":3,"12":3,"13":3,"14":3,"15":3,"16":3,"17":3,"18":3,"19":3,"20":3,"21":3,"22":3,"23":3,"24":3,"25":3,"26":3,"27":0,"28":0,"29":0,"30":0,"31":0,"32":0,"33":0,"34":0,"35":0,"36":0,"37":0,"38":0,"39":0,"40":0,"41":0,"42":0,"43":0,"44":0,"45":0,"46":0,"47":0,"48":0,"49":0,"50":0,"51":0,"52":0,"53":0,"54":0,"55":0,"56":0,"57":0,"58":0,"59":0,"60":0,"61":0,"62":0,"63":0,"64":0,"65":0,"66":0,"67":1},"f":{"0":3,"1":0,"2":0,"3":0,"4":0,"5":0,"6":0,"7":0,"8":0,"9":0,"10":0,"11":0,"12":0,"13":0,"14":0,"15":0,"16":0,"17":0,"18":0,"19":0,"20":0,"21":0,"22":0,"23":0,"24":0,"25":0,"26":0,"27":0,"28":0,"29":0,"30":0,"31":0,"32":0,"33":0,"34":0,"35":0,"36":0,"37":0,"38":0,"39":0},"b":{"0":[0,3],"1":[0,0],"2":[0,0],"3":[0,0],"4":[0,0],"5":[0,0],"6":[0,0],"7":[0,0],"8":[0,0],"9":[0,0],"10":[0,0]},"inputSourceMap":{"0":"{","1":"\"","2":"v","3":"e","4":"r","5":"s","6":"i","7":"o","8":"n","9":"\"","10":":","11":"3","12":",","13":"\"","14":"s","15":"o","16":"u","17":"r","18":"c","19":"e","20":"s","21":"\"","22":":","23":"[","24":"\"","25":"/","26":"h","27":"o","28":"m","29":"e","30":"/","31":"k","32":"a","33":"u","34":"s","35":"h","36":"i","37":"k","38":"/","39":"D","40":"o","41":"c","42":"u","43":"m","44":"e","45":"n","46":"t","47":"s","48":"/","49":"O","50":"c","51":"t","52":"o","53":"b","54":"e","55":"r","56":"/","57":"U","58":"d","59":"e","60":"m","61":"y","62":"C","63":"l","64":"o","65":"n","66":"e","67":"/","68":"f","69":"r","70":"o","71":"n","72":"t","73":"e","74":"n","75":"d","76":"/","77":"s","78":"r","79":"c","80":"/","81":"c","82":"o","83":"m","84":"p","85":"o","86":"n","87":"e","88":"n","89":"t","90":"s","91":"/","92":"c","93":"o","94":"m","95":"m","96":"o","97":"n","98":"/","99":"p","100":"r","101":"o","102":"f","103":"i","104":"l","105":"e","106":"C","107":"h","108":"i","109":"p","110":".","111":"v","112":"u","113":"e","114":"\"","115":"]","116":",","117":"\"","118":"n","119":"a","120":"m","121":"e","122":"s","123":"\"","124":":","125":"[","126":"]","127":",","128":"\"","129":"m","130":"a","131":"p","132":"p","133":"i","134":"n","135":"g","136":"s","137":"\"","138":":","139":"\"","140":";","141":";","142":";","143":";","144":";","145":";","146":";","147":";","148":"A","149":"A","150":"2","151":"I","152":"A","153":";","154":"A","155":"A","156":"A","157":"A","158":";","159":"A","160":"A","161":"A","162":"A","163":";","164":"A","165":"A","166":"A","167":"k","168":"C","169":";","170":"A","171":"A","172":"A","173":"A","174":",","175":"i","176":"C","177":"A","178":"E","179":"n","180":"B","181":";","182":"E","183":"A","184":"C","185":"b","186":",","187":"I","188":"A","189":"A","190":"I","191":",","192":"E","193":"A","194":"A","195":"E","196":",","197":"a","198":"A","199":"A","200":"a","201":";","202":"E","203":"A","204":"C","205":"n","206":"B","207":",","208":"Q","209":"A","210":"A","211":"Q","212":",","213":"E","214":"A","215":"A","216":"E","217":";","218":"I","219":"A","220":"C","221":"R","222":";","223":"I","224":"A","225":"A","226":"G","227":";","228":"I","229":"A","230":"A","231":"A","232":";","233":"I","234":"A","235":"A","236":"A","237":";","238":"I","239":"A","240":"A","241":"A","242":";","243":"I","244":"A","245":"A","246":"A","247":";","248":"I","249":"A","250":"A","251":"A","252":",","253":"U","254":"A","255":"A","256":"U","257":",","258":"E","259":"A","260":"A","261":"C","262":",","263":"C","264":"A","265":"A","266":"C","267":",","268":"S","269":"A","270":"A","271":"S","272":",","273":"E","274":"A","275":"A","276":"E","277":",","278":"k","279":"B","280":"A","281":"A","282":"k","283":"B","284":",","285":"E","286":"A","287":"A","288":"E","289":",","290":"q","291":"B","292":"A","293":"A","294":"q","295":"B","296":",","297":"C","298":"A","299":"A","300":"C","301":";","302":"E","303":"A","304":"C","305":"t","306":"E","307":",","308":"C","309":"A","310":"A","311":"C","312":";","313":"E","314":"A","315":"C","316":"D","317":",","318":"I","319":"A","320":"A","321":"I","322":",","323":"E","324":"A","325":"A","326":"E","327":",","328":"O","329":"A","330":"A","331":"O","332":";","333":"I","334":"A","335":"C","336":"X","337":",","338":"Q","339":"A","340":"A","341":"Q","342":",","343":"E","344":"A","345":"A","346":"E","347":",","348":"K","349":"A","350":"A","351":"K","352":";","353":"I","354":"A","355":"C","356":"f","357":",","358":"I","359":"A","360":"A","361":"I","362":",","363":"E","364":"A","365":"A","366":"E","367":",","368":"K","369":"A","370":"A","371":"K","372":";","373":"I","374":"A","375":"C","376":"X","377":",","378":"W","379":"A","380":"A","381":"W","382":",","383":"E","384":"A","385":"A","386":"E","387":",","388":"C","389":"A","390":"A","391":"C","392":",","393":"C","394":"A","395":"A","396":"C","397":";","398":"I","399":"A","400":"C","401":"f","402":",","403":"U","404":"A","405":"A","406":"U","407":",","408":"E","409":"A","410":"A","411":"E","412":",","413":"K","414":"A","415":"A","416":"K","417":";","418":"I","419":"A","420":"C","421":"j","422":"B","423":",","424":"S","425":"A","426":"A","427":"S","428":",","429":"E","430":"A","431":"A","432":"E","433":",","434":"I","435":"A","436":"A","437":"I","438":";","439":"I","440":"A","441":"C","442":"f","443":",","444":"Q","445":"A","446":"A","447":"Q","448":",","449":"E","450":"A","451":"A","452":"E","453":",","454":"E","455":"A","456":"A","457":"E","458":";","459":"I","460":"A","461":"C","462":"Z","463":",","464":"Y","465":"A","466":"A","467":"Y","468":",","469":"E","470":"A","471":"A","472":"E","473":";","474":"E","475":"A","476":"C","477":"h","478":"B","479":",","480":"C","481":"A","482":"A","483":"C","484":",","485":"C","486":"A","487":"A","488":"C","489":";","490":"E","491":"A","492":"E","493":"F","494":",","495":"O","496":"A","497":"A","498":"O","499":",","500":"E","501":"A","502":"A","503":"E","504":";","505":"I","506":"A","507":"C","508":"P","509":",","510":"M","511":"A","512":"A","513":"M","514":",","515":"W","516":"A","517":"A","518":"W","519":",","520":"G","521":"A","522":"A","523":"G","524":";","525":"M","526":"A","527":"C","528":"x","529":"B","530":";","531":";","532":"M","533":"A","534":"E","535":"M","536":",","537":"I","538":"A","539":"A","540":"I","541":",","542":"I","543":"A","544":"A","545":"I","546":",","547":"C","548":"A","549":"A","550":"C","551":",","552":"Q","553":"A","554":"A","555":"Q","556":",","557":"C","558":"A","559":"A","560":"C","561":",","562":"M","563":"A","564":"A","565":"M","566":",","567":"G","568":"A","569":"A","570":"G","571":",","572":"C","573":"A","574":"A","575":"C","576":",","577":"E","578":"A","579":"A","580":"E","581":";","582":"Q","583":"A","584":"C","585":"7","586":"B","587":",","588":"M","589":"A","590":"A","591":"M","592":",","593":"I","594":"A","595":"A","596":"I","597":",","598":"C","599":"A","600":"A","601":"C","602":",","603":"M","604":"A","605":"A","606":"M","607":",","608":"C","609":"A","610":"A","611":"C","612":",","613":"Q","614":"A","615":"A","616":"Q","617":",","618":"C","619":"A","620":"A","621":"C","622":",","623":"w","624":"B","625":"A","626":"A","627":"w","628":"B","629":",","630":"E","631":"A","632":"A","633":"E","634":";","635":"U","636":"A","637":"C","638":"l","639":"D","640":",","641":"I","642":"A","643":"A","644":"I","645":",","646":"E","647":"A","648":"A","649":"E","650":",","651":"I","652":"A","653":"A","654":"I","655":",","656":"C","657":"A","658":"A","659":"C","660":",","661":"Q","662":"A","663":"A","664":"Q","665":";","666":"U","667":"A","668":"C","669":"n","670":"B","671":",","672":"K","673":"A","674":"A","675":"K","676":",","677":"E","678":"A","679":"A","680":"E","681":",","682":"I","683":"A","684":"A","685":"I","686":",","687":"C","688":"A","689":"A","690":"C","691":",","692":"S","693":"A","694":"A","695":"S","696":",","697":"K","698":"A","699":"A","700":"K","701":",","702":"I","703":"A","704":"A","705":"I","706":",","707":"G","708":"A","709":"A","710":"G","711":",","712":"I","713":"A","714":"A","715":"I","716":",","717":"C","718":"A","719":"A","720":"C","721":",","722":"S","723":"A","724":"A","725":"S","726":",","727":"C","728":"A","729":"A","730":"C","731":",","732":"C","733":"A","734":"A","735":"C","736":",","737":"C","738":"A","739":"A","740":"C","741":",","742":"G","743":"A","744":"A","745":"G","746":";","747":"Q","748":"A","749":"C","750":"v","751":"D","752":",","753":"C","754":"A","755":"A","756":"C","757":",","758":"C","759":"A","760":"A","761":"C","762":";","763":"M","764":"A","765":"C","766":"J","767":";","768":"M","769":"A","770":"C","771":"A","772":",","773":"I","774":"A","775":"A","776":"I","777":",","778":"C","779":"A","780":"A","781":"C","782":",","783":"U","784":"A","785":"A","786":"U","787":",","788":"G","789":"A","790":"A","791":"G","792":",","793":"K","794":"A","795":"A","796":"K","797":";","798":"M","799":"A","800":"C","801":"v","802":"B","803":",","804":"I","805":"A","806":"A","807":"I","808":",","809":"C","810":"A","811":"A","812":"C","813":",","814":"S","815":"A","816":"A","817":"S","818":",","819":"G","820":"A","821":"A","822":"G","823":",","824":"I","825":"A","826":"A","827":"I","828":";","829":"M","830":"A","831":"C","832":"r","833":"B","834":";","835":"M","836":"A","837":"C","838":"A","839":",","840":"M","841":"A","842":"A","843":"M","844":",","845":"I","846":"A","847":"A","848":"I","849":",","850":"C","851":"A","852":"A","853":"C","854":",","855":"K","856":"A","857":"A","858":"K","859":",","860":"C","861":"A","862":"A","863":"C","864":",","865":"C","866":"A","867":"A","868":"C","869":";","870":"I","871":"A","872":"E","873":"p","874":"B","875":",","876":"C","877":"A","878":"A","879":"C","880":";","881":"I","882":"A","883":"E","884":"D","885":",","886":"M","887":"A","888":"A","889":"M","890":",","891":"M","892":"A","893":"A","894":"M","895":",","896":"G","897":"A","898":"A","899":"G","900":";","901":"M","902":"A","903":"C","904":"b","905":",","906":"I","907":"A","908":"A","909":"I","910":",","911":"C","912":"A","913":"A","914":"C","915":",","916":"Y","917":"A","918":"A","919":"Y","920":",","921":"G","922":"A","923":"A","924":"G","925":",","926":"K","927":"A","928":"A","929":"K","930":";","931":"M","932":"A","933":"C","934":"z","935":"B","936":",","937":"M","938":"A","939":"A","940":"M","941":",","942":"I","943":"A","944":"A","945":"I","946":",","947":"C","948":"A","949":"A","950":"C","951":",","952":"M","953":"A","954":"A","955":"M","956":",","957":"C","958":"A","959":"A","960":"C","961":",","962":"Q","963":"A","964":"A","965":"Q","966":",","967":"C","968":"A","969":"A","970":"C","971":",","972":"a","973":"A","974":"A","975":"a","976":",","977":"C","978":"A","979":"A","980":"C","981":";","982":"M","983":"A","984":"C","985":"z","986":"C","987":",","988":"I","989":"A","990":"A","991":"I","992":",","993":"C","994":"A","995":"A","996":"C","997":",","998":"O","999":"A","1000":"A","1001":"O","1002":",","1003":"C","1004":"A","1005":"A","1006":"C","1007":",","1008":"I","1009":"A","1010":"A","1011":"I","1012":",","1013":"C","1014":"A","1015":"A","1016":"C","1017":",","1018":"G","1019":"A","1020":"A","1021":"G","1022":",","1023":"C","1024":"A","1025":"A","1026":"C","1027":";","1028":"I","1029":"A","1030":"C","1031":"x","1032":"B","1033":",","1034":"C","1035":"A","1036":"A","1037":"C","1038":";","1039":"I","1040":"A","1041":"E","1042":"D","1043":",","1044":"I","1045":"A","1046":"A","1047":"I","1048":",","1049":"G","1050":"A","1051":"A","1052":"G","1053":";","1054":"M","1055":"A","1056":"C","1057":"L","1058":",","1059":"O","1060":"A","1061":"A","1062":"O","1063":",","1064":"C","1065":"A","1066":"A","1067":"C","1068":",","1069":"G","1070":"A","1071":"A","1072":"G","1073":",","1074":"C","1075":"A","1076":"A","1077":"C","1078":",","1079":"I","1080":"A","1081":"A","1082":"I","1083":",","1084":"C","1085":"A","1086":"A","1087":"C","1088":",","1089":"k","1090":"B","1091":"A","1092":"A","1093":"k","1094":"B","1095":",","1096":"C","1097":"A","1098":"A","1099":"C","1100":",","1101":"C","1102":"A","1103":"A","1104":"C","1105":";","1106":"I","1107":"A","1108":"C","1109":"v","1110":"C","1111":",","1112":"C","1113":"A","1114":"A","1115":"C","1116":";","1117":"I","1118":"A","1119":"E","1120":"D","1121":",","1122":"M","1123":"A","1124":"A","1125":"M","1126":",","1127":"K","1128":"A","1129":"A","1130":"K","1131":",","1132":"G","1133":"A","1134":"A","1135":"G","1136":";","1137":"M","1138":"A","1139":"C","1140":"Z","1141":";","1142":"M","1143":"A","1144":"C","1145":"A","1146":",","1147":"M","1148":"A","1149":"A","1150":"M","1151":",","1152":"I","1153":"A","1154":"A","1155":"I","1156":",","1157":"C","1158":"A","1159":"A","1160":"C","1161":",","1162":"M","1163":"A","1164":"A","1165":"M","1166":",","1167":"C","1168":"A","1169":"A","1170":"C","1171":",","1172":"Q","1173":"A","1174":"A","1175":"Q","1176":",","1177":"C","1178":"A","1179":"A","1180":"C","1181":",","1182":"w","1183":"B","1184":"A","1185":"A","1186":"w","1187":"B","1188":",","1189":"E","1190":"A","1191":"A","1192":"E","1193":";","1194":"Q","1195":"A","1196":"C","1197":"n","1198":"D","1199":",","1200":"K","1201":"A","1202":"A","1203":"K","1204":",","1205":"E","1206":"A","1207":"A","1208":"E","1209":",","1210":"Y","1211":"A","1212":"A","1213":"Y","1214":",","1215":"C","1216":"A","1217":"A","1218":"C","1219":",","1220":"O","1221":"A","1222":"A","1223":"O","1224":",","1225":"C","1226":"A","1227":"A","1228":"C","1229":",","1230":"O","1231":"A","1232":"A","1233":"O","1234":",","1235":"C","1236":"A","1237":"A","1238":"C","1239":";","1240":"Q","1241":"A","1242":"C","1243":"p","1244":"C","1245":",","1246":"I","1247":"A","1248":"A","1249":"I","1250":",","1251":"E","1252":"A","1253":"A","1254":"E","1255":",","1256":"Y","1257":"A","1258":"A","1259":"Y","1260":",","1261":"C","1262":"A","1263":"A","1264":"C","1265":",","1266":"O","1267":"A","1268":"A","1269":"O","1270":",","1271":"C","1272":"A","1273":"A","1274":"C","1275":",","1276":"M","1277":"A","1278":"A","1279":"M","1280":";","1281":"M","1282":"A","1283":"C","1284":"n","1285":"C","1286":",","1287":"C","1288":"A","1289":"A","1290":"C","1291":",","1292":"C","1293":"A","1294":"A","1295":"C","1296":";","1297":"M","1298":"A","1299":"E","1300":"F","1301":",","1302":"I","1303":"A","1304":"A","1305":"I","1306":",","1307":"Y","1308":"A","1309":"A","1310":"Y","1311":",","1312":"C","1313":"A","1314":"A","1315":"C","1316":",","1317":"O","1318":"A","1319":"A","1320":"O","1321":",","1322":"C","1323":"A","1324":"A","1325":"C","1326":",","1327":"O","1328":"A","1329":"A","1330":"O","1331":",","1332":"C","1333":"A","1334":"A","1335":"C","1336":",","1337":"E","1338":"A","1339":"A","1340":"E","1341":",","1342":"I","1343":"A","1344":"A","1345":"I","1346":",","1347":"C","1348":"A","1349":"A","1350":"C","1351":",","1352":"Q","1353":"A","1354":"A","1355":"Q","1356":",","1357":"G","1358":"A","1359":"A","1360":"G","1361":",","1362":"I","1363":"A","1364":"A","1365":"I","1366":";","1367":"M","1368":"A","1369":"C","1370":"v","1371":"D","1372":",","1373":"I","1374":"A","1375":"A","1376":"I","1377":",","1378":"I","1379":"A","1380":"A","1381":"I","1382":",","1383":"C","1384":"A","1385":"A","1386":"C","1387":",","1388":"q","1389":"B","1390":"A","1391":"A","1392":"q","1393":"B","1394":",","1395":"C","1396":"A","1397":"A","1398":"C","1399":",","1400":"E","1401":"A","1402":"A","1403":"E","1404":";","1405":"Q","1406":"A","1407":"C","1408":"/","1409":"B","1410":";","1411":"Q","1412":"A","1413":"C","1414":"A","1415":",","1416":"I","1417":"A","1418":"A","1419":"I","1420":",","1421":"C","1422":"A","1423":"A","1424":"C","1425":",","1426":"W","1427":"A","1428":"A","1429":"W","1430":",","1431":"G","1432":"A","1433":"A","1434":"G","1435":",","1436":"I","1437":"A","1438":"A","1439":"I","1440":",","1441":"C","1442":"A","1443":"A","1444":"C","1445":",","1446":"q","1447":"B","1448":"A","1449":"A","1450":"q","1451":"B","1452":",","1453":"C","1454":"A","1455":"A","1456":"C","1457":",","1458":"C","1459":"A","1460":"A","1461":"C","1462":",","1463":"I","1464":"A","1465":"A","1466":"I","1467":";","1468":"Q","1469":"A","1470":"C","1471":"n","1472":"D","1473":",","1474":"I","1475":"A","1476":"A","1477":"I","1478":",","1479":"C","1480":"A","1481":"A","1482":"C","1483":",","1484":"Q","1485":"A","1486":"A","1487":"Q","1488":",","1489":"G","1490":"A","1491":"A","1492":"G","1493":",","1494":"I","1495":"A","1496":"A","1497":"I","1498":",","1499":"C","1500":"A","1501":"A","1502":"C","1503":",","1504":"q","1505":"B","1506":"A","1507":"A","1508":"q","1509":"B","1510":",","1511":"C","1512":"A","1513":"A","1514":"C","1515":",","1516":"C","1517":"A","1518":"A","1519":"C","1520":",","1521":"I","1522":"A","1523":"A","1524":"I","1525":",","1526":"C","1527":"A","1528":"A","1529":"C","1530":",","1531":"I","1532":"A","1533":"A","1534":"I","1535":";","1536":"M","1537":"A","1538":"C","1539":"v","1540":"D","1541":";","1542":"I","1543":"A","1544":"C","1545":"F","1546":";","1547":"E","1548":"A","1549":"C","1550":"F","1551":",","1552":"C","1553":"A","1554":"A","1555":"C","1556":";","1557":"E","1558":"A","1559":"E","1560":"D","1561":",","1562":"M","1563":"A","1564":"A","1565":"M","1566":",","1567":"O","1568":"A","1569":"A","1570":"O","1571":",","1572":"G","1573":"A","1574":"A","1575":"G","1576":";","1577":"I","1578":"A","1579":"C","1580":"d","1581":",","1582":"M","1583":"A","1584":"A","1585":"M","1586":",","1587":"I","1588":"A","1589":"A","1590":"I","1591":",","1592":"C","1593":"A","1594":"A","1595":"C","1596":",","1597":"K","1598":"A","1599":"A","1600":"K","1601":",","1602":"C","1603":"A","1604":"A","1605":"C","1606":",","1607":"C","1608":"A","1609":"A","1610":"C","1611":";","1612":"E","1613":"A","1614":"C","1615":"p","1616":"B","1617":";","1618":"A","1619":"A","1620":"C","1621":"F","1622":",","1623":"C","1624":"A","1625":"A","1626":"C","1627":"\"","1628":",","1629":"\"","1630":"f","1631":"i","1632":"l","1633":"e","1634":"\"","1635":":","1636":"\"","1637":"/","1638":"h","1639":"o","1640":"m","1641":"e","1642":"/","1643":"k","1644":"a","1645":"u","1646":"s","1647":"h","1648":"i","1649":"k","1650":"/","1651":"D","1652":"o","1653":"c","1654":"u","1655":"m","1656":"e","1657":"n","1658":"t","1659":"s","1660":"/","1661":"O","1662":"c","1663":"t","1664":"o","1665":"b","1666":"e","1667":"r","1668":"/","1669":"U","1670":"d","1671":"e","1672":"m","1673":"y","1674":"C","1675":"l","1676":"o","1677":"n","1678":"e","1679":"/","1680":"f","1681":"r","1682":"o","1683":"n","1684":"t","1685":"e","1686":"n","1687":"d","1688":"/","1689":"s","1690":"r","1691":"c","1692":"/","1693":"c","1694":"o","1695":"m","1696":"p","1697":"o","1698":"n","1699":"e","1700":"n","1701":"t","1702":"s","1703":"/","1704":"c","1705":"o","1706":"m","1707":"m","1708":"o","1709":"n","1710":"/","1711":"p","1712":"r","1713":"o","1714":"f","1715":"i","1716":"l","1717":"e","1718":"C","1719":"h","1720":"i","1721":"p","1722":".","1723":"v","1724":"u","1725":"e","1726":"\"","1727":",","1728":"\"","1729":"s","1730":"o","1731":"u","1732":"r","1733":"c","1734":"e","1735":"s","1736":"C","1737":"o","1738":"n","1739":"t","1740":"e","1741":"n","1742":"t","1743":"\"","1744":":","1745":"[","1746":"\"","1747":"<","1748":"t","1749":"e","1750":"m","1751":"p","1752":"l","1753":"a","1754":"t","1755":"e","1756":">","1757":"\\","1758":"n","1759":" ","1760":" ","1761":"<","1762":"!","1763":"-","1764":"-","1765":" ","1766":"u","1767":"s","1768":"e","1769":"r","1770":" ","1771":"P","1772":"r","1773":"o","1774":"f","1775":"i","1776":"l","1777":"e","1778":" ","1779":"c","1780":"h","1781":"i","1782":"p","1783":" ","1784":"-","1785":"-","1786":">","1787":"\\","1788":"n","1789":" ","1790":" ","1791":"<","1792":"d","1793":"i","1794":"v","1795":" ","1796":"v","1797":"-","1798":"i","1799":"f","1800":"=","1801":"\\","1802":"\"","1803":"u","1804":"s","1805":"e","1806":"r","1807":"D","1808":"e","1809":"t","1810":"a","1811":"i","1812":"l","1813":"s","1814":".","1815":"n","1816":"a","1817":"m","1818":"e","1819":"\\","1820":"\"","1821":">","1822":"\\","1823":"n","1824":" ","1825":" ","1826":" ","1827":" ","1828":"<","1829":"v","1830":"-","1831":"m","1832":"e","1833":"n","1834":"u","1835":"\\","1836":"n","1837":" ","1838":" ","1839":" ","1840":" ","1841":" ","1842":" ","1843":"v","1844":"-","1845":"m","1846":"o","1847":"d","1848":"e","1849":"l","1850":"=","1851":"\\","1852":"\"","1853":"m","1854":"e","1855":"n","1856":"u","1857":"\\","1858":"\"","1859":"\\","1860":"n","1861":" ","1862":" ","1863":" ","1864":" ","1865":" ","1866":" ","1867":"l","1868":"o","1869":"c","1870":"a","1871":"t","1872":"i","1873":"o","1874":"n","1875":"=","1876":"\\","1877":"\"","1878":"t","1879":"o","1880":"p","1881":" ","1882":"s","1883":"t","1884":"a","1885":"r","1886":"t","1887":"\\","1888":"\"","1889":"\\","1890":"n","1891":" ","1892":" ","1893":" ","1894":" ","1895":" ","1896":" ","1897":"o","1898":"r","1899":"i","1900":"g","1901":"i","1902":"n","1903":"=","1904":"\\","1905":"\"","1906":"t","1907":"o","1908":"p","1909":" ","1910":"s","1911":"t","1912":"a","1913":"r","1914":"t","1915":"\\","1916":"\"","1917":"\\","1918":"n","1919":" ","1920":" ","1921":" ","1922":" ","1923":" ","1924":" ","1925":"t","1926":"r","1927":"a","1928":"n","1929":"s","1930":"i","1931":"t","1932":"i","1933":"o","1934":"n","1935":"=","1936":"\\","1937":"\"","1938":"s","1939":"c","1940":"a","1941":"l","1942":"e","1943":"-","1944":"t","1945":"r","1946":"a","1947":"n","1948":"s","1949":"i","1950":"t","1951":"i","1952":"o","1953":"n","1954":"\\","1955":"\"","1956":"\\","1957":"n","1958":" ","1959":" ","1960":" ","1961":" ","1962":">","1963":"\\","1964":"n","1965":" ","1966":" ","1967":" ","1968":" ","1969":" ","1970":" ","1971":"<","1972":"t","1973":"e","1974":"m","1975":"p","1976":"l","1977":"a","1978":"t","1979":"e","1980":" ","1981":"v","1982":"-","1983":"s","1984":"l","1985":"o","1986":"t","1987":":","1988":"a","1989":"c","1990":"t","1991":"i","1992":"v","1993":"a","1994":"t","1995":"o","1996":"r","1997":"=","1998":"\\","1999":"\"","2000":"{","2001":" ","2002":"p","2003":"r","2004":"o","2005":"p","2006":"s","2007":" ","2008":"}","2009":"\\","2010":"\"","2011":">","2012":"\\","2013":"n","2014":" ","2015":" ","2016":" ","2017":" ","2018":" ","2019":" ","2020":" ","2021":" ","2022":"<","2023":"v","2024":"-","2025":"c","2026":"h","2027":"i","2028":"p","2029":" ","2030":"p","2031":"i","2032":"l","2033":"l","2034":" ","2035":"v","2036":"-","2037":"b","2038":"i","2039":"n","2040":"d","2041":"=","2042":"\\","2043":"\"","2044":"p","2045":"r","2046":"o","2047":"p","2048":"s","2049":"\\","2050":"\"","2051":" ","2052":"l","2053":"i","2054":"n","2055":"k","2056":">","2057":"\\","2058":"n","2059":" ","2060":" ","2061":" ","2062":" ","2063":" ","2064":" ","2065":" ","2066":" ","2067":" ","2068":" ","2069":"<","2070":"v","2071":"-","2072":"a","2073":"v","2074":"a","2075":"t","2076":"a","2077":"r","2078":" ","2079":"s","2080":"t","2081":"a","2082":"r","2083":"t","2084":">","2085":"\\","2086":"n","2087":" ","2088":" ","2089":" ","2090":" ","2091":" ","2092":" ","2093":" ","2094":" ","2095":" ","2096":" ","2097":" ","2098":" ","2099":"<","2100":"v","2101":"-","2102":"i","2103":"m","2104":"g","2105":"\\","2106":"n","2107":" ","2108":" ","2109":" ","2110":" ","2111":" ","2112":" ","2113":" ","2114":" ","2115":" ","2116":" ","2117":" ","2118":" ","2119":" ","2120":" ","2121":"v","2122":"-","2123":"i","2124":"f","2125":"=","2126":"\\","2127":"\"","2128":"u","2129":"s","2130":"e","2131":"r","2132":"D","2133":"e","2134":"t","2135":"a","2136":"i","2137":"l","2138":"s","2139":".","2140":"p","2141":"r","2142":"o","2143":"f","2144":"i","2145":"l","2146":"e","2147":"I","2148":"m","2149":"a","2150":"g","2151":"e","2152":"\\","2153":"\"","2154":"\\","2155":"n","2156":" ","2157":" ","2158":" ","2159":" ","2160":" ","2161":" ","2162":" ","2163":" ","2164":" ","2165":" ","2166":" ","2167":" ","2168":" ","2169":" ","2170":":","2171":"s","2172":"r","2173":"c","2174":"=","2175":"\\","2176":"\"","2177":"`","2178":"h","2179":"t","2180":"t","2181":"p","2182":":","2183":"/","2184":"/","2185":"l","2186":"o","2187":"c","2188":"a","2189":"l","2190":"h","2191":"o","2192":"s","2193":"t","2194":":","2195":"3","2196":"0","2197":"0","2198":"0","2199":"/","2200":"I","2201":"m","2202":"a","2203":"g","2204":"e","2205":"s","2206":"/","2207":"$","2208":"{","2209":"u","2210":"s","2211":"e","2212":"r","2213":"D","2214":"e","2215":"t","2216":"a","2217":"i","2218":"l","2219":"s","2220":".","2221":"p","2222":"r","2223":"o","2224":"f","2225":"i","2226":"l","2227":"e","2228":"I","2229":"m","2230":"a","2231":"g","2232":"e","2233":"}","2234":"`","2235":"\\","2236":"\"","2237":"\\","2238":"n","2239":" ","2240":" ","2241":" ","2242":" ","2243":" ","2244":" ","2245":" ","2246":" ","2247":" ","2248":" ","2249":" ","2250":" ","2251":">","2252":"<","2253":"/","2254":"v","2255":"-","2256":"i","2257":"m","2258":"g","2259":">","2260":"\\","2261":"n","2262":" ","2263":" ","2264":" ","2265":" ","2266":" ","2267":" ","2268":" ","2269":" ","2270":" ","2271":" ","2272":" ","2273":" ","2274":"<","2275":"v","2276":"-","2277":"i","2278":"m","2279":"g","2280":" ","2281":"v","2282":"-","2283":"e","2284":"l","2285":"s","2286":"e","2287":" ","2288":"s","2289":"r","2290":"c","2291":"=","2292":"\\","2293":"\"","2294":".","2295":".","2296":"/","2297":".","2298":".","2299":"/","2300":"a","2301":"s","2302":"s","2303":"e","2304":"t","2305":"s","2306":"/","2307":"a","2308":"c","2309":"c","2310":"o","2311":"u","2312":"n","2313":"t","2314":".","2315":"s","2316":"v","2317":"g","2318":"\\","2319":"\"","2320":">","2321":"<","2322":"/","2323":"v","2324":"-","2325":"i","2326":"m","2327":"g","2328":">","2329":"\\","2330":"n","2331":" ","2332":" ","2333":" ","2334":" ","2335":" ","2336":" ","2337":" ","2338":" ","2339":" ","2340":" ","2341":"<","2342":"/","2343":"v","2344":"-","2345":"a","2346":"v","2347":"a","2348":"t","2349":"a","2350":"r","2351":">","2352":"\\","2353":"n","2354":" ","2355":" ","2356":" ","2357":" ","2358":" ","2359":" ","2360":" ","2361":" ","2362":" ","2363":" ","2364":"{","2365":"{","2366":" ","2367":"u","2368":"s","2369":"e","2370":"r","2371":"D","2372":"e","2373":"t","2374":"a","2375":"i","2376":"l","2377":"s","2378":".","2379":"n","2380":"a","2381":"m","2382":"e","2383":" ","2384":"}","2385":"}","2386":"\\","2387":"n","2388":" ","2389":" ","2390":" ","2391":" ","2392":" ","2393":" ","2394":" ","2395":" ","2396":" ","2397":" ","2398":"<","2399":"!","2400":"-","2401":"-","2402":" ","2403":"{","2404":"{","2405":"t","2406":"h","2407":"i","2408":"s","2409":"[","2410":"'","2411":"a","2412":"u","2413":"t","2414":"h","2415":"/","2416":"u","2417":"s","2418":"e","2419":"r","2420":"D","2421":"a","2422":"t","2423":"a","2424":"G","2425":"e","2426":"t","2427":"t","2428":"e","2429":"r","2430":"'","2431":"]","2432":".","2433":"u","2434":"s","2435":"e","2436":"r","2437":".","2438":"n","2439":"a","2440":"m","2441":"e","2442":"}","2443":"}","2444":" ","2445":"-","2446":"-","2447":">","2448":"\\","2449":"n","2450":" ","2451":" ","2452":" ","2453":" ","2454":" ","2455":" ","2456":" ","2457":" ","2458":"<","2459":"/","2460":"v","2461":"-","2462":"c","2463":"h","2464":"i","2465":"p","2466":">","2467":"\\","2468":"n","2469":" ","2470":" ","2471":" ","2472":" ","2473":" ","2474":" ","2475":"<","2476":"/","2477":"t","2478":"e","2479":"m","2480":"p","2481":"l","2482":"a","2483":"t","2484":"e","2485":">","2486":"\\","2487":"n","2488":"\\","2489":"n","2490":" ","2491":" ","2492":" ","2493":" ","2494":" ","2495":" ","2496":"<","2497":"v","2498":"-","2499":"l","2500":"i","2501":"s","2502":"t","2503":" ","2504":"b","2505":"g","2506":"-","2507":"c","2508":"o","2509":"l","2510":"o","2511":"r","2512":"=","2513":"\\","2514":"\"","2515":"w","2516":"h","2517":"i","2518":"t","2519":"e","2520":"\\","2521":"\"","2522":">","2523":"\\","2524":"n","2525":" ","2526":" ","2527":" ","2528":" ","2529":" ","2530":" ","2531":" ","2532":" ","2533":"<","2534":"v","2535":"-","2536":"l","2537":"i","2538":"s","2539":"t","2540":"-","2541":"i","2542":"t","2543":"e","2544":"m","2545":">","2546":"\\","2547":"n","2548":" ","2549":" ","2550":" ","2551":" ","2552":" ","2553":" ","2554":" ","2555":" ","2556":" ","2557":" ","2558":"<","2559":"t","2560":"e","2561":"m","2562":"p","2563":"l","2564":"a","2565":"t","2566":"e","2567":" ","2568":"v","2569":"-","2570":"s","2571":"l","2572":"o","2573":"t","2574":":","2575":"p","2576":"r","2577":"e","2578":"p","2579":"e","2580":"n","2581":"d","2582":">","2583":"\\","2584":"n","2585":" ","2586":" ","2587":" ","2588":" ","2589":" ","2590":" ","2591":" ","2592":" ","2593":" ","2594":" ","2595":" ","2596":" ","2597":"<","2598":"v","2599":"-","2600":"a","2601":"v","2602":"a","2603":"t","2604":"a","2605":"r","2606":"\\","2607":"n","2608":" ","2609":" ","2610":" ","2611":" ","2612":" ","2613":" ","2614":" ","2615":" ","2616":" ","2617":" ","2618":" ","2619":" ","2620":" ","2621":" ","2622":"v","2623":"-","2624":"i","2625":"f","2626":"=","2627":"\\","2628":"\"","2629":"u","2630":"s","2631":"e","2632":"r","2633":"D","2634":"e","2635":"t","2636":"a","2637":"i","2638":"l","2639":"s","2640":".","2641":"p","2642":"r","2643":"o","2644":"f","2645":"i","2646":"l","2647":"e","2648":"I","2649":"m","2650":"a","2651":"g","2652":"e","2653":"\\","2654":"\"","2655":"\\","2656":"n","2657":" ","2658":" ","2659":" ","2660":" ","2661":" ","2662":" ","2663":" ","2664":" ","2665":" ","2666":" ","2667":" ","2668":" ","2669":" ","2670":" ","2671":":","2672":"i","2673":"m","2674":"a","2675":"g","2676":"e","2677":"=","2678":"\\","2679":"\"","2680":"`","2681":"h","2682":"t","2683":"t","2684":"p","2685":":","2686":"/","2687":"/","2688":"l","2689":"o","2690":"c","2691":"a","2692":"l","2693":"h","2694":"o","2695":"s","2696":"t","2697":":","2698":"3","2699":"0","2700":"0","2701":"0","2702":"/","2703":"I","2704":"m","2705":"a","2706":"g","2707":"e","2708":"s","2709":"/","2710":"$","2711":"{","2712":"u","2713":"s","2714":"e","2715":"r","2716":"D","2717":"e","2718":"t","2719":"a","2720":"i","2721":"l","2722":"s","2723":".","2724":"p","2725":"r","2726":"o","2727":"f","2728":"i","2729":"l","2730":"e","2731":"I","2732":"m","2733":"a","2734":"g","2735":"e","2736":"}","2737":"`","2738":"\\","2739":"\"","2740":"\\","2741":"n","2742":" ","2743":" ","2744":" ","2745":" ","2746":" ","2747":" ","2748":" ","2749":" ","2750":" ","2751":" ","2752":" ","2753":" ","2754":">","2755":"<","2756":"/","2757":"v","2758":"-","2759":"a","2760":"v","2761":"a","2762":"t","2763":"a","2764":"r","2765":">","2766":"\\","2767":"n","2768":" ","2769":" ","2770":" ","2771":" ","2772":" ","2773":" ","2774":" ","2775":" ","2776":" ","2777":" ","2778":" ","2779":" ","2780":"<","2781":"v","2782":"-","2783":"a","2784":"v","2785":"a","2786":"t","2787":"a","2788":"r","2789":"\\","2790":"n","2791":" ","2792":" ","2793":" ","2794":" ","2795":" ","2796":" ","2797":" ","2798":" ","2799":" ","2800":" ","2801":" ","2802":" ","2803":" ","2804":" ","2805":"v","2806":"-","2807":"e","2808":"l","2809":"s","2810":"e","2811":"\\","2812":"n","2813":" ","2814":" ","2815":" ","2816":" ","2817":" ","2818":" ","2819":" ","2820":" ","2821":" ","2822":" ","2823":" ","2824":" ","2825":" ","2826":" ","2827":":","2828":"i","2829":"m","2830":"a","2831":"g","2832":"e","2833":"=","2834":"\\","2835":"\"","2836":"r","2837":"e","2838":"q","2839":"u","2840":"i","2841":"r","2842":"e","2843":"(","2844":"'","2845":"@","2846":"/","2847":"a","2848":"s","2849":"s","2850":"e","2851":"t","2852":"s","2853":"/","2854":"a","2855":"c","2856":"c","2857":"o","2858":"u","2859":"n","2860":"t","2861":".","2862":"s","2863":"v","2864":"g","2865":"'","2866":")","2867":"\\","2868":"\"","2869":"\\","2870":"n","2871":" ","2872":" ","2873":" ","2874":" ","2875":" ","2876":" ","2877":" ","2878":" ","2879":" ","2880":" ","2881":" ","2882":" ","2883":">","2884":"<","2885":"/","2886":"v","2887":"-","2888":"a","2889":"v","2890":"a","2891":"t","2892":"a","2893":"r","2894":">","2895":"\\","2896":"n","2897":" ","2898":" ","2899":" ","2900":" ","2901":" ","2902":" ","2903":" ","2904":" ","2905":" ","2906":" ","2907":"<","2908":"/","2909":"t","2910":"e","2911":"m","2912":"p","2913":"l","2914":"a","2915":"t","2916":"e","2917":">","2918":"\\","2919":"n","2920":"\\","2921":"n","2922":" ","2923":" ","2924":" ","2925":" ","2926":" ","2927":" ","2928":" ","2929":" ","2930":" ","2931":" ","2932":"<","2933":"v","2934":"-","2935":"l","2936":"i","2937":"s","2938":"t","2939":"-","2940":"i","2941":"t","2942":"e","2943":"m","2944":"-","2945":"t","2946":"i","2947":"t","2948":"l","2949":"e","2950":">","2951":"{","2952":"{","2953":" ","2954":"u","2955":"s","2956":"e","2957":"r","2958":"D","2959":"e","2960":"t","2961":"a","2962":"i","2963":"l","2964":"s","2965":".","2966":"n","2967":"a","2968":"m","2969":"e","2970":" ","2971":"}","2972":"}","2973":"<","2974":"/","2975":"v","2976":"-","2977":"l","2978":"i","2979":"s","2980":"t","2981":"-","2982":"i","2983":"t","2984":"e","2985":"m","2986":"-","2987":"t","2988":"i","2989":"t","2990":"l","2991":"e","2992":">","2993":"\\","2994":"n","2995":"\\","2996":"n","2997":" ","2998":" ","2999":" ","3000":" ","3001":" ","3002":" ","3003":" ","3004":" ","3005":" ","3006":" ","3007":"<","3008":"v","3009":"-","3010":"l","3011":"i","3012":"s","3013":"t","3014":"-","3015":"i","3016":"t","3017":"e","3018":"m","3019":"-","3020":"s","3021":"u","3022":"b","3023":"t","3024":"i","3025":"t","3026":"l","3027":"e","3028":">","3029":"{","3030":"{","3031":" ","3032":"u","3033":"s","3034":"e","3035":"r","3036":"D","3037":"e","3038":"t","3039":"a","3040":"i","3041":"l","3042":"s","3043":".","3044":"e","3045":"m","3046":"a","3047":"i","3048":"l","3049":" ","3050":"}","3051":"}","3052":"<","3053":"/","3054":"v","3055":"-","3056":"l","3057":"i","3058":"s","3059":"t","3060":"-","3061":"i","3062":"t","3063":"e","3064":"m","3065":"-","3066":"s","3067":"u","3068":"b","3069":"t","3070":"i","3071":"t","3072":"l","3073":"e","3074":">","3075":"\\","3076":"n","3077":"\\","3078":"n","3079":" ","3080":" ","3081":" ","3082":" ","3083":" ","3084":" ","3085":" ","3086":" ","3087":" ","3088":" ","3089":"<","3090":"t","3091":"e","3092":"m","3093":"p","3094":"l","3095":"a","3096":"t","3097":"e","3098":" ","3099":"v","3100":"-","3101":"s","3102":"l","3103":"o","3104":"t","3105":":","3106":"a","3107":"p","3108":"p","3109":"e","3110":"n","3111":"d","3112":">","3113":"\\","3114":"n","3115":" ","3116":" ","3117":" ","3118":" ","3119":" ","3120":" ","3121":" ","3122":" ","3123":" ","3124":" ","3125":" ","3126":" ","3127":"<","3128":"v","3129":"-","3130":"b","3131":"t","3132":"n","3133":" ","3134":"i","3135":"c","3136":"o","3137":"n","3138":" ","3139":"v","3140":"a","3141":"r","3142":"i","3143":"a","3144":"n","3145":"t","3146":"=","3147":"\\","3148":"\"","3149":"t","3150":"e","3151":"x","3152":"t","3153":"\\","3154":"\"","3155":" ","3156":"@","3157":"c","3158":"l","3159":"i","3160":"c","3161":"k","3162":"=","3163":"\\","3164":"\"","3165":"m","3166":"e","3167":"n","3168":"u","3169":" ","3170":"=","3171":" ","3172":"f","3173":"a","3174":"l","3175":"s","3176":"e","3177":"\\","3178":"\"","3179":">","3180":"\\","3181":"n","3182":" ","3183":" ","3184":" ","3185":" ","3186":" ","3187":" ","3188":" ","3189":" ","3190":" ","3191":" ","3192":" ","3193":" ","3194":" ","3195":" ","3196":"<","3197":"v","3198":"-","3199":"i","3200":"c","3201":"o","3202":"n","3203":">","3204":"m","3205":"d","3206":"i","3207":"-","3208":"c","3209":"l","3210":"o","3211":"s","3212":"e","3213":"-","3214":"c","3215":"i","3216":"r","3217":"c","3218":"l","3219":"e","3220":"<","3221":"/","3222":"v","3223":"-","3224":"i","3225":"c","3226":"o","3227":"n","3228":">","3229":"\\","3230":"n","3231":" ","3232":" ","3233":" ","3234":" ","3235":" ","3236":" ","3237":" ","3238":" ","3239":" ","3240":" ","3241":" ","3242":" ","3243":"<","3244":"/","3245":"v","3246":"-","3247":"b","3248":"t","3249":"n","3250":">","3251":"\\","3252":"n","3253":" ","3254":" ","3255":" ","3256":" ","3257":" ","3258":" ","3259":" ","3260":" ","3261":" ","3262":" ","3263":"<","3264":"/","3265":"t","3266":"e","3267":"m","3268":"p","3269":"l","3270":"a","3271":"t","3272":"e","3273":">","3274":"\\","3275":"n","3276":" ","3277":" ","3278":" ","3279":" ","3280":" ","3281":" ","3282":" ","3283":" ","3284":"<","3285":"/","3286":"v","3287":"-","3288":"l","3289":"i","3290":"s","3291":"t","3292":"-","3293":"i","3294":"t","3295":"e","3296":"m","3297":">","3298":"\\","3299":"n","3300":" ","3301":" ","3302":" ","3303":" ","3304":" ","3305":" ","3306":"<","3307":"/","3308":"v","3309":"-","3310":"l","3311":"i","3312":"s","3313":"t","3314":">","3315":"\\","3316":"n","3317":"\\","3318":"n","3319":" ","3320":" ","3321":" ","3322":" ","3323":" ","3324":" ","3325":"<","3326":"v","3327":"-","3328":"l","3329":"i","3330":"s","3331":"t","3332":">","3333":"\\","3334":"n","3335":" ","3336":" ","3337":" ","3338":" ","3339":" ","3340":" ","3341":" ","3342":" ","3343":"<","3344":"v","3345":"-","3346":"l","3347":"i","3348":"s","3349":"t","3350":"-","3351":"i","3352":"t","3353":"e","3354":"m","3355":" ","3356":"l","3357":"i","3358":"n","3359":"k","3360":" ","3361":"p","3362":"r","3363":"e","3364":"p","3365":"e","3366":"n","3367":"d","3368":"-","3369":"i","3370":"c","3371":"o","3372":"n","3373":"=","3374":"\\","3375":"\"","3376":"m","3377":"d","3378":"i","3379":"-","3380":"p","3381":"e","3382":"n","3383":"c","3384":"i","3385":"l","3386":"\\","3387":"\"","3388":">","3389":"\\","3390":"n","3391":" ","3392":" ","3393":" ","3394":" ","3395":" ","3396":" ","3397":" ","3398":" ","3399":" ","3400":" ","3401":"<","3402":"v","3403":"-","3404":"l","3405":"i","3406":"s","3407":"t","3408":"-","3409":"i","3410":"t","3411":"e","3412":"m","3413":"-","3414":"s","3415":"u","3416":"b","3417":"t","3418":"i","3419":"t","3420":"l","3421":"e","3422":">","3423":"E","3424":"d","3425":"i","3426":"t","3427":" ","3428":"<","3429":"/","3430":"v","3431":"-","3432":"l","3433":"i","3434":"s","3435":"t","3436":"-","3437":"i","3438":"t","3439":"e","3440":"m","3441":"-","3442":"s","3443":"u","3444":"b","3445":"t","3446":"i","3447":"t","3448":"l","3449":"e","3450":">","3451":"\\","3452":"n","3453":"\\","3454":"n","3455":" ","3456":" ","3457":" ","3458":" ","3459":" ","3460":" ","3461":" ","3462":" ","3463":" ","3464":" ","3465":"<","3466":"!","3467":"-","3468":"-","3469":" ","3470":"P","3471":"r","3472":"o","3473":"f","3474":"i","3475":"l","3476":"e","3477":" ","3478":"E","3479":"d","3480":"i","3481":"t","3482":" ","3483":"D","3484":"i","3485":"a","3486":"l","3487":"o","3488":"g","3489":" ","3490":"-","3491":"-","3492":">","3493":"\\","3494":"n","3495":" ","3496":" ","3497":" ","3498":" ","3499":" ","3500":" ","3501":" ","3502":" ","3503":" ","3504":" ","3505":"<","3506":"v","3507":"-","3508":"d","3509":"i","3510":"a","3511":"l","3512":"o","3513":"g","3514":"\\","3515":"n","3516":" ","3517":" ","3518":" ","3519":" ","3520":" ","3521":" ","3522":" ","3523":" ","3524":" ","3525":" ","3526":" ","3527":" ","3528":"v","3529":"-","3530":"m","3531":"o","3532":"d","3533":"e","3534":"l","3535":"=","3536":"\\","3537":"\"","3538":"e","3539":"d","3540":"i","3541":"t","3542":"D","3543":"i","3544":"a","3545":"l","3546":"o","3547":"g","3548":"\\","3549":"\"","3550":"\\","3551":"n","3552":" ","3553":" ","3554":" ","3555":" ","3556":" ","3557":" ","3558":" ","3559":" ","3560":" ","3561":" ","3562":" ","3563":" ","3564":"a","3565":"c","3566":"t","3567":"i","3568":"v","3569":"a","3570":"t","3571":"o","3572":"r","3573":"=","3574":"\\","3575":"\"","3576":"p","3577":"a","3578":"r","3579":"e","3580":"n","3581":"t","3582":"\\","3583":"\"","3584":"\\","3585":"n","3586":" ","3587":" ","3588":" ","3589":" ","3590":" ","3591":" ","3592":" ","3593":" ","3594":" ","3595":" ","3596":" ","3597":" ","3598":"w","3599":"i","3600":"d","3601":"t","3602":"h","3603":"=","3604":"\\","3605":"\"","3606":"6","3607":"0","3608":"%","3609":"\\","3610":"\"","3611":"\\","3612":"n","3613":" ","3614":" ","3615":" ","3616":" ","3617":" ","3618":" ","3619":" ","3620":" ","3621":" ","3622":" ","3623":" ","3624":" ","3625":"h","3626":"e","3627":"i","3628":"g","3629":"h","3630":"t","3631":"=","3632":"\\","3633":"\"","3634":"8","3635":"0","3636":"%","3637":"\\","3638":"\"","3639":"\\","3640":"n","3641":" ","3642":" ","3643":" ","3644":" ","3645":" ","3646":" ","3647":" ","3648":" ","3649":" ","3650":" ","3651":">","3652":"\\","3653":"n","3654":" ","3655":" ","3656":" ","3657":" ","3658":" ","3659":" ","3660":" ","3661":" ","3662":" ","3663":" ","3664":"<","3665":"v","3666":"-","3667":"c","3668":"a","3669":"r","3670":"d","3671":">","3672":"\\","3673":"n","3674":" ","3675":" ","3676":" ","3677":" ","3678":" ","3679":" ","3680":" ","3681":" ","3682":" ","3683":" ","3684":" ","3685":" ","3686":"<","3687":"v","3688":"-","3689":"c","3690":"a","3691":"r","3692":"d","3693":" ","3694":"s","3695":"t","3696":"y","3697":"l","3698":"e","3699":"=","3700":"\\","3701":"\"","3702":"w","3703":"i","3704":"d","3705":"t","3706":"h","3707":":","3708":" ","3709":"9","3710":"0","3711":"%","3712":";","3713":" ","3714":"m","3715":"a","3716":"r","3717":"g","3718":"i","3719":"n","3720":":","3721":" ","3722":"4","3723":"%","3724":";","3725":" ","3726":"d","3727":"i","3728":"s","3729":"p","3730":"l","3731":"a","3732":"y","3733":":","3734":" ","3735":"i","3736":"n","3737":"l","3738":"i","3739":"n","3740":"e","3741":";","3742":"\\","3743":"\"","3744":" ","3745":"e","3746":"l","3747":"e","3748":"v","3749":"a","3750":"t","3751":"i","3752":"o","3753":"n","3754":"=","3755":"\\","3756":"\"","3757":"0","3758":"\\","3759":"\"","3760":">","3761":"\\","3762":"n","3763":" ","3764":" ","3765":" ","3766":" ","3767":" ","3768":" ","3769":" ","3770":" ","3771":" ","3772":" ","3773":" ","3774":" ","3775":" ","3776":" ","3777":"<","3778":"v","3779":"-","3780":"b","3781":"t","3782":"n","3783":"\\","3784":"n","3785":" ","3786":" ","3787":" ","3788":" ","3789":" ","3790":" ","3791":" ","3792":" ","3793":" ","3794":" ","3795":" ","3796":" ","3797":" ","3798":" ","3799":" ","3800":" ","3801":"s","3802":"t","3803":"y","3804":"l","3805":"e","3806":"=","3807":"\\","3808":"\"","3809":"m","3810":"a","3811":"r","3812":"g","3813":"i","3814":"n","3815":"-","3816":"l","3817":"e","3818":"f","3819":"t","3820":":","3821":" ","3822":"9","3823":"0","3824":"%","3825":"\\","3826":"\"","3827":"\\","3828":"n","3829":" ","3830":" ","3831":" ","3832":" ","3833":" ","3834":" ","3835":" ","3836":" ","3837":" ","3838":" ","3839":" ","3840":" ","3841":" ","3842":" ","3843":" ","3844":" ","3845":"e","3846":"l","3847":"e","3848":"v","3849":"a","3850":"t","3851":"i","3852":"o","3853":"n","3854":"=","3855":"\\","3856":"\"","3857":"0","3858":"\\","3859":"\"","3860":"\\","3861":"n","3862":" ","3863":" ","3864":" ","3865":" ","3866":" ","3867":" ","3868":" ","3869":" ","3870":" ","3871":" ","3872":" ","3873":" ","3874":" ","3875":" ","3876":" ","3877":" ","3878":"@","3879":"c","3880":"l","3881":"i","3882":"c","3883":"k","3884":"=","3885":"\\","3886":"\"","3887":"e","3888":"d","3889":"i","3890":"t","3891":"D","3892":"i","3893":"a","3894":"l","3895":"o","3896":"g","3897":" ","3898":"=","3899":" ","3900":"f","3901":"a","3902":"l","3903":"s","3904":"e","3905":"\\","3906":"\"","3907":"\\","3908":"n","3909":" ","3910":" ","3911":" ","3912":" ","3913":" ","3914":" ","3915":" ","3916":" ","3917":" ","3918":" ","3919":" ","3920":" ","3921":" ","3922":" ","3923":">","3924":"\\","3925":"n","3926":" ","3927":" ","3928":" ","3929":" ","3930":" ","3931":" ","3932":" ","3933":" ","3934":" ","3935":" ","3936":" ","3937":" ","3938":" ","3939":" ","3940":" ","3941":" ","3942":"<","3943":"v","3944":"-","3945":"i","3946":"c","3947":"o","3948":"n","3949":" ","3950":"c","3951":"o","3952":"l","3953":"o","3954":"r","3955":"=","3956":"\\","3957":"\"","3958":"r","3959":"e","3960":"d","3961":"\\","3962":"\"","3963":" ","3964":"s","3965":"i","3966":"z","3967":"e","3968":"=","3969":"\\","3970":"\"","3971":"l","3972":"a","3973":"r","3974":"g","3975":"e","3976":"\\","3977":"\"","3978":">","3979":"m","3980":"d","3981":"i","3982":"-","3983":"c","3984":"l","3985":"o","3986":"s","3987":"e","3988":"-","3989":"c","3990":"i","3991":"r","3992":"c","3993":"l","3994":"e","3995":"<","3996":"/","3997":"v","3998":"-","3999":"i","4000":"c","4001":"o","4002":"n","4003":">","4004":"\\","4005":"n","4006":" ","4007":" ","4008":" ","4009":" ","4010":" ","4011":" ","4012":" ","4013":" ","4014":" ","4015":" ","4016":" ","4017":" ","4018":" ","4019":" ","4020":"<","4021":"/","4022":"v","4023":"-","4024":"b","4025":"t","4026":"n","4027":">","4028":"\\","4029":"n","4030":"\\","4031":"n","4032":" ","4033":" ","4034":" ","4035":" ","4036":" ","4037":" ","4038":" ","4039":" ","4040":" ","4041":" ","4042":" ","4043":" ","4044":" ","4045":" ","4046":"<","4047":"!","4048":"-","4049":"-","4050":" ","4051":"<","4052":"v","4053":"-","4054":"c","4055":"a","4056":"r","4057":"d","4058":" ","4059":"s","4060":"t","4061":"y","4062":"l","4063":"e","4064":"=","4065":"\\","4066":"\"","4067":"w","4068":"i","4069":"d","4070":"t","4071":"h","4072":":","4073":" ","4074":"9","4075":"5","4076":"%","4077":";","4078":" ","4079":"h","4080":"e","4081":"i","4082":"g","4083":"h","4084":"t","4085":":","4086":" ","4087":"9","4088":"5","4089":"%","4090":";","4091":" ","4092":"m","4093":"a","4094":"r","4095":"g","4096":"i","4097":"n","4098":":","4099":" ","4100":"a","4101":"u","4102":"t","4103":"o","4104":"\\","4105":"\"","4106":">","4107":" ","4108":"-","4109":"-","4110":">","4111":"\\","4112":"n","4113":" ","4114":" ","4115":" ","4116":" ","4117":" ","4118":" ","4119":" ","4120":" ","4121":" ","4122":" ","4123":" ","4124":" ","4125":" ","4126":" ","4127":" ","4128":" ","4129":"<","4130":"h","4131":"4","4132":">","4133":"E","4134":"d","4135":"i","4136":"t","4137":" ","4138":"P","4139":"r","4140":"o","4141":"f","4142":"i","4143":"l","4144":"e","4145":"<","4146":"/","4147":"h","4148":"4","4149":">","4150":"\\","4151":"n","4152":"\\","4153":"n","4154":" ","4155":" ","4156":" ","4157":" ","4158":" ","4159":" ","4160":" ","4161":" ","4162":" ","4163":" ","4164":" ","4165":" ","4166":" ","4167":" ","4168":" ","4169":" ","4170":"<","4171":"!","4172":"-","4173":"-","4174":" ","4175":"F","4176":"O","4177":"R","4178":"M","4179":" ","4180":"-","4181":"-","4182":">","4183":"\\","4184":"n","4185":" ","4186":" ","4187":" ","4188":" ","4189":" ","4190":" ","4191":" ","4192":" ","4193":" ","4194":" ","4195":" ","4196":" ","4197":" ","4198":" ","4199":" ","4200":" ","4201":"<","4202":"f","4203":"o","4204":"r","4205":"m","4206":">","4207":"\\","4208":"n","4209":" ","4210":" ","4211":" ","4212":" ","4213":" ","4214":" ","4215":" ","4216":" ","4217":" ","4218":" ","4219":" ","4220":" ","4221":" ","4222":" ","4223":" ","4224":" ","4225":" ","4226":" ","4227":"<","4228":"v","4229":"-","4230":"t","4231":"e","4232":"x","4233":"t","4234":"-","4235":"f","4236":"i","4237":"e","4238":"l","4239":"d","4240":"\\","4241":"n","4242":" ","4243":" ","4244":" ","4245":" ","4246":" ","4247":" ","4248":" ","4249":" ","4250":" ","4251":" ","4252":" ","4253":" ","4254":" ","4255":" ","4256":" ","4257":" ","4258":" ","4259":" ","4260":" ","4261":" ","4262":"v","4263":"-","4264":"m","4265":"o","4266":"d","4267":"e","4268":"l","4269":"=","4270":"\\","4271":"\"","4272":"e","4273":"d","4274":"i","4275":"t","4276":"N","4277":"a","4278":"m","4279":"e","4280":"\\","4281":"\"","4282":"\\","4283":"n","4284":" ","4285":" ","4286":" ","4287":" ","4288":" ","4289":" ","4290":" ","4291":" ","4292":" ","4293":" ","4294":" ","4295":" ","4296":" ","4297":" ","4298":" ","4299":" ","4300":" ","4301":" ","4302":" ","4303":" ","4304":"l","4305":"a","4306":"b","4307":"e","4308":"l","4309":"=","4310":"\\","4311":"\"","4312":"N","4313":"a","4314":"m","4315":"e","4316":"\\","4317":"\"","4318":"\\","4319":"n","4320":" ","4321":" ","4322":" ","4323":" ","4324":" ","4325":" ","4326":" ","4327":" ","4328":" ","4329":" ","4330":" ","4331":" ","4332":" ","4333":" ","4334":" ","4335":" ","4336":" ","4337":" ","4338":" ","4339":" ","4340":"r","4341":"e","4342":"q","4343":"u","4344":"i","4345":"r","4346":"e","4347":"d","4348":"\\","4349":"n","4350":" ","4351":" ","4352":" ","4353":" ","4354":" ","4355":" ","4356":" ","4357":" ","4358":" ","4359":" ","4360":" ","4361":" ","4362":" ","4363":" ","4364":" ","4365":" ","4366":" ","4367":" ","4368":">","4369":"<","4370":"/","4371":"v","4372":"-","4373":"t","4374":"e","4375":"x","4376":"t","4377":"-","4378":"f","4379":"i","4380":"e","4381":"l","4382":"d","4383":">","4384":"\\","4385":"n","4386":"\\","4387":"n","4388":" ","4389":" ","4390":" ","4391":" ","4392":" ","4393":" ","4394":" ","4395":" ","4396":" ","4397":" ","4398":" ","4399":" ","4400":" ","4401":" ","4402":" ","4403":" ","4404":" ","4405":" ","4406":"<","4407":"v","4408":"-","4409":"f","4410":"i","4411":"l","4412":"e","4413":"-","4414":"i","4415":"n","4416":"p","4417":"u","4418":"t","4419":"\\","4420":"n","4421":" ","4422":" ","4423":" ","4424":" ","4425":" ","4426":" ","4427":" ","4428":" ","4429":" ","4430":" ","4431":" ","4432":" ","4433":" ","4434":" ","4435":" ","4436":" ","4437":" ","4438":" ","4439":" ","4440":" ","4441":"l","4442":"a","4443":"b","4444":"e","4445":"l","4446":"=","4447":"\\","4448":"\"","4449":"C","4450":"h","4451":"a","4452":"n","4453":"g","4454":"e","4455":" ","4456":"P","4457":"r","4458":"o","4459":"f","4460":"i","4461":"l","4462":"e","4463":" ","4464":"I","4465":"m","4466":"a","4467":"g","4468":"e","4469":"\\","4470":"\"","4471":"\\","4472":"n","4473":" ","4474":" ","4475":" ","4476":" ","4477":" ","4478":" ","4479":" ","4480":" ","4481":" ","4482":" ","4483":" ","4484":" ","4485":" ","4486":" ","4487":" ","4488":" ","4489":" ","4490":" ","4491":" ","4492":" ","4493":"v","4494":"a","4495":"r","4496":"i","4497":"a","4498":"n","4499":"t","4500":"=","4501":"\\","4502":"\"","4503":"f","4504":"i","4505":"l","4506":"l","4507":"e","4508":"d","4509":"\\","4510":"\"","4511":"\\","4512":"n","4513":" ","4514":" ","4515":" ","4516":" ","4517":" ","4518":" ","4519":" ","4520":" ","4521":" ","4522":" ","4523":" ","4524":" ","4525":" ","4526":" ","4527":" ","4528":" ","4529":" ","4530":" ","4531":" ","4532":" ","4533":"p","4534":"r","4535":"e","4536":"p","4537":"e","4538":"n","4539":"d","4540":"-","4541":"i","4542":"c","4543":"o","4544":"n","4545":"=","4546":"\\","4547":"\"","4548":"m","4549":"d","4550":"i","4551":"-","4552":"c","4553":"a","4554":"m","4555":"e","4556":"r","4557":"a","4558":"\\","4559":"\"","4560":"\\","4561":"n","4562":" ","4563":" ","4564":" ","4565":" ","4566":" ","4567":" ","4568":" ","4569":" ","4570":" ","4571":" ","4572":" ","4573":" ","4574":" ","4575":" ","4576":" ","4577":" ","4578":" ","4579":" ","4580":" ","4581":" ","4582":"v","4583":"-","4584":"m","4585":"o","4586":"d","4587":"e","4588":"l","4589":"=","4590":"\\","4591":"\"","4592":"e","4593":"d","4594":"i","4595":"t","4596":"I","4597":"m","4598":"a","4599":"g","4600":"e","4601":"\\","4602":"\"","4603":"\\","4604":"n","4605":" ","4606":" ","4607":" ","4608":" ","4609":" ","4610":" ","4611":" ","4612":" ","4613":" ","4614":" ","4615":" ","4616":" ","4617":" ","4618":" ","4619":" ","4620":" ","4621":" ","4622":" ","4623":">","4624":"<","4625":"/","4626":"v","4627":"-","4628":"f","4629":"i","4630":"l","4631":"e","4632":"-","4633":"i","4634":"n","4635":"p","4636":"u","4637":"t","4638":">","4639":"\\","4640":"n","4641":"\\","4642":"n","4643":" ","4644":" ","4645":" ","4646":" ","4647":" ","4648":" ","4649":" ","4650":" ","4651":" ","4652":" ","4653":" ","4654":" ","4655":" ","4656":" ","4657":" ","4658":" ","4659":" ","4660":" ","4661":"<","4662":"v","4663":"-","4664":"b","4665":"t","4666":"n","4667":" ","4668":"c","4669":"l","4670":"a","4671":"s","4672":"s","4673":"=","4674":"\\","4675":"\"","4676":"m","4677":"e","4678":"-","4679":"4","4680":"\\","4681":"\"","4682":" ","4683":"@","4684":"c","4685":"l","4686":"i","4687":"c","4688":"k","4689":"=","4690":"\\","4691":"\"","4692":"e","4693":"d","4694":"i","4695":"t","4696":"P","4697":"r","4698":"o","4699":"f","4700":"i","4701":"l","4702":"e","4703":"\\","4704":"\"","4705":">","4706":" ","4707":"s","4708":"u","4709":"b","4710":"m","4711":"i","4712":"t","4713":" ","4714":"<","4715":"/","4716":"v","4717":"-","4718":"b","4719":"t","4720":"n","4721":">","4722":"\\","4723":"n","4724":" ","4725":" ","4726":" ","4727":" ","4728":" ","4729":" ","4730":" ","4731":" ","4732":" ","4733":" ","4734":" ","4735":" ","4736":" ","4737":" ","4738":" ","4739":" ","4740":" ","4741":" ","4742":"<","4743":"v","4744":"-","4745":"b","4746":"t","4747":"n","4748":" ","4749":"@","4750":"c","4751":"l","4752":"i","4753":"c","4754":"k","4755":"=","4756":"\\","4757":"\"","4758":"c","4759":"l","4760":"e","4761":"a","4762":"r","4763":"\\","4764":"\"","4765":">","4766":" ","4767":"c","4768":"l","4769":"e","4770":"a","4771":"r","4772":" ","4773":"<","4774":"/","4775":"v","4776":"-","4777":"b","4778":"t","4779":"n","4780":">","4781":"\\","4782":"n","4783":" ","4784":" ","4785":" ","4786":" ","4787":" ","4788":" ","4789":" ","4790":" ","4791":" ","4792":" ","4793":" ","4794":" ","4795":" ","4796":" ","4797":" ","4798":" ","4799":"<","4800":"/","4801":"f","4802":"o","4803":"r","4804":"m","4805":">","4806":"\\","4807":"n","4808":" ","4809":" ","4810":" ","4811":" ","4812":" ","4813":" ","4814":" ","4815":" ","4816":" ","4817":" ","4818":" ","4819":" ","4820":" ","4821":" ","4822":" ","4823":" ","4824":"<","4825":"v","4826":"-","4827":"c","4828":"a","4829":"r","4830":"d","4831":"-","4832":"a","4833":"c","4834":"t","4835":"i","4836":"o","4837":"n","4838":"s","4839":">","4840":" ","4841":"<","4842":"/","4843":"v","4844":"-","4845":"c","4846":"a","4847":"r","4848":"d","4849":"-","4850":"a","4851":"c","4852":"t","4853":"i","4854":"o","4855":"n","4856":"s","4857":">","4858":"\\","4859":"n","4860":" ","4861":" ","4862":" ","4863":" ","4864":" ","4865":" ","4866":" ","4867":" ","4868":" ","4869":" ","4870":" ","4871":" ","4872":" ","4873":" ","4874":"<","4875":"!","4876":"-","4877":"-","4878":" ","4879":"<","4880":"/","4881":"v","4882":"-","4883":"c","4884":"a","4885":"r","4886":"d","4887":">","4888":" ","4889":"-","4890":"-","4891":">","4892":"\\","4893":"n","4894":" ","4895":" ","4896":" ","4897":" ","4898":" ","4899":" ","4900":" ","4901":" ","4902":" ","4903":" ","4904":" ","4905":" ","4906":"<","4907":"/","4908":"v","4909":"-","4910":"c","4911":"a","4912":"r","4913":"d","4914":">","4915":"\\","4916":"n","4917":" ","4918":" ","4919":" ","4920":" ","4921":" ","4922":" ","4923":" ","4924":" ","4925":" ","4926":" ","4927":"<","4928":"/","4929":"v","4930":"-","4931":"c","4932":"a","4933":"r","4934":"d","4935":">","4936":"\\","4937":"n","4938":" ","4939":" ","4940":" ","4941":" ","4942":" ","4943":" ","4944":" ","4945":" ","4946":" ","4947":" ","4948":"<","4949":"/","4950":"v","4951":"-","4952":"d","4953":"i","4954":"a","4955":"l","4956":"o","4957":"g","4958":">","4959":"\\","4960":"n","4961":" ","4962":" ","4963":" ","4964":" ","4965":" ","4966":" ","4967":" ","4968":" ","4969":"<","4970":"/","4971":"v","4972":"-","4973":"l","4974":"i","4975":"s","4976":"t","4977":"-","4978":"i","4979":"t","4980":"e","4981":"m","4982":">","4983":"\\","4984":"n","4985":"\\","4986":"n","4987":" ","4988":" ","4989":" ","4990":" ","4991":" ","4992":" ","4993":" ","4994":"\\","4995":"n","4996":" ","4997":" ","4998":" ","4999":" ","5000":" ","5001":" ","5002":" ","5003":" ","5004":"<","5005":"!","5006":"-","5007":"-","5008":" ","5009":"L","5010":"o","5011":"g","5012":"o","5013":"u","5014":"t","5015":" ","5016":"-","5017":"-","5018":">","5019":"\\","5020":"n","5021":" ","5022":" ","5023":" ","5024":" ","5025":" ","5026":" ","5027":" ","5028":" ","5029":"<","5030":"v","5031":"-","5032":"l","5033":"i","5034":"s","5035":"t","5036":"-","5037":"i","5038":"t","5039":"e","5040":"m","5041":" ","5042":"l","5043":"i","5044":"n","5045":"k","5046":" ","5047":"p","5048":"r","5049":"e","5050":"p","5051":"e","5052":"n","5053":"d","5054":"-","5055":"i","5056":"c","5057":"o","5058":"n","5059":"=","5060":"\\","5061":"\"","5062":"m","5063":"d","5064":"i","5065":"-","5066":"l","5067":"o","5068":"g","5069":"o","5070":"u","5071":"t","5072":"\\","5073":"\"","5074":">","5075":"\\","5076":"n","5077":" ","5078":" ","5079":" ","5080":" ","5081":" ","5082":" ","5083":" ","5084":" ","5085":" ","5086":" ","5087":"<","5088":"v","5089":"-","5090":"l","5091":"i","5092":"s","5093":"t","5094":"-","5095":"i","5096":"t","5097":"e","5098":"m","5099":"-","5100":"s","5101":"u","5102":"b","5103":"t","5104":"i","5105":"t","5106":"l","5107":"e","5108":">","5109":"L","5110":"o","5111":"g","5112":"o","5113":"u","5114":"t","5115":"<","5116":"/","5117":"v","5118":"-","5119":"l","5120":"i","5121":"s","5122":"t","5123":"-","5124":"i","5125":"t","5126":"e","5127":"m","5128":"-","5129":"s","5130":"u","5131":"b","5132":"t","5133":"i","5134":"t","5135":"l","5136":"e","5137":">","5138":"\\","5139":"n","5140":" ","5141":" ","5142":" ","5143":" ","5144":" ","5145":" ","5146":" ","5147":" ","5148":" ","5149":" ","5150":"<","5151":"!","5152":"-","5153":"-","5154":" ","5155":"L","5156":"o","5157":"g","5158":"o","5159":"u","5160":"t","5161":" ","5162":"D","5163":"i","5164":"a","5165":"l","5166":"o","5167":"g","5168":" ","5169":"-","5170":"-","5171":">","5172":"\\","5173":"n","5174":" ","5175":" ","5176":" ","5177":" ","5178":" ","5179":" ","5180":" ","5181":" ","5182":" ","5183":" ","5184":"<","5185":"v","5186":"-","5187":"d","5188":"i","5189":"a","5190":"l","5191":"o","5192":"g","5193":"\\","5194":"n","5195":" ","5196":" ","5197":" ","5198":" ","5199":" ","5200":" ","5201":" ","5202":" ","5203":" ","5204":" ","5205":" ","5206":" ","5207":"v","5208":"-","5209":"m","5210":"o","5211":"d","5212":"e","5213":"l","5214":"=","5215":"\\","5216":"\"","5217":"l","5218":"o","5219":"g","5220":"o","5221":"u","5222":"t","5223":"D","5224":"i","5225":"a","5226":"l","5227":"o","5228":"g","5229":"\\","5230":"\"","5231":"\\","5232":"n","5233":" ","5234":" ","5235":" ","5236":" ","5237":" ","5238":" ","5239":" ","5240":" ","5241":" ","5242":" ","5243":" ","5244":" ","5245":"a","5246":"c","5247":"t","5248":"i","5249":"v","5250":"a","5251":"t","5252":"o","5253":"r","5254":"=","5255":"\\","5256":"\"","5257":"p","5258":"a","5259":"r","5260":"e","5261":"n","5262":"t","5263":"\\","5264":"\"","5265":"\\","5266":"n","5267":" ","5268":" ","5269":" ","5270":" ","5271":" ","5272":" ","5273":" ","5274":" ","5275":" ","5276":" ","5277":" ","5278":" ","5279":"p","5280":"e","5281":"r","5282":"s","5283":"i","5284":"s","5285":"t","5286":"e","5287":"n","5288":"t","5289":"\\","5290":"n","5291":" ","5292":" ","5293":" ","5294":" ","5295":" ","5296":" ","5297":" ","5298":" ","5299":" ","5300":" ","5301":" ","5302":" ","5303":"s","5304":"t","5305":"y","5306":"l","5307":"e","5308":"=","5309":"\\","5310":"\"","5311":"t","5312":"e","5313":"x","5314":"t","5315":"-","5316":"a","5317":"l","5318":"i","5319":"g","5320":"n","5321":":","5322":" ","5323":"c","5324":"e","5325":"n","5326":"t","5327":"e","5328":"r","5329":";","5330":" ","5331":"w","5332":"i","5333":"d","5334":"t","5335":"h","5336":":","5337":" ","5338":"4","5339":"0","5340":"%","5341":"\\","5342":"\"","5343":"\\","5344":"n","5345":" ","5346":" ","5347":" ","5348":" ","5349":" ","5350":" ","5351":" ","5352":" ","5353":" ","5354":" ","5355":">","5356":"\\","5357":"n","5358":" ","5359":" ","5360":" ","5361":" ","5362":" ","5363":" ","5364":" ","5365":" ","5366":" ","5367":" ","5368":" ","5369":" ","5370":"<","5371":"v","5372":"-","5373":"c","5374":"a","5375":"r","5376":"d","5377":" ","5378":"c","5379":"l","5380":"a","5381":"s","5382":"s","5383":"=","5384":"\\","5385":"\"","5386":"p","5387":"-","5388":"4","5389":" ","5390":"r","5391":"o","5392":"u","5393":"n","5394":"d","5395":"e","5396":"d","5397":"-","5398":"2","5399":"\\","5400":"\"","5401":">","5402":"\\","5403":"n","5404":" ","5405":" ","5406":" ","5407":" ","5408":" ","5409":" ","5410":" ","5411":" ","5412":" ","5413":" ","5414":" ","5415":" ","5416":" ","5417":" ","5418":"<","5419":"h","5420":"5","5421":">","5422":"A","5423":"r","5424":"e","5425":" ","5426":"y","5427":"o","5428":"u","5429":" ","5430":"s","5431":"u","5432":"r","5433":"e","5434":" ","5435":"y","5436":"o","5437":"u","5438":" ","5439":"w","5440":"a","5441":"n","5442":"t","5443":" ","5444":"t","5445":"o","5446":" ","5447":"<","5448":"s","5449":"p","5450":"a","5451":"n","5452":" ","5453":"c","5454":"l","5455":"a","5456":"s","5457":"s","5458":"=","5459":"\\","5460":"\"","5461":"t","5462":"e","5463":"x","5464":"t","5465":"-","5466":"r","5467":"e","5468":"d","5469":"\\","5470":"\"","5471":">","5472":"L","5473":"o","5474":"g","5475":"o","5476":"u","5477":"t","5478":"?","5479":"<","5480":"/","5481":"s","5482":"p","5483":"a","5484":"n","5485":">","5486":"<","5487":"/","5488":"h","5489":"5","5490":">","5491":"\\","5492":"n","5493":" ","5494":" ","5495":" ","5496":" ","5497":" ","5498":" ","5499":" ","5500":" ","5501":" ","5502":" ","5503":" ","5504":" ","5505":" ","5506":" ","5507":"<","5508":"!","5509":"-","5510":"-","5511":" ","5512":"d","5513":"i","5514":"a","5515":"l","5516":"o","5517":"g","5518":" ","5519":"b","5520":"u","5521":"t","5522":"o","5523":"n","5524":"s","5525":" ","5526":"-","5527":"-","5528":">","5529":"\\","5530":"n","5531":" ","5532":" ","5533":" ","5534":" ","5535":" ","5536":" ","5537":" ","5538":" ","5539":" ","5540":" ","5541":" ","5542":" ","5543":" ","5544":" ","5545":"<","5546":"v","5547":"-","5548":"c","5549":"a","5550":"r","5551":"d","5552":"-","5553":"a","5554":"c","5555":"t","5556":"i","5557":"o","5558":"n","5559":"s","5560":">","5561":"\\","5562":"n","5563":" ","5564":" ","5565":" ","5566":" ","5567":" ","5568":" ","5569":" ","5570":" ","5571":" ","5572":" ","5573":" ","5574":" ","5575":" ","5576":" ","5577":" ","5578":" ","5579":"<","5580":"v","5581":"-","5582":"c","5583":"o","5584":"l","5585":" ","5586":"c","5587":"o","5588":"l","5589":"s","5590":"=","5591":"\\","5592":"\"","5593":"6","5594":"\\","5595":"\"","5596":">","5597":"\\","5598":"n","5599":" ","5600":" ","5601":" ","5602":" ","5603":" ","5604":" ","5605":" ","5606":" ","5607":" ","5608":" ","5609":" ","5610":" ","5611":" ","5612":" ","5613":" ","5614":" ","5615":" ","5616":" ","5617":"<","5618":"v","5619":"-","5620":"b","5621":"t","5622":"n","5623":" ","5624":"e","5625":"l","5626":"e","5627":"v","5628":"a","5629":"t","5630":"i","5631":"o","5632":"n","5633":"=","5634":"\\","5635":"\"","5636":"2","5637":"\\","5638":"\"","5639":" ","5640":"c","5641":"o","5642":"l","5643":"o","5644":"r","5645":"=","5646":"\\","5647":"\"","5648":"r","5649":"e","5650":"d","5651":"-","5652":"d","5653":"a","5654":"r","5655":"k","5656":"e","5657":"n","5658":"-","5659":"2","5660":"\\","5661":"\"","5662":" ","5663":"v","5664":"a","5665":"r","5666":"i","5667":"a","5668":"n","5669":"t","5670":"=","5671":"\\","5672":"\"","5673":"t","5674":"e","5675":"x","5676":"t","5677":"\\","5678":"\"","5679":" ","5680":"@","5681":"c","5682":"l","5683":"i","5684":"c","5685":"k","5686":"=","5687":"\\","5688":"\"","5689":"l","5690":"o","5691":"g","5692":"o","5693":"u","5694":"t","5695":"\\","5696":"\"","5697":" ","5698":"a","5699":"p","5700":"p","5701":"e","5702":"n","5703":"d","5704":"-","5705":"i","5706":"c","5707":"o","5708":"n","5709":"=","5710":"\\","5711":"\"","5712":"m","5713":"d","5714":"i","5715":"-","5716":"l","5717":"o","5718":"g","5719":"o","5720":"u","5721":"t","5722":"\\","5723":"\"","5724":">","5725":"\\","5726":"n","5727":" ","5728":" ","5729":" ","5730":" ","5731":" ","5732":" ","5733":" ","5734":" ","5735":" ","5736":" ","5737":" ","5738":" ","5739":" ","5740":" ","5741":" ","5742":" ","5743":" ","5744":" ","5745":" ","5746":" ","5747":"Y","5748":"e","5749":"s","5750":"\\","5751":"n","5752":" ","5753":" ","5754":" ","5755":" ","5756":" ","5757":" ","5758":" ","5759":" ","5760":" ","5761":" ","5762":" ","5763":" ","5764":" ","5765":" ","5766":" ","5767":" ","5768":" ","5769":" ","5770":"<","5771":"/","5772":"v","5773":"-","5774":"b","5775":"t","5776":"n","5777":">","5778":"\\","5779":"n","5780":" ","5781":" ","5782":" ","5783":" ","5784":" ","5785":" ","5786":" ","5787":" ","5788":" ","5789":" ","5790":" ","5791":" ","5792":" ","5793":" ","5794":" ","5795":" ","5796":"<","5797":"/","5798":"v","5799":"-","5800":"c","5801":"o","5802":"l","5803":">","5804":"\\","5805":"n","5806":" ","5807":" ","5808":" ","5809":" ","5810":" ","5811":" ","5812":" ","5813":" ","5814":" ","5815":" ","5816":" ","5817":" ","5818":" ","5819":" ","5820":" ","5821":" ","5822":"<","5823":"v","5824":"-","5825":"c","5826":"o","5827":"l","5828":" ","5829":"c","5830":"o","5831":"l","5832":"s","5833":"=","5834":"\\","5835":"\"","5836":"6","5837":"\\","5838":"\"","5839":">","5840":"\\","5841":"n","5842":" ","5843":" ","5844":" ","5845":" ","5846":" ","5847":" ","5848":" ","5849":" ","5850":" ","5851":" ","5852":" ","5853":" ","5854":" ","5855":" ","5856":" ","5857":" ","5858":" ","5859":" ","5860":"<","5861":"v","5862":"-","5863":"b","5864":"t","5865":"n","5866":"\\","5867":"n","5868":" ","5869":" ","5870":" ","5871":" ","5872":" ","5873":" ","5874":" ","5
[...]
"6421":"e","6422":">","6423":"\\","6424":"n","6425":" ","6426":" ","6427":" ","6428":" ","6429":"\\","6430":"n","6431":" ","6432":" ","6433":" ","6434":" ","6435":"<","6436":"s","6437":"c","6438":"r","6439":"i","6440":"p","6441":"t","6442":">","6443":"\\","6444":"n","6445":"i","6446":"m","6447":"p","6448":"o","6449":"r","6450":"t","6451":" ","6452":"{","6453":" ","6454":"m","6455":"a","6456":"p","6457":"G","6458":"e","6459":"t","6460":"t","6461":"e","6462":"r","6463":"s","6464":" ","6465":"}","6466":" ","6467":"f","6468":"r","6469":"o","6470":"m","6471":" ","6472":"\\","6473":"\"","6474":"v","6475":"u","6476":"e","6477":"x","6478":"\\","6479":"\"","6480":";","6481":"\\","6482":"n","6483":"\\","6484":"n","6485":"e","6486":"x","6487":"p","6488":"o","6489":"r","6490":"t","6491":" ","6492":"d","6493":"e","6494":"f","6495":"a","6496":"u","6497":"l","6498":"t","6499":" ","6500":"{","6501":"\\","6502":"n","6503":" ","6504":" ","6505":"n","6506":"a","6507":"m","6508":"e","6509":":","6510":" ","6511":"\\","6512":"\"","6513":"P","6514":"r","6515":"o","6516":"f","6517":"i","6518":"l","6519":"e","6520":"C","6521":"h","6522":"i","6523":"p","6524":"\\","6525":"\"","6526":",","6527":"\\","6528":"n","6529":" ","6530":" ","6531":"c","6532":"o","6533":"m","6534":"p","6535":"u","6536":"t","6537":"e","6538":"d","6539":":","6540":" ","6541":"{","6542":"\\","6543":"n","6544":" ","6545":" ","6546":" ","6547":" ","6548":".","6549":".","6550":".","6551":"m","6552":"a","6553":"p","6554":"G","6555":"e","6556":"t","6557":"t","6558":"e","6559":"r","6560":"s","6561":"(","6562":"[","6563":"\\","6564":"\"","6565":"g","6566":"e","6567":"t","6568":"U","6569":"s","6570":"e","6571":"r","6572":"\\","6573":"\"","6574":",","6575":" ","6576":"\\","6577":"\"","6578":"a","6579":"u","6580":"t","6581":"h","6582":"/","6583":"t","6584":"o","6585":"k","6586":"e","6587":"n","6588":"G","6589":"e","6590":"t","6591":"t","6592":"e","6593":"r","6594":"\\","6595":"\"","6596":",","6597":" ","6598":"\\","6599":"\"","6600":"a","6601":"u","6602":"t","6603":"h","6604":"/","6605":"u","6606":"s","6607":"e","6608":"r","6609":"D","6610":"a","6611":"t","6612":"a","6613":"G","6614":"e","6615":"t","6616":"t","6617":"e","6618":"r","6619":"\\","6620":"\"","6621":"]","6622":")","6623":",","6624":"\\","6625":"n","6626":" ","6627":" ","6628":"}","6629":",","6630":"\\","6631":"n","6632":" ","6633":" ","6634":"d","6635":"a","6636":"t","6637":"a","6638":":","6639":" ","6640":"(","6641":")","6642":" ","6643":"=","6644":">","6645":" ","6646":"(","6647":"{","6648":"\\","6649":"n","6650":" ","6651":" ","6652":" ","6653":" ","6654":"i","6655":"s","6656":"L","6657":"o","6658":"g","6659":"g","6660":"e","6661":"d","6662":":","6663":" ","6664":"f","6665":"a","6666":"l","6667":"s","6668":"e","6669":",","6670":"\\","6671":"n","6672":" ","6673":" ","6674":" ","6675":" ","6676":"m","6677":"e","6678":"n","6679":"u","6680":":","6681":" ","6682":"f","6683":"a","6684":"l","6685":"s","6686":"e","6687":",","6688":"\\","6689":"n","6690":" ","6691":" ","6692":" ","6693":" ","6694":"u","6695":"s","6696":"e","6697":"r","6698":"D","6699":"e","6700":"t","6701":"a","6702":"i","6703":"l","6704":"s","6705":":","6706":" ","6707":"{","6708":"}","6709":",","6710":"\\","6711":"n","6712":" ","6713":" ","6714":" ","6715":" ","6716":"e","6717":"d","6718":"i","6719":"t","6720":"D","6721":"i","6722":"a","6723":"l","6724":"o","6725":"g","6726":":","6727":" ","6728":"f","6729":"a","6730":"l","6731":"s","6732":"e","6733":",","6734":"\\","6735":"n","6736":" ","6737":" ","6738":" ","6739":" ","6740":"e","6741":"d","6742":"i","6743":"t","6744":"I","6745":"m","6746":"a","6747":"g","6748":"e","6749":":","6750":" ","6751":"n","6752":"u","6753":"l","6754":"l","6755":",","6756":"\\","6757":"n","6758":" ","6759":" ","6760":" ","6761":" ","6762":"e","6763":"d","6764":"i","6765":"t","6766":"N","6767":"a","6768":"m","6769":"e","6770":":","6771":" ","6772":"\\","6773":"\"","6774":"\\","6775":"\"","6776":",","6777":"\\","6778":"n","6779":" ","6780":" ","6781":" ","6782":" ","6783":"l","6784":"o","6785":"g","6786":"o","6787":"u","6788":"t","6789":"D","6790":"i","6791":"a","6792":"l","6793":"o","6794":"g","6795":":","6796":" ","6797":"f","6798":"a","6799":"l","6800":"s","6801":"e","6802":",","6803":"\\","6804":"n","6805":" ","6806":" ","6807":"}","6808":")","6809":",","6810":"\\","6811":"n","6812":"\\","6813":"n","6814":" ","6815":" ","6816":"m","6817":"e","6818":"t","6819":"h","6820":"o","6821":"d","6822":"s","6823":":","6824":" ","6825":"{","6826":"\\","6827":"n","6828":" ","6829":" ","6830":" ","6831":" ","6832":"a","6833":"s","6834":"y","6835":"n","6836":"c","6837":" ","6838":"e","6839":"d","6840":"i","6841":"t","6842":"P","6843":"r","6844":"o","6845":"f","6846":"i","6847":"l","6848":"e","6849":"(","6850":")","6851":" ","6852":"{","6853":"\\","6854":"n","6855":"/","6856":"/","6857":" ","6858":"c","6859":"o","6860":"n","6861":"s","6862":"o","6863":"l","6864":"e","6865":".","6866":"l","6867":"o","6868":"g","6869":"(","6870":"t","6871":"h","6872":"i","6873":"s","6874":".","6875":"e","6876":"d","6877":"i","6878":"t","6879":"I","6880":"m","6881":"a","6882":"g","6883":"e","6884":"[","6885":"0","6886":"]","6887":")","6888":";","6889":"\\","6890":"n","6891":"\\","6892":"n","6893":" ","6894":" ","6895":" ","6896":" ","6897":" ","6898":" ","6899":"i","6900":"f","6901":" ","6902":"(","6903":"t","6904":"h","6905":"i","6906":"s","6907":".","6908":"e","6909":"d","6910":"i","6911":"t","6912":"N","6913":"a","6914":"m","6915":"e","6916":".","6917":"l","6918":"e","6919":"n","6920":"g","6921":"t","6922":"h","6923":" ","6924":">","6925":" ","6926":"2","6927":")","6928":" ","6929":"{","6930":"\\","6931":"n","6932":" ","6933":" ","6934":" ","6935":" ","6936":" ","6937":" ","6938":" ","6939":"a","6940":"w","6941":"a","6942":"i","6943":"t","6944":" ","6945":"t","6946":"h","6947":"i","6948":"s","6949":".","6950":"$","6951":"s","6952":"t","6953":"o","6954":"r","6955":"e","6956":".","6957":"d","6958":"i","6959":"s","6960":"p","6961":"a","6962":"t","6963":"c","6964":"h","6965":"(","6966":"\\","6967":"\"","6968":"a","6969":"u","6970":"t","6971":"h","6972":"/","6973":"e","6974":"d","6975":"i","6976":"t","6977":"P","6978":"r","6979":"o","6980":"f","6981":"i","6982":"l","6983":"e","6984":"A","6985":"c","6986":"t","6987":"i","6988":"o","6989":"n","6990":"\\","6991":"\"","6992":",","6993":" ","6994":"{","6995":"\\","6996":"n","6997":" ","6998":" ","6999":" ","7000":" ","7001":" ","7002":" ","7003":" ","7004":" ","7005":" ","7006":" ","7007":"n","7008":"a","7009":"m","7010":"e","7011":":","7012":" ","7013":"t","7014":"h","7015":"i","7016":"s","7017":".","7018":"e","7019":"d","7020":"i","7021":"t","7022":"N","7023":"a","7024":"m","7025":"e","7026":",","7027":"\\","7028":"n","7029":" ","7030":" ","7031":" ","7032":" ","7033":" ","7034":" ","7035":" ","7036":" ","7037":" ","7038":" ","7039":"i","7040":"m","7041":"a","7042":"g","7043":"e","7044":":","7045":" ","7046":"t","7047":"h","7048":"i","7049":"s","7050":".","7051":"e","7052":"d","7053":"i","7054":"t","7055":"I","7056":"m","7057":"a","7058":"g","7059":"e","7060":" ","7061":"!","7062":"=","7063":"=","7064":" ","7065":"n","7066":"u","7067":"l","7068":"l","7069":" ","7070":"?","7071":" ","7072":"t","7073":"h","7074":"i","7075":"s","7076":".","7077":"e","7078":"d","7079":"i","7080":"t","7081":"I","7082":"m","7083":"a","7084":"g","7085":"e","7086":"[","7087":"0","7088":"]","7089":" ","7090":":","7091":" ","7092":"\\","7093":"\"","7094":"\\","7095":"\"","7096":",","7097":"\\","7098":"n","7099":" ","7100":" ","7101":" ","7102":" ","7103":" ","7104":" ","7105":" ","7106":" ","7107":"}","7108":")","7109":";","7110":"\\","7111":"n","7112":" ","7113":" ","7114":" ","7115":" ","7116":" ","7117":" ","7118":"}","7119":"\\","7120":"n","7121":" ","7122":" ","7123":" ","7124":" ","7125":" ","7126":" ","7127":"t","7128":"h","7129":"i","7130":"s","7131":".","7132":"e","7133":"d","7134":"i","7135":"t","7136":"D","7137":"i","7138":"a","7139":"l","7140":"o","7141":"g","7142":" ","7143":"=","7144":" ","7145":"f","7146":"a","7147":"l","7148":"s","7149":"e","7150":";","7151":"\\","7152":"n","7153":" ","7154":" ","7155":" ","7156":" ","7157":" ","7158":" ","7159":"t","7160":"h","7161":"i","7162":"s","7163":".","7164":"e","7165":"d","7166":"i","7167":"t","7168":"I","7169":"m","7170":"a","7171":"g","7172":"e","7173":" ","7174":"=","7175":" ","7176":"n","7177":"u","7178":"l","7179":"l","7180":";","7181":"\\","7182":"n","7183":" ","7184":" ","7185":" ","7186":" ","7187":" ","7188":" ","7189":"/","7190":"/","7191":" ","7192":"a","7193":"w","7194":"a","7195":"i","7196":"t","7197":" ","7198":"t","7199":"h","7200":"i","7201":"s","7202":".","7203":"m","7204":"o","7205":"u","7206":"n","7207":"t","7208":"(","7209":")","7210":";","7211":"\\","7212":"n","7213":" ","7214":" ","7215":" ","7216":" ","7217":" ","7218":" ","7219":"a","7220":"w","7221":"a","7222":"i","7223":"t","7224":" ","7225":"t","7226":"h","7227":"i","7228":"s","7229":".","7230":"m","7231":"o","7232":"u","7233":"n","7234":"t","7235":"(","7236":")","7237":";","7238":"\\","7239":"n","7240":"\\","7241":"n","7242":" ","7243":" ","7244":" ","7245":" ","7246":"}","7247":",","7248":"\\","7249":"n","7250":"\\","7251":"n","7252":" ","7253":" ","7254":" ","7255":" ","7256":"a","7257":"s","7258":"y","7259":"n","7260":"c","7261":" ","7262":"l","7263":"o","7264":"g","7265":"o","7266":"u","7267":"t","7268":"(","7269":")","7270":" ","7271":"{","7272":"\\","7273":"n","7274":" ","7275":" ","7276":" ","7277":" ","7278":" ","7279":" ","7280":"t","7281":"h","7282":"i","7283":"s","7284":".","7285":"l","7286":"o","7287":"g","7288":"o","7289":"u","7290":"t","7291":"D","7292":"i","7293":"a","7294":"l","7295":"o","7296":"g","7297":" ","7298":"=","7299":" ","7300":"f","7301":"a","7302":"l","7303":"s","7304":"e","7305":";","7306":"\\","7307":"n","7308":" ","7309":" ","7310":" ","7311":" ","7312":" ","7313":" ","7314":"a","7315":"w","7316":"a","7317":"i","7318":"t","7319":" ","7320":"t","7321":"h","7322":"i","7323":"s","7324":".","7325":"$","7326":"s","7327":"t","7328":"o","7329":"r","7330":"e","7331":".","7332":"d","7333":"i","7334":"s","7335":"p","7336":"a","7337":"t","7338":"c","7339":"h","7340":"(","7341":"\\","7342":"\"","7343":"a","7344":"u","7345":"t","7346":"h","7347":"/","7348":"l","7349":"o","7350":"g","7351":"o","7352":"u","7353":"t","7354":"\\","7355":"\"","7356":")","7357":";","7358":"\\","7359":"n","7360":" ","7361":" ","7362":" ","7363":" ","7364":" ","7365":" ","7366":"t","7367":"h","7368":"i","7369":"s","7370":".","7371":"$","7372":"r","7373":"o","7374":"u","7375":"t","7376":"e","7377":"r","7378":".","7379":"p","7380":"u","7381":"s","7382":"h","7383":"(","7384":"\\","7385":"\"","7386":"/","7387":"\\","7388":"\"","7389":")","7390":";","7391":"\\","7392":"n","7393":" ","7394":" ","7395":" ","7396":" ","7397":"}","7398":",","7399":"\\","7400":"n","7401":"\\","7402":"n","7403":" ","7404":" ","7405":" ","7406":" ","7407":"t","7408":"e","7409":"s","7410":"t","7411":"(","7412":")","7413":" ","7414":"{","7415":"\\","7416":"n","7417":" ","7418":" ","7419":" ","7420":" ","7421":" ","7422":" ","7423":"c","7424":"o","7425":"n","7426":"s","7427":"o","7428":"l","7429":"e","7430":".","7431":"l","7432":"o","7433":"g","7434":"(","7435":"t","7436":"h","7437":"i","7438":"s","7439":"[","7440":"\\","7441":"\"","7442":"a","7443":"u","7444":"t","7445":"h","7446":"/","7447":"t","7448":"o","7449":"k","7450":"e","7451":"n","7452":"G","7453":"e","7454":"t","7455":"t","7456":"e","7457":"r","7458":"\\","7459":"\"","7460":"]","7461":")","7462":";","7463":"\\","7464":"n","7465":" ","7466":" ","7467":" ","7468":" ","7469":"}","7470":",","7471":"\\","7472":"n","7473":"\\","7474":"n","7475":" ","7476":" ","7477":" ","7478":" ","7479":"a","7480":"s","7481":"y","7482":"n","7483":"c","7484":" ","7485":"m","7486":"o","7487":"u","7488":"n","7489":"t","7490":"(","7491":")","7492":" ","7493":"{","7494":"\\","7495":"n","7496":" ","7497":" ","7498":" ","7499":" ","7500":" ","7501":" ","7502":"/","7503":"/","7504":" ","7505":"c","7506":"o","7507":"n","7508":"s","7509":"o","7510":"l","7511":"e","7512":".","7513":"l","7514":"o","7515":"g","7516":"(","7517":"'","7518":";","7519":";","7520":"'","7521":")","7522":";","7523":"\\","7524":"n","7525":" ","7526":" ","7527":" ","7528":" ","7529":" ","7530":" ","7531":"a","7532":"w","7533":"a","7534":"i","7535":"t","7536":" ","7537":"t","7538":"h","7539":"i","7540":"s","7541":".","7542":"$","7543":"s","7544":"t","7545":"o","7546":"r","7547":"e","7548":".","7549":"d","7550":"i","7551":"s","7552":"p","7553":"a","7554":"t","7555":"c","7556":"h","7557":"(","7558":"\\","7559":"\"","7560":"a","7561":"u","7562":"t","7563":"h","7564":"/","7565":"r","7566":"e","7567":"f","7568":"r","7569":"e","7570":"s","7571":"h","7572":"U","7573":"s","7574":"e","7575":"r","7576":"A","7577":"c","7578":"t","7579":"i","7580":"o","7581":"n","7582":"\\","7583":"\"","7584":",","7585":" ","7586":"{","7587":"\\","7588":"n","7589":" ","7590":" ","7591":" ","7592":" ","7593":" ","7594":" ","7595":" ","7596":" ","7597":"e","7598":"m","7599":"a","7600":"i","7601":"l","7602":":","7603":" ","7604":"l","7605":"o","7606":"c","7607":"a","7608":"l","7609":"S","7610":"t","7611":"o","7612":"r","7613":"a","7614":"g","7615":"e","7616":".","7617":"g","7618":"e","7619":"t","7620":"I","7621":"t","7622":"e","7623":"m","7624":"(","7625":"\\","7626":"\"","7627":"e","7628":"m","7629":"a","7630":"i","7631":"l","7632":"\\","7633":"\"","7634":")","7635":",","7636":"\\","7637":"n","7638":" ","7639":" ","7640":" ","7641":" ","7642":" ","7643":" ","7644":" ","7645":" ","7646":"r","7647":"o","7648":"l","7649":"e","7650":":","7651":" ","7652":"l","7653":"o","7654":"c","7655":"a","7656":"l","7657":"S","7658":"t","7659":"o","7660":"r","7661":"a","7662":"g","7663":"e","7664":".","7665":"g","7666":"e","7667":"t","7668":"I","7669":"t","7670":"e","7671":"m","7672":"(","7673":"\\","7674":"\"","7675":"r","7676":"o","7677":"l","7678":"e","7679":"\\","7680":"\"","7681":")","7682":",","7683":"\\","7684":"n","7685":" ","7686":" ","7687":" ","7688":" ","7689":" ","7690":" ","7691":"}","7692":")","7693":";","7694":"\\","7695":"n","7696":"\\","7697":"n","7698":" ","7699":" ","7700":" ","7701":" ","7702":" ","7703":" ","7704":"i","7705":"f","7706":" ","7707":"(","7708":"l","7709":"o","7710":"c","7711":"a","7712":"l","7713":"S","7714":"t","7715":"o","7716":"r","7717":"a","7718":"g","7719":"e","7720":".","7721":"g","7722":"e","7723":"t","7724":"I","7725":"t","7726":"e","7727":"m","7728":"(","7729":"\\","7730":"\"","7731":"e","7732":"m","7733":"a","7734":"i","7735":"l","7736":"\\","7737":"\"","7738":")","7739":")","7740":" ","7741":"t","7742":"h","7743":"i","7744":"s","7745":".","7746":"i","7747":"s","7748":"L","7749":"o","7750":"g","7751":"g","7752":"e","7753":"d","7754":" ","7755":"=","7756":" ","7757":"t","7758":"r","7759":"u","7760":"e","7761":";","7762":"\\","7763":"n","7764":" ","7765":" ","7766":" ","7767":" ","7768":" ","7769":" ","7770":"i","7771":"f","7772":" ","7773":"(","7774":"t","7775":"h","7776":"i","7777":"s","7778":"[","7779":"\\","7780":"\"","7781":"a","7782":"u","7783":"t","7784":"h","7785":"/","7786":"u","7787":"s","7788":"e","7789":"r","7790":"D","7791":"a","7792":"t","7793":"a","7794":"G","7795":"e","7796":"t","7797":"t","7798":"e","7799":"r","7800":"\\","7801":"\"","7802":"]","7803":")","7804":" ","7805":"{","7806":"\\","7807":"n","7808":" ","7809":" ","7810":" ","7811":" ","7812":" ","7813":" ","7814":" ","7815":" ","7816":"/","7817":"/","7818":" ","7819":"c","7820":"o","7821":"n","7822":"s","7823":"o","7824":"l","7825":"e","7826":".","7827":"l","7828":"o","7829":"g","7830":"(","7831":"t","7832":"h","7833":"i","7834":"s","7835":"[","7836":"\\","7837":"\"","7838":"a","7839":"u","7840":"t","7841":"h","7842":"/","7843":"u","7844":"s","7845":"e","7846":"r","7847":"D","7848":"a","7849":"t","7850":"a","7851":"G","7852":"e","7853":"t","7854":"t","7855":"e","7856":"r","7857":"\\","7858":"\"","7859":"]","7860":".","7861":"u","7862":"s","7863":"e","7864":"r","7865":".","7866":"p","7867":"r","7868":"o","7869":"f","7870":"i","7871":"l","7872":"e","7873":"I","7874":"m","7875":"a","7876":"g","7877":"e","7878":")","7879":";","7880":"\\","7881":"n","7882":" ","7883":" ","7884":" ","7885":" ","7886":" ","7887":" ","7888":" ","7889":" ","7890":"t","7891":"h","7892":"i","7893":"s","7894":".","7895":"u","7896":"s","7897":"e","7898":"r","7899":"D","7900":"e","7901":"t","7902":"a","7903":"i","7904":"l","7905":"s","7906":" ","7907":"=","7908":" ","7909":"t","7910":"h","7911":"i","7912":"s","7913":"[","7914":"\\","7915":"\"","7916":"a","7917":"u","7918":"t","7919":"h","7920":"/","7921":"u","7922":"s","7923":"e","7924":"r","7925":"D","7926":"a","7927":"t","7928":"a","7929":"G","7930":"e","7931":"t","7932":"t","7933":"e","7934":"r","7935":"\\","7936":"\"","7937":"]","7938":".","7939":"u","7940":"s","7941":"e","7942":"r","7943":";","7944":"\\","7945":"n","7946":" ","7947":" ","7948":" ","7949":" ","7950":" ","7951":" ","7952":" ","7953":" ","7954":"t","7955":"h","7956":"i","7957":"s","7958":".","7959":"e","7960":"d","7961":"i","7962":"t","7963":"N","7964":"a","7965":"m","7966":"e","7967":" ","7968":"=","7969":" ","7970":"t","7971":"h","7972":"i","7973":"s","7974":"[","7975":"\\","7976":"\"","7977":"a","7978":"u","7979":"t","7980":"h","7981":"/","7982":"u","7983":"s","7984":"e","7985":"r","7986":"D","7987":"a","7988":"t","7989":"a","7990":"G","7991":"e","7992":"t","7993":"t","7994":"e","7995":"r","7996":"\\","7997":"\"","7998":"]","7999":".","8000":"u","8001":"s","8002":"e","8003":"r","8004":".","8005":"n","8006":"a","8007":"m","8008":"e","8009":";","8010":"\\","8011":"n","8012":" ","8013":" ","8014":" ","8015":" ","8016":" ","8017":" ","8018":"}","8019":"\\","8020":"n","8021":" ","8022":" ","8023":" ","8024":" ","8025":"}","8026":",","8027":"\\","8028":"n","8029":" ","8030":" ","8031":"}","8032":",","8033":"\\","8034":"n","8035":"\\","8036":"n","8037":" ","8038":" ","8039":"a","8040":"s","8041":"y","8042":"n","8043":"c","8044":" ","8045":"m","8046":"o","8047":"u","8048":"n","8049":"t","8050":"e","8051":"d","8052":"(","8053":")","8054":" ","8055":"{","8056":"\\","8057":"n","8058":" ","8059":" ","8060":" ","8061":" ","8062":"a","8063":"w","8064":"a","8065":"i","8066":"t","8067":" ","8068":"t","8069":"h","8070":"i","8071":"s","8072":".","8073":"m","8074":"o","8075":"u","8076":"n","8077":"t","8078":"(","8079":")","8080":";","8081":"\\","8082":"n","8083":" ","8084":" ","8085":"}","8086":",","8087":"\\","8088":"n","8089":"}","8090":";","8091":"\\","8092":"n","8093":"<","8094":"/","8095":"s","8096":"c","8097":"r","8098":"i","8099":"p","8100":"t","8101":">","8102":"\\","8103":"n","8104":" ","8105":" ","8106":"\\","8107":"n","8108":" ","8109":" ","8110":"<","8111":"s","8112":"t","8113":"y","8114":"l","8115":"e","8116":" ","8117":"s","8118":"c","8119":"o","8120":"p","8121":"e","8122":"d","8123":">","8124":"\\","8125":"n","8126":"f","8127":"o","8128":"r","8129":"m","8130":":","8131":"f","8132":"o","8133":"c","8134":"u","8135":"s","8136":"-","8137":"w","8138":"i","8139":"t","8140":"h","8141":"i","8142":"n","8143":" ","8144":"{","8145":"\\","8146":"n","8147":" ","8148":" ","8149":"b","8150":"o","8151":"x","8152":"-","8153":"s","8154":"h","8155":"a","8156":"d","8157":"o","8158":"w","8159":":","8160":" ","8161":"0","8162":"p","8163":"x","8164":" ","8165":"0","8166":"p","8167":"x","8168":" ","8169":"5","8170":"p","8171":"x","8172":" ","8173":"0","8174":"p","8175":"x","8176":" ","8177":"r","8178":"g","8179":"b","8180":"(","8181":"2","8182":"0","8183":"6","8184":",","8185":" ","8186":"6","8187":"0","8188":",","8189":" ","8190":"2","8191":"2","8192":"5","8193":")","8194":";","8195":"\\","8196":"n","8197":"}","8198":"\\","8199":"n","8200":"<","8201":"/","8202":"s","8203":"t","8204":"y","8205":"l","8206":"e","8207":">","8208":"\\","8209":"n","8210":" ","8211":" ","8212":"\"","8213":"]","8214":"}"},"_coverageSchema":"1a1c01bbd47fc00a2c39e90264f33305004495a9","hash":"d910a57db2f6ddd74b612fa6ade1cecb11c5c9b6"}
}
