{"/home/kaushik/Documents/October/UdemyClone/frontend/src/components/common/profileChip.vue": {"path":"/home/kaushik/Documents/October/UdemyClone/frontend/src/components/common/profileChip.vue","statementMap":{"0":{"start":{"line":4,"column":0},"end":{"line":6,"column":3}},"1":{"start":{"line":7,"column":0},"end":{"line":7,"column":25}},"2":{"start":{"line":8,"column":0},"end":{"line":8,"column":44}},"3":{"start":{"line":74,"column":0},"end":{"line":74,"column":13}},"4":{"start":{"line":76,"column":0},"end":{"line":78,"column":3}},"5":{"start":{"line":79,"column":0},"end":{"line":79,"column":24}},"6":{"start":{"line":80,"column":11},"end":{"line":80,"column":25}},"7":{"start":{"line":81,"column":19},"end":{"line":83,"column":1}},"8":{"start":{"line":84,"column":32},"end":{"line":84,"column":106}},"9":{"start":{"line":85,"column":32},"end":{"line":87,"column":33}},"10":{"start":{"line":90,"column":27},"end":{"line":90,"column":62}},"11":{"start":{"line":91,"column":30},"end":{"line":91,"column":68}},"12":{"start":{"line":92,"column":28},"end":{"line":92,"column":64}},"13":{"start":{"line":93,"column":39},"end":{"line":93,"column":86}},"14":{"start":{"line":94,"column":42},"end":{"line":94,"column":92}},"15":{"start":{"line":95,"column":28},"end":{"line":95,"column":64}},"16":{"start":{"line":96,"column":27},"end":{"line":96,"column":62}},"17":{"start":{"line":97,"column":33},"end":{"line":97,"column":74}},"18":{"start":{"line":98,"column":28},"end":{"line":98,"column":64}},"19":{"start":{"line":99,"column":34},"end":{"line":99,"column":76}},"20":{"start":{"line":100,"column":34},"end":{"line":100,"column":76}},"21":{"start":{"line":101,"column":36},"end":{"line":101,"column":80}},"22":{"start":{"line":102,"column":28},"end":{"line":102,"column":64}},"23":{"start":{"line":103,"column":30},"end":{"line":103,"column":68}},"24":{"start":{"line":104,"column":27},"end":{"line":104,"column":62}},"25":{"start":{"line":105,"column":28},"end":{"line":105,"column":64}},"26":{"start":{"line":106,"column":2},"end":{"line":315,"column":220}},"27":{"start":{"line":108,"column":63},"end":{"line":108,"column":81}},"28":{"start":{"line":116,"column":10},"end":{"line":116,"column":14}},"29":{"start":{"line":117,"column":6},"end":{"line":135,"column":48}},"30":{"start":{"line":122,"column":41},"end":{"line":133,"column":191}},"31":{"start":{"line":125,"column":43},"end":{"line":131,"column":14}},"32":{"start":{"line":138,"column":37},"end":{"line":312,"column":7}},"33":{"start":{"line":141,"column":39},"end":{"line":173,"column":9}},"34":{"start":{"line":142,"column":41},"end":{"line":148,"column":44}},"35":{"start":{"line":149,"column":40},"end":{"line":160,"column":11}},"36":{"start":{"line":152,"column":55},"end":{"line":152,"column":72}},"37":{"start":{"line":154,"column":43},"end":{"line":157,"column":13}},"38":{"start":{"line":155,"column":45},"end":{"line":155,"column":92}},"39":{"start":{"line":162,"column":41},"end":{"line":170,"column":11}},"40":{"start":{"line":163,"column":43},"end":{"line":163,"column":134}},"41":{"start":{"line":167,"column":43},"end":{"line":167,"column":135}},"42":{"start":{"line":177,"column":39},"end":{"line":309,"column":9}},"43":{"start":{"line":181,"column":41},"end":{"line":246,"column":42}},"44":{"start":{"line":182,"column":43},"end":{"line":182,"column":79}},"45":{"start":{"line":186,"column":69},"end":{"line":186,"column":93}},"46":{"start":{"line":191,"column":43},"end":{"line":243,"column":13}},"47":{"start":{"line":192,"column":45},"end":{"line":240,"column":15}},"48":{"start":{"line":200,"column":47},"end":{"line":238,"column":142}},"49":{"start":{"line":205,"column":61},"end":{"line":205,"column":84}},"50":{"start":{"line":207,"column":49},"end":{"line":213,"column":19}},"51":{"start":{"line":211,"column":51},"end":{"line":211,"column":98}},"52":{"start":{"line":218,"column":75},"end":{"line":218,"column":97}},"53":{"start":{"line":226,"column":75},"end":{"line":226,"column":98}},"54":{"start":{"line":231,"column":49},"end":{"line":231,"column":88}},"55":{"start":{"line":236,"column":49},"end":{"line":236,"column":87}},"56":{"start":{"line":252,"column":41},"end":{"line":307,"column":42}},"57":{"start":{"line":253,"column":43},"end":{"line":253,"column":80}},"58":{"start":{"line":257,"column":69},"end":{"line":257,"column":95}},"59":{"start":{"line":265,"column":43},"end":{"line":304,"column":13}},"60":{"start":{"line":268,"column":45},"end":{"line":301,"column":15}},"61":{"start":{"line":269,"column":47},"end":{"line":298,"column":17}},"62":{"start":{"line":272,"column":49},"end":{"line":281,"column":47}},"63":{"start":{"line":279,"column":51},"end":{"line":279,"column":87}},"64":{"start":{"line":286,"column":49},"end":{"line":295,"column":19}},"65":{"start":{"line":290,"column":63},"end":{"line":290,"column":88}},"66":{"start":{"line":293,"column":51},"end":{"line":293,"column":86}},"67":{"start":{"line":316,"column":2},"end":{"line":316,"column":49}}},"fnMap":{"0":{"name":"render","decl":{"start":{"line":89,"column":9},"end":{"line":89,"column":15}},"loc":{"start":{"line":89,"column":30},"end":{"line":316,"column":1}},"line":89},"1":{"name":"(anonymous_1)","decl":{"start":{"line":108,"column":53},"end":{"line":108,"column":54}},"loc":{"start":{"line":108,"column":63},"end":{"line":108,"column":81}},"line":108},"2":{"name":"(anonymous_2)","decl":{"start":{"line":113,"column":33},"end":{"line":113,"column":34}},"loc":{"start":{"line":113,"column":41},"end":{"line":136,"column":5}},"line":113},"3":{"name":"(anonymous_3)","decl":{"start":{"line":122,"column":35},"end":{"line":122,"column":36}},"loc":{"start":{"line":122,"column":41},"end":{"line":133,"column":191}},"line":122},"4":{"name":"(anonymous_4)","decl":{"start":{"line":125,"column":37},"end":{"line":125,"column":38}},"loc":{"start":{"line":125,"column":43},"end":{"line":131,"column":14}},"line":125},"5":{"name":"(anonymous_5)","decl":{"start":{"line":138,"column":31},"end":{"line":138,"column":32}},"loc":{"start":{"line":138,"column":37},"end":{"line":312,"column":7}},"line":138},"6":{"name":"(anonymous_6)","decl":{"start":{"line":141,"column":33},"end":{"line":141,"column":34}},"loc":{"start":{"line":141,"column":39},"end":{"line":173,"column":9}},"line":141},"7":{"name":"(anonymous_7)","decl":{"start":{"line":142,"column":35},"end":{"line":142,"column":36}},"loc":{"start":{"line":142,"column":41},"end":{"line":148,"column":44}},"line":142},"8":{"name":"(anonymous_8)","decl":{"start":{"line":149,"column":34},"end":{"line":149,"column":35}},"loc":{"start":{"line":149,"column":40},"end":{"line":160,"column":11}},"line":149},"9":{"name":"(anonymous_9)","decl":{"start":{"line":152,"column":45},"end":{"line":152,"column":46}},"loc":{"start":{"line":152,"column":55},"end":{"line":152,"column":72}},"line":152},"10":{"name":"(anonymous_10)","decl":{"start":{"line":154,"column":37},"end":{"line":154,"column":38}},"loc":{"start":{"line":154,"column":43},"end":{"line":157,"column":13}},"line":154},"11":{"name":"(anonymous_11)","decl":{"start":{"line":155,"column":39},"end":{"line":155,"column":40}},"loc":{"start":{"line":155,"column":45},"end":{"line":155,"column":92}},"line":155},"12":{"name":"(anonymous_12)","decl":{"start":{"line":162,"column":35},"end":{"line":162,"column":36}},"loc":{"start":{"line":162,"column":41},"end":{"line":170,"column":11}},"line":162},"13":{"name":"(anonymous_13)","decl":{"start":{"line":163,"column":37},"end":{"line":163,"column":38}},"loc":{"start":{"line":163,"column":43},"end":{"line":163,"column":134}},"line":163},"14":{"name":"(anonymous_14)","decl":{"start":{"line":167,"column":37},"end":{"line":167,"column":38}},"loc":{"start":{"line":167,"column":43},"end":{"line":167,"column":135}},"line":167},"15":{"name":"(anonymous_15)","decl":{"start":{"line":177,"column":33},"end":{"line":177,"column":34}},"loc":{"start":{"line":177,"column":39},"end":{"line":309,"column":9}},"line":177},"16":{"name":"(anonymous_16)","decl":{"start":{"line":181,"column":35},"end":{"line":181,"column":36}},"loc":{"start":{"line":181,"column":41},"end":{"line":246,"column":42}},"line":181},"17":{"name":"(anonymous_17)","decl":{"start":{"line":182,"column":37},"end":{"line":182,"column":38}},"loc":{"start":{"line":182,"column":43},"end":{"line":182,"column":79}},"line":182},"18":{"name":"(anonymous_18)","decl":{"start":{"line":186,"column":59},"end":{"line":186,"column":60}},"loc":{"start":{"line":186,"column":69},"end":{"line":186,"column":93}},"line":186},"19":{"name":"(anonymous_19)","decl":{"start":{"line":191,"column":37},"end":{"line":191,"column":38}},"loc":{"start":{"line":191,"column":43},"end":{"line":243,"column":13}},"line":191},"20":{"name":"(anonymous_20)","decl":{"start":{"line":192,"column":39},"end":{"line":192,"column":40}},"loc":{"start":{"line":192,"column":45},"end":{"line":240,"column":15}},"line":192},"21":{"name":"(anonymous_21)","decl":{"start":{"line":200,"column":41},"end":{"line":200,"column":42}},"loc":{"start":{"line":200,"column":47},"end":{"line":238,"column":142}},"line":200},"22":{"name":"(anonymous_22)","decl":{"start":{"line":205,"column":51},"end":{"line":205,"column":52}},"loc":{"start":{"line":205,"column":61},"end":{"line":205,"column":84}},"line":205},"23":{"name":"(anonymous_23)","decl":{"start":{"line":207,"column":43},"end":{"line":207,"column":44}},"loc":{"start":{"line":207,"column":49},"end":{"line":213,"column":19}},"line":207},"24":{"name":"(anonymous_24)","decl":{"start":{"line":211,"column":45},"end":{"line":211,"column":46}},"loc":{"start":{"line":211,"column":51},"end":{"line":211,"column":98}},"line":211},"25":{"name":"(anonymous_25)","decl":{"start":{"line":218,"column":65},"end":{"line":218,"column":66}},"loc":{"start":{"line":218,"column":75},"end":{"line":218,"column":97}},"line":218},"26":{"name":"(anonymous_26)","decl":{"start":{"line":226,"column":65},"end":{"line":226,"column":66}},"loc":{"start":{"line":226,"column":75},"end":{"line":226,"column":98}},"line":226},"27":{"name":"(anonymous_27)","decl":{"start":{"line":231,"column":43},"end":{"line":231,"column":44}},"loc":{"start":{"line":231,"column":49},"end":{"line":231,"column":88}},"line":231},"28":{"name":"(anonymous_28)","decl":{"start":{"line":236,"column":43},"end":{"line":236,"column":44}},"loc":{"start":{"line":236,"column":49},"end":{"line":236,"column":87}},"line":236},"29":{"name":"(anonymous_29)","decl":{"start":{"line":252,"column":35},"end":{"line":252,"column":36}},"loc":{"start":{"line":252,"column":41},"end":{"line":307,"column":42}},"line":252},"30":{"name":"(anonymous_30)","decl":{"start":{"line":253,"column":37},"end":{"line":253,"column":38}},"loc":{"start":{"line":253,"column":43},"end":{"line":253,"column":80}},"line":253},"31":{"name":"(anonymous_31)","decl":{"start":{"line":257,"column":59},"end":{"line":257,"column":60}},"loc":{"start":{"line":257,"column":69},"end":{"line":257,"column":95}},"line":257},"32":{"name":"(anonymous_32)","decl":{"start":{"line":265,"column":37},"end":{"line":265,"column":38}},"loc":{"start":{"line":265,"column":43},"end":{"line":304,"column":13}},"line":265},"33":{"name":"(anonymous_33)","decl":{"start":{"line":268,"column":39},"end":{"line":268,"column":40}},"loc":{"start":{"line":268,"column":45},"end":{"line":301,"column":15}},"line":268},"34":{"name":"(anonymous_34)","decl":{"start":{"line":269,"column":41},"end":{"line":269,"column":42}},"loc":{"start":{"line":269,"column":47},"end":{"line":298,"column":17}},"line":269},"35":{"name":"(anonymous_35)","decl":{"start":{"line":272,"column":43},"end":{"line":272,"column":44}},"loc":{"start":{"line":272,"column":49},"end":{"line":281,"column":47}},"line":272},"36":{"name":"(anonymous_36)","decl":{"start":{"line":279,"column":45},"end":{"line":279,"column":46}},"loc":{"start":{"line":279,"column":51},"end":{"line":279,"column":87}},"line":279},"37":{"name":"(anonymous_37)","decl":{"start":{"line":286,"column":43},"end":{"line":286,"column":44}},"loc":{"start":{"line":286,"column":49},"end":{"line":295,"column":19}},"line":286},"38":{"name":"(anonymous_38)","decl":{"start":{"line":290,"column":53},"end":{"line":290,"column":54}},"loc":{"start":{"line":290,"column":63},"end":{"line":290,"column":88}},"line":290},"39":{"name":"(anonymous_39)","decl":{"start":{"line":293,"column":45},"end":{"line":293,"column":46}},"loc":{"start":{"line":293,"column":51},"end":{"line":293,"column":86}},"line":293}},"branchMap":{"0":{"loc":{"start":{"line":106,"column":136},"end":{"line":315,"column":83}},"type":"cond-expr","locations":[{"start":{"line":106,"column":161},"end":{"line":315,"column":37}},{"start":{"line":315,"column":41},"end":{"line":315,"column":83}}],"line":106},"1":{"loc":{"start":{"line":108,"column":27},"end":{"line":108,"column":82}},"type":"binary-expr","locations":[{"start":{"line":108,"column":27},"end":{"line":108,"column":36}},{"start":{"line":108,"column":41},"end":{"line":108,"column":81}}],"line":108},"2":{"loc":{"start":{"line":125,"column":44},"end":{"line":131,"column":13}},"type":"cond-expr","locations":[{"start":{"line":125,"column":77},"end":{"line":128,"column":42}},{"start":{"line":128,"column":47},"end":{"line":131,"column":12}}],"line":125},"3":{"loc":{"start":{"line":142,"column":42},"end":{"line":148,"column":43}},"type":"cond-expr","locations":[{"start":{"line":142,"column":75},"end":{"line":145,"column":42}},{"start":{"line":145,"column":47},"end":{"line":148,"column":42}}],"line":142},"4":{"loc":{"start":{"line":152,"column":19},"end":{"line":152,"column":73}},"type":"binary-expr","locations":[{"start":{"line":152,"column":19},"end":{"line":152,"column":28}},{"start":{"line":152,"column":33},"end":{"line":152,"column":72}}],"line":152},"5":{"loc":{"start":{"line":186,"column":33},"end":{"line":186,"column":94}},"type":"binary-expr","locations":[{"start":{"line":186,"column":33},"end":{"line":186,"column":42}},{"start":{"line":186,"column":47},"end":{"line":186,"column":93}}],"line":186},"6":{"loc":{"start":{"line":205,"column":25},"end":{"line":205,"column":85}},"type":"binary-expr","locations":[{"start":{"line":205,"column":25},"end":{"line":205,"column":34}},{"start":{"line":205,"column":39},"end":{"line":205,"column":84}}],"line":205},"7":{"loc":{"start":{"line":218,"column":39},"end":{"line":218,"column":98}},"type":"binary-expr","locations":[{"start":{"line":218,"column":39},"end":{"line":218,"column":48}},{"start":{"line":218,"column":53},"end":{"line":218,"column":97}}],"line":218},"8":{"loc":{"start":{"line":226,"column":39},"end":{"line":226,"column":99}},"type":"binary-expr","locations":[{"start":{"line":226,"column":39},"end":{"line":226,"column":48}},{"start":{"line":226,"column":53},"end":{"line":226,"column":98}}],"line":226},"9":{"loc":{"start":{"line":257,"column":33},"end":{"line":257,"column":96}},"type":"binary-expr","locations":[{"start":{"line":257,"column":33},"end":{"line":257,"column":42}},{"start":{"line":257,"column":47},"end":{"line":257,"column":95}}],"line":257},"10":{"loc":{"start":{"line":290,"column":27},"end":{"line":290,"column":89}},"type":"binary-expr","locations":[{"start":{"line":290,"column":27},"end":{"line":290,"column":36}},{"start":{"line":290,"column":41},"end":{"line":290,"column":88}}],"line":290}},"s":{"0":1,"1":1,"2":1,"3":1,"4":1,"5":1,"6":1,"7":1,"8":1,"9":1,"10":8,"11":8,"12":8,"13":8,"14":8,"15":8,"16":8,"17":8,"18":8,"19":8,"20":8,"21":8,"22":8,"23":8,"24":8,"25":8,"26":8,"27":0,"28":0,"29":0,"30":0,"31":0,"32":0,"33":0,"34":0,"35":0,"36":0,"37":0,"38":0,"39":0,"40":0,"41":0,"42":0,"43":0,"44":0,"45":0,"46":0,"47":0,"48":0,"49":0,"50":0,"51":0,"52":0,"53":0,"54":0,"55":0,"56":0,"57":0,"58":0,"59":0,"60":0,"61":0,"62":0,"63":0,"64":0,"65":0,"66":0,"67":1},"f":{"0":8,"1":0,"2":0,"3":0,"4":0,"5":0,"6":0,"7":0,"8":0,"9":0,"10":0,"11":0,"12":0,"13":0,"14":0,"15":0,"16":0,"17":0,"18":0,"19":0,"20":0,"21":0,"22":0,"23":0,"24":0,"25":0,"26":0,"27":0,"28":0,"29":0,"30":0,"31":0,"32":0,"33":0,"34":0,"35":0,"36":0,"37":0,"38":0,"39":0},"b":{"0":[0,8],"1":[0,0],"2":[0,0],"3":[0,0],"4":[0,0],"5":[0,0],"6":[0,0],"7":[0,0],"8":[0,0],"9":[0,0],"10":[0,0]},"inputSourceMap":{"0":"{","1":"\"","2":"v","3":"e","4":"r","5":"s","6":"i","7":"o","8":"n","9":"\"","10":":","11":"3","12":",","13":"\"","14":"s","15":"o","16":"u","17":"r","18":"c","19":"e","20":"s","21":"\"","22":":","23":"[","24":"\"","25":"/","26":"h","27":"o","28":"m","29":"e","30":"/","31":"k","32":"a","33":"u","34":"s","35":"h","36":"i","37":"k","38":"/","39":"D","40":"o","41":"c","42":"u","43":"m","44":"e","45":"n","46":"t","47":"s","48":"/","49":"O","50":"c","51":"t","52":"o","53":"b","54":"e","55":"r","56":"/","57":"U","58":"d","59":"e","60":"m","61":"y","62":"C","63":"l","64":"o","65":"n","66":"e","67":"/","68":"f","69":"r","70":"o","71":"n","72":"t","73":"e","74":"n","75":"d","76":"/","77":"s","78":"r","79":"c","80":"/","81":"c","82":"o","83":"m","84":"p","85":"o","86":"n","87":"e","88":"n","89":"t","90":"s","91":"/","92":"c","93":"o","94":"m","95":"m","96":"o","97":"n","98":"/","99":"p","100":"r","101":"o","102":"f","103":"i","104":"l","105":"e","106":"C","107":"h","108":"i","109":"p","110":".","111":"v","112":"u","113":"e","114":"\"","115":"]","116":",","117":"\"","118":"n","119":"a","120":"m","121":"e","122":"s","123":"\"","124":":","125":"[","126":"]","127":",","128":"\"","129":"m","130":"a","131":"p","132":"p","133":"i","134":"n","135":"g","136":"s","137":"\"","138":":","139":"\"","140":";","141":";","142":";","143":";","144":";","145":";","146":";","147":";","148":"A","149":"A","150":"2","151":"I","152":"A","153":";","154":"A","155":"A","156":"A","157":"A","158":";","159":"A","160":"A","161":"A","162":"A","163":";","164":"A","165":"A","166":"A","167":"k","168":"C","169":";","170":"A","171":"A","172":"A","173":"A","174":",","175":"i","176":"C","177":"A","178":"E","179":"n","180":"B","181":";","182":"E","183":"A","184":"C","185":"b","186":",","187":"I","188":"A","189":"A","190":"I","191":",","192":"E","193":"A","194":"A","195":"E","196":",","197":"a","198":"A","199":"A","200":"a","201":";","202":"E","203":"A","204":"C","205":"n","206":"B","207":",","208":"Q","209":"A","210":"A","211":"Q","212":",","213":"E","214":"A","215":"A","216":"E","217":";","218":"I","219":"A","220":"C","221":"R","222":";","223":"I","224":"A","225":"A","226":"G","227":";","228":"I","229":"A","230":"A","231":"A","232":";","233":"I","234":"A","235":"A","236":"A","237":";","238":"I","239":"A","240":"A","241":"A","242":";","243":"I","244":"A","245":"A","246":"A","247":";","248":"I","249":"A","250":"A","251":"A","252":",","253":"U","254":"A","255":"A","256":"U","257":",","258":"E","259":"A","260":"A","261":"C","262":",","263":"C","264":"A","265":"A","266":"C","267":",","268":"S","269":"A","270":"A","271":"S","272":",","273":"E","274":"A","275":"A","276":"E","277":",","278":"k","279":"B","280":"A","281":"A","282":"k","283":"B","284":",","285":"E","286":"A","287":"A","288":"E","289":",","290":"q","291":"B","292":"A","293":"A","294":"q","295":"B","296":",","297":"C","298":"A","299":"A","300":"C","301":";","302":"E","303":"A","304":"C","305":"t","306":"E","307":",","308":"C","309":"A","310":"A","311":"C","312":";","313":"E","314":"A","315":"C","316":"D","317":",","318":"I","319":"A","320":"A","321":"I","322":",","323":"E","324":"A","325":"A","326":"E","327":",","328":"O","329":"A","330":"A","331":"O","332":";","333":"I","334":"A","335":"C","336":"X","337":",","338":"Q","339":"A","340":"A","341":"Q","342":",","343":"E","344":"A","345":"A","346":"E","347":",","348":"K","349":"A","350":"A","351":"K","352":";","353":"I","354":"A","355":"C","356":"f","357":",","358":"I","359":"A","360":"A","361":"I","362":",","363":"E","364":"A","365":"A","366":"E","367":",","368":"K","369":"A","370":"A","371":"K","372":";","373":"I","374":"A","375":"C","376":"X","377":",","378":"W","379":"A","380":"A","381":"W","382":",","383":"E","384":"A","385":"A","386":"E","387":",","388":"C","389":"A","390":"A","391":"C","392":",","393":"C","394":"A","395":"A","396":"C","397":";","398":"I","399":"A","400":"C","401":"f","402":",","403":"U","404":"A","405":"A","406":"U","407":",","408":"E","409":"A","410":"A","411":"E","412":",","413":"K","414":"A","415":"A","416":"K","417":";","418":"I","419":"A","420":"C","421":"j","422":"B","423":",","424":"S","425":"A","426":"A","427":"S","428":",","429":"E","430":"A","431":"A","432":"E","433":",","434":"I","435":"A","436":"A","437":"I","438":";","439":"I","440":"A","441":"C","442":"f","443":",","444":"Q","445":"A","446":"A","447":"Q","448":",","449":"E","450":"A","451":"A","452":"E","453":",","454":"E","455":"A","456":"A","457":"E","458":";","459":"I","460":"A","461":"C","462":"Z","463":",","464":"Y","465":"A","466":"A","467":"Y","468":",","469":"E","470":"A","471":"A","472":"E","473":";","474":"E","475":"A","476":"C","477":"h","478":"B","479":",","480":"C","481":"A","482":"A","483":"C","484":",","485":"C","486":"A","487":"A","488":"C","489":";","490":"E","491":"A","492":"E","493":"F","494":",","495":"O","496":"A","497":"A","498":"O","499":",","500":"E","501":"A","502":"A","503":"E","504":";","505":"I","506":"A","507":"C","508":"P","509":",","510":"M","511":"A","512":"A","513":"M","514":",","515":"W","516":"A","517":"A","518":"W","519":",","520":"G","521":"A","522":"A","523":"G","524":";","525":"M","526":"A","527":"C","528":"x","529":"B","530":";","531":";","532":"M","533":"A","534":"E","535":"M","536":",","537":"I","538":"A","539":"A","540":"I","541":",","542":"I","543":"A","544":"A","545":"I","546":",","547":"C","548":"A","549":"A","550":"C","551":",","552":"Q","553":"A","554":"A","555":"Q","556":",","557":"C","558":"A","559":"A","560":"C","561":",","562":"M","563":"A","564":"A","565":"M","566":",","567":"G","568":"A","569":"A","570":"G","571":",","572":"C","573":"A","574":"A","575":"C","576":",","577":"E","578":"A","579":"A","580":"E","581":";","582":"Q","583":"A","584":"C","585":"7","586":"B","587":",","588":"M","589":"A","590":"A","591":"M","592":",","593":"I","594":"A","595":"A","596":"I","597":",","598":"C","599":"A","600":"A","601":"C","602":",","603":"M","604":"A","605":"A","606":"M","607":",","608":"C","609":"A","610":"A","611":"C","612":",","613":"Q","614":"A","615":"A","616":"Q","617":",","618":"C","619":"A","620":"A","621":"C","622":",","623":"w","624":"B","625":"A","626":"A","627":"w","628":"B","629":",","630":"E","631":"A","632":"A","633":"E","634":";","635":"U","636":"A","637":"C","638":"l","639":"D","640":",","641":"I","642":"A","643":"A","644":"I","645":",","646":"E","647":"A","648":"A","649":"E","650":",","651":"I","652":"A","653":"A","654":"I","655":",","656":"C","657":"A","658":"A","659":"C","660":",","661":"Q","662":"A","663":"A","664":"Q","665":";","666":"U","667":"A","668":"C","669":"n","670":"B","671":",","672":"K","673":"A","674":"A","675":"K","676":",","677":"E","678":"A","679":"A","680":"E","681":",","682":"I","683":"A","684":"A","685":"I","686":",","687":"C","688":"A","689":"A","690":"C","691":",","692":"S","693":"A","694":"A","695":"S","696":",","697":"K","698":"A","699":"A","700":"K","701":",","702":"I","703":"A","704":"A","705":"I","706":",","707":"G","708":"A","709":"A","710":"G","711":",","712":"I","713":"A","714":"A","715":"I","716":",","717":"C","718":"A","719":"A","720":"C","721":",","722":"S","723":"A","724":"A","725":"S","726":",","727":"C","728":"A","729":"A","730":"C","731":",","732":"C","733":"A","734":"A","735":"C","736":",","737":"C","738":"A","739":"A","740":"C","741":",","742":"G","743":"A","744":"A","745":"G","746":";","747":"Q","748":"A","749":"C","750":"v","751":"D","752":",","753":"C","754":"A","755":"A","756":"C","757":",","758":"C","759":"A","760":"A","761":"C","762":";","763":"M","764":"A","765":"C","766":"J","767":";","768":"M","769":"A","770":"C","771":"A","772":",","773":"I","774":"A","775":"A","776":"I","777":",","778":"C","779":"A","780":"A","781":"C","782":",","783":"U","784":"A","785":"A","786":"U","787":",","788":"G","789":"A","790":"A","791":"G","792":",","793":"K","794":"A","795":"A","796":"K","797":";","798":"M","799":"A","800":"C","801":"v","802":"B","803":",","804":"I","805":"A","806":"A","807":"I","808":",","809":"C","810":"A","811":"A","812":"C","813":",","814":"S","815":"A","816":"A","817":"S","818":",","819":"G","820":"A","821":"A","822":"G","823":",","824":"I","825":"A","826":"A","827":"I","828":";","829":"M","830":"A","831":"C","832":"r","833":"B","834":";","835":"M","836":"A","837":"C","838":"A","839":",","840":"M","841":"A","842":"A","843":"M","844":",","845":"I","846":"A","847":"A","848":"I","849":",","850":"C","851":"A","852":"A","853":"C","854":",","855":"K","856":"A","857":"A","858":"K","859":",","860":"C","861":"A","862":"A","863":"C","864":",","865":"C","866":"A","867":"A","868":"C","869":";","870":"I","871":"A","872":"E","873":"p","874":"B","875":",","876":"C","877":"A","878":"A","879":"C","880":";","881":"I","882":"A","883":"E","884":"D","885":",","886":"M","887":"A","888":"A","889":"M","890":",","891":"M","892":"A","893":"A","894":"M","895":",","896":"G","897":"A","898":"A","899":"G","900":";","901":"M","902":"A","903":"C","904":"b","905":",","906":"I","907":"A","908":"A","909":"I","910":",","911":"C","912":"A","913":"A","914":"C","915":",","916":"Y","917":"A","918":"A","919":"Y","920":",","921":"G","922":"A","923":"A","924":"G","925":",","926":"K","927":"A","928":"A","929":"K","930":";","931":"M","932":"A","933":"C","934":"z","935":"B","936":",","937":"M","938":"A","939":"A","940":"M","941":",","942":"I","943":"A","944":"A","945":"I","946":",","947":"C","948":"A","949":"A","950":"C","951":",","952":"M","953":"A","954":"A","955":"M","956":",","957":"C","958":"A","959":"A","960":"C","961":",","962":"Q","963":"A","964":"A","965":"Q","966":",","967":"C","968":"A","969":"A","970":"C","971":",","972":"a","973":"A","974":"A","975":"a","976":",","977":"C","978":"A","979":"A","980":"C","981":";","982":"M","983":"A","984":"C","985":"z","986":"C","987":",","988":"I","989":"A","990":"A","991":"I","992":",","993":"C","994":"A","995":"A","996":"C","997":",","998":"O","999":"A","1000":"A","1001":"O","1002":",","1003":"C","1004":"A","1005":"A","1006":"C","1007":",","1008":"I","1009":"A","1010":"A","1011":"I","1012":",","1013":"C","1014":"A","1015":"A","1016":"C","1017":",","1018":"G","1019":"A","1020":"A","1021":"G","1022":",","1023":"C","1024":"A","1025":"A","1026":"C","1027":";","1028":"I","1029":"A","1030":"C","1031":"x","1032":"B","1033":",","1034":"C","1035":"A","1036":"A","1037":"C","1038":";","1039":"I","1040":"A","1041":"E","1042":"D","1043":",","1044":"I","1045":"A","1046":"A","1047":"I","1048":",","1049":"G","1050":"A","1051":"A","1052":"G","1053":";","1054":"M","1055":"A","1056":"C","1057":"L","1058":",","1059":"O","1060":"A","1061":"A","1062":"O","1063":",","1064":"C","1065":"A","1066":"A","1067":"C","1068":",","1069":"G","1070":"A","1071":"A","1072":"G","1073":",","1074":"C","1075":"A","1076":"A","1077":"C","1078":",","1079":"I","1080":"A","1081":"A","1082":"I","1083":",","1084":"C","1085":"A","1086":"A","1087":"C","1088":",","1089":"k","1090":"B","1091":"A","1092":"A","1093":"k","1094":"B","1095":",","1096":"C","1097":"A","1098":"A","1099":"C","1100":",","1101":"C","1102":"A","1103":"A","1104":"C","1105":";","1106":"I","1107":"A","1108":"C","1109":"v","1110":"C","1111":",","1112":"C","1113":"A","1114":"A","1115":"C","1116":";","1117":"I","1118":"A","1119":"E","1120":"D","1121":",","1122":"M","1123":"A","1124":"A","1125":"M","1126":",","1127":"K","1128":"A","1129":"A","1130":"K","1131":",","1132":"G","1133":"A","1134":"A","1135":"G","1136":";","1137":"M","1138":"A","1139":"C","1140":"Z","1141":";","1142":"M","1143":"A","1144":"C","1145":"A","1146":",","1147":"M","1148":"A","1149":"A","1150":"M","1151":",","1152":"I","1153":"A","1154":"A","1155":"I","1156":",","1157":"C","1158":"A","1159":"A","1160":"C","1161":",","1162":"M","1163":"A","1164":"A","1165":"M","1166":",","1167":"C","1168":"A","1169":"A","1170":"C","1171":",","1172":"Q","1173":"A","1174":"A","1175":"Q","1176":",","1177":"C","1178":"A","1179":"A","1180":"C","1181":",","1182":"w","1183":"B","1184":"A","1185":"A","1186":"w","1187":"B","1188":",","1189":"E","1190":"A","1191":"A","1192":"E","1193":";","1194":"Q","1195":"A","1196":"C","1197":"n","1198":"D","1199":",","1200":"K","1201":"A","1202":"A","1203":"K","1204":",","1205":"E","1206":"A","1207":"A","1208":"E","1209":",","1210":"Y","1211":"A","1212":"A","1213":"Y","1214":",","1215":"C","1216":"A","1217":"A","1218":"C","1219":",","1220":"O","1221":"A","1222":"A","1223":"O","1224":",","1225":"C","1226":"A","1227":"A","1228":"C","1229":",","1230":"O","1231":"A","1232":"A","1233":"O","1234":",","1235":"C","1236":"A","1237":"A","1238":"C","1239":";","1240":"Q","1241":"A","1242":"C","1243":"p","1244":"C","1245":",","1246":"I","1247":"A","1248":"A","1249":"I","1250":",","1251":"E","1252":"A","1253":"A","1254":"E","1255":",","1256":"Y","1257":"A","1258":"A","1259":"Y","1260":",","1261":"C","1262":"A","1263":"A","1264":"C","1265":",","1266":"O","1267":"A","1268":"A","1269":"O","1270":",","1271":"C","1272":"A","1273":"A","1274":"C","1275":",","1276":"M","1277":"A","1278":"A","1279":"M","1280":";","1281":"M","1282":"A","1283":"C","1284":"n","1285":"C","1286":",","1287":"C","1288":"A","1289":"A","1290":"C","1291":",","1292":"C","1293":"A","1294":"A","1295":"C","1296":";","1297":"M","1298":"A","1299":"E","1300":"F","1301":",","1302":"I","1303":"A","1304":"A","1305":"I","1306":",","1307":"Y","1308":"A","1309":"A","1310":"Y","1311":",","1312":"C","1313":"A","1314":"A","1315":"C","1316":",","1317":"O","1318":"A","1319":"A","1320":"O","1321":",","1322":"C","1323":"A","1324":"A","1325":"C","1326":",","1327":"O","1328":"A","1329":"A","1330":"O","1331":",","1332":"C","1333":"A","1334":"A","1335":"C","1336":",","1337":"E","1338":"A","1339":"A","1340":"E","1341":",","1342":"I","1343":"A","1344":"A","1345":"I","1346":",","1347":"C","1348":"A","1349":"A","1350":"C","1351":",","1352":"Q","1353":"A","1354":"A","1355":"Q","1356":",","1357":"G","1358":"A","1359":"A","1360":"G","1361":",","1362":"I","1363":"A","1364":"A","1365":"I","1366":";","1367":"M","1368":"A","1369":"C","1370":"v","1371":"D","1372":",","1373":"I","1374":"A","1375":"A","1376":"I","1377":",","1378":"I","1379":"A","1380":"A","1381":"I","1382":",","1383":"C","1384":"A","1385":"A","1386":"C","1387":",","1388":"q","1389":"B","1390":"A","1391":"A","1392":"q","1393":"B","1394":",","1395":"C","1396":"A","1397":"A","1398":"C","1399":",","1400":"C","1401":"A","1402":"A","1403":"C","1404":",","1405":"I","1406":"A","1407":"A","1408":"I","1409":",","1410":"E","1411":"A","1412":"A","1413":"E","1414":";","1415":"Q","1416":"A","1417":"C","1418":"p","1419":"C","1420":";","1421":"Q","1422":"A","1423":"C","1424":"A","1425":",","1426":"I","1427":"A","1428":"A","1429":"I","1430":",","1431":"C","1432":"A","1433":"A","1434":"C","1435":",","1436":"W","1437":"A","1438":"A","1439":"W","1440":",","1441":"G","1442":"A","1443":"A","1444":"G","1445":",","1446":"I","1447":"A","1448":"A","1449":"I","1450":",","1451":"C","1452":"A","1453":"A","1454":"C","1455":",","1456":"q","1457":"B","1458":"A","1459":"A","1460":"q","1461":"B","1462":",","1463":"C","1464":"A","1465":"A","1466":"C","1467":",","1468":"C","1469":"A","1470":"A","1471":"C","1472":",","1473":"I","1474":"A","1475":"A","1476":"I","1477":";","1478":"Q","1479":"A","1480":"C","1481":"n","1482":"D","1483":",","1484":"I","1485":"A","1486":"A","1487":"I","1488":",","1489":"C","1490":"A","1491":"A","1492":"C","1493":",","1494":"Q","1495":"A","1496":"A","1497":"Q","1498":",","1499":"G","1500":"A","1501":"A","1502":"G","1503":",","1504":"I","1505":"A","1506":"A","1507":"I","1508":",","1509":"C","1510":"A","1511":"A","1512":"C","1513":",","1514":"q","1515":"B","1516":"A","1517":"A","1518":"q","1519":"B","1520":",","1521":"C","1522":"A","1523":"A","1524":"C","1525":",","1526":"C","1527":"A","1528":"A","1529":"C","1530":",","1531":"I","1532":"A","1533":"A","1534":"I","1535":",","1536":"C","1537":"A","1538":"A","1539":"C","1540":",","1541":"I","1542":"A","1543":"A","1544":"I","1545":";","1546":"M","1547":"A","1548":"C","1549":"v","1550":"D","1551":";","1552":"I","1553":"A","1554":"C","1555":"F","1556":";","1557":"E","1558":"A","1559":"C","1560":"F","1561":",","1562":"C","1563":"A","1564":"A","1565":"C","1566":";","1567":"E","1568":"A","1569":"E","1570":"D","1571":",","1572":"M","1573":"A","1574":"A","1575":"M","1576":",","1577":"O","1578":"A","1579":"A","1580":"O","1581":",","1582":"G","1583":"A","1584":"A","1585":"G","1586":";","1587":"I","1588":"A","1589":"C","1590":"d","1591":",","1592":"M","1593":"A","1594":"A","1595":"M","1596":",","1597":"I","1598":"A","1599":"A","1600":"I","1601":",","1602":"C","1603":"A","1604":"A","1605":"C","1606":",","1607":"K","1608":"A","1609":"A","1610":"K","1611":",","1612":"C","1613":"A","1614":"A","1615":"C","1616":",","1617":"C","1618":"A","1619":"A","1620":"C","1621":";","1622":"E","1623":"A","1624":"C","1625":"p","1626":"B","1627":";","1628":"A","1629":"A","1630":"C","1631":"F","1632":",","1633":"C","1634":"A","1635":"A","1636":"C","1637":"\"","1638":",","1639":"\"","1640":"f","1641":"i","1642":"l","1643":"e","1644":"\"","1645":":","1646":"\"","1647":"/","1648":"h","1649":"o","1650":"m","1651":"e","1652":"/","1653":"k","1654":"a","1655":"u","1656":"s","1657":"h","1658":"i","1659":"k","1660":"/","1661":"D","1662":"o","1663":"c","1664":"u","1665":"m","1666":"e","1667":"n","1668":"t","1669":"s","1670":"/","1671":"O","1672":"c","1673":"t","1674":"o","1675":"b","1676":"e","1677":"r","1678":"/","1679":"U","1680":"d","1681":"e","1682":"m","1683":"y","1684":"C","1685":"l","1686":"o","1687":"n","1688":"e","1689":"/","1690":"f","1691":"r","1692":"o","1693":"n","1694":"t","1695":"e","1696":"n","1697":"d","1698":"/","1699":"s","1700":"r","1701":"c","1702":"/","1703":"c","1704":"o","1705":"m","1706":"p","1707":"o","1708":"n","1709":"e","1710":"n","1711":"t","1712":"s","1713":"/","1714":"c","1715":"o","1716":"m","1717":"m","1718":"o","1719":"n","1720":"/","1721":"p","1722":"r","1723":"o","1724":"f","1725":"i","1726":"l","1727":"e","1728":"C","1729":"h","1730":"i","1731":"p","1732":".","1733":"v","1734":"u","1735":"e","1736":"\"","1737":",","1738":"\"","1739":"s","1740":"o","1741":"u","1742":"r","1743":"c","1744":"e","1745":"s","1746":"C","1747":"o","1748":"n","1749":"t","1750":"e","1751":"n","1752":"t","1753":"\"","1754":":","1755":"[","1756":"\"","1757":"<","1758":"t","1759":"e","1760":"m","1761":"p","1762":"l","1763":"a","1764":"t","1765":"e","1766":">","1767":"\\","1768":"n","1769":" ","1770":" ","1771":"<","1772":"!","1773":"-","1774":"-","1775":" ","1776":"u","1777":"s","1778":"e","1779":"r","1780":" ","1781":"P","1782":"r","1783":"o","1784":"f","1785":"i","1786":"l","1787":"e","1788":" ","1789":"c","1790":"h","1791":"i","1792":"p","1793":" ","1794":"-","1795":"-","1796":">","1797":"\\","1798":"n","1799":" ","1800":" ","1801":"<","1802":"d","1803":"i","1804":"v","1805":" ","1806":"v","1807":"-","1808":"i","1809":"f","1810":"=","1811":"\\","1812":"\"","1813":"u","1814":"s","1815":"e","1816":"r","1817":"D","1818":"e","1819":"t","1820":"a","1821":"i","1822":"l","1823":"s","1824":".","1825":"n","1826":"a","1827":"m","1828":"e","1829":"\\","1830":"\"","1831":">","1832":"\\","1833":"n","1834":" ","1835":" ","1836":" ","1837":" ","1838":"<","1839":"v","1840":"-","1841":"m","1842":"e","1843":"n","1844":"u","1845":"\\","1846":"n","1847":" ","1848":" ","1849":" ","1850":" ","1851":" ","1852":" ","1853":"v","1854":"-","1855":"m","1856":"o","1857":"d","1858":"e","1859":"l","1860":"=","1861":"\\","1862":"\"","1863":"m","1864":"e","1865":"n","1866":"u","1867":"\\","1868":"\"","1869":"\\","1870":"n","1871":" ","1872":" ","1873":" ","1874":" ","1875":" ","1876":" ","1877":"l","1878":"o","1879":"c","1880":"a","1881":"t","1882":"i","1883":"o","1884":"n","1885":"=","1886":"\\","1887":"\"","1888":"t","1889":"o","1890":"p","1891":" ","1892":"s","1893":"t","1894":"a","1895":"r","1896":"t","1897":"\\","1898":"\"","1899":"\\","1900":"n","1901":" ","1902":" ","1903":" ","1904":" ","1905":" ","1906":" ","1907":"o","1908":"r","1909":"i","1910":"g","1911":"i","1912":"n","1913":"=","1914":"\\","1915":"\"","1916":"t","1917":"o","1918":"p","1919":" ","1920":"s","1921":"t","1922":"a","1923":"r","1924":"t","1925":"\\","1926":"\"","1927":"\\","1928":"n","1929":" ","1930":" ","1931":" ","1932":" ","1933":" ","1934":" ","1935":"t","1936":"r","1937":"a","1938":"n","1939":"s","1940":"i","1941":"t","1942":"i","1943":"o","1944":"n","1945":"=","1946":"\\","1947":"\"","1948":"s","1949":"c","1950":"a","1951":"l","1952":"e","1953":"-","1954":"t","1955":"r","1956":"a","1957":"n","1958":"s","1959":"i","1960":"t","1961":"i","1962":"o","1963":"n","1964":"\\","1965":"\"","1966":"\\","1967":"n","1968":" ","1969":" ","1970":" ","1971":" ","1972":">","1973":"\\","1974":"n","1975":" ","1976":" ","1977":" ","1978":" ","1979":" ","1980":" ","1981":"<","1982":"t","1983":"e","1984":"m","1985":"p","1986":"l","1987":"a","1988":"t","1989":"e","1990":" ","1991":"v","1992":"-","1993":"s","1994":"l","1995":"o","1996":"t","1997":":","1998":"a","1999":"c","2000":"t","2001":"i","2002":"v","2003":"a","2004":"t","2005":"o","2006":"r","2007":"=","2008":"\\","2009":"\"","2010":"{","2011":" ","2012":"p","2013":"r","2014":"o","2015":"p","2016":"s","2017":" ","2018":"}","2019":"\\","2020":"\"","2021":">","2022":"\\","2023":"n","2024":" ","2025":" ","2026":" ","2027":" ","2028":" ","2029":" ","2030":" ","2031":" ","2032":"<","2033":"v","2034":"-","2035":"c","2036":"h","2037":"i","2038":"p","2039":" ","2040":"p","2041":"i","2042":"l","2043":"l","2044":" ","2045":"v","2046":"-","2047":"b","2048":"i","2049":"n","2050":"d","2051":"=","2052":"\\","2053":"\"","2054":"p","2055":"r","2056":"o","2057":"p","2058":"s","2059":"\\","2060":"\"","2061":" ","2062":"l","2063":"i","2064":"n","2065":"k","2066":">","2067":"\\","2068":"n","2069":" ","2070":" ","2071":" ","2072":" ","2073":" ","2074":" ","2075":" ","2076":" ","2077":" ","2078":" ","2079":"<","2080":"v","2081":"-","2082":"a","2083":"v","2084":"a","2085":"t","2086":"a","2087":"r","2088":" ","2089":"s","2090":"t","2091":"a","2092":"r","2093":"t","2094":">","2095":"\\","2096":"n","2097":" ","2098":" ","2099":" ","2100":" ","2101":" ","2102":" ","2103":" ","2104":" ","2105":" ","2106":" ","2107":" ","2108":" ","2109":"<","2110":"v","2111":"-","2112":"i","2113":"m","2114":"g","2115":"\\","2116":"n","2117":" ","2118":" ","2119":" ","2120":" ","2121":" ","2122":" ","2123":" ","2124":" ","2125":" ","2126":" ","2127":" ","2128":" ","2129":" ","2130":" ","2131":"v","2132":"-","2133":"i","2134":"f","2135":"=","2136":"\\","2137":"\"","2138":"u","2139":"s","2140":"e","2141":"r","2142":"D","2143":"e","2144":"t","2145":"a","2146":"i","2147":"l","2148":"s","2149":".","2150":"p","2151":"r","2152":"o","2153":"f","2154":"i","2155":"l","2156":"e","2157":"I","2158":"m","2159":"a","2160":"g","2161":"e","2162":"\\","2163":"\"","2164":"\\","2165":"n","2166":" ","2167":" ","2168":" ","2169":" ","2170":" ","2171":" ","2172":" ","2173":" ","2174":" ","2175":" ","2176":" ","2177":" ","2178":" ","2179":" ","2180":":","2181":"s","2182":"r","2183":"c","2184":"=","2185":"\\","2186":"\"","2187":"`","2188":"h","2189":"t","2190":"t","2191":"p","2192":":","2193":"/","2194":"/","2195":"l","2196":"o","2197":"c","2198":"a","2199":"l","2200":"h","2201":"o","2202":"s","2203":"t","2204":":","2205":"3","2206":"0","2207":"0","2208":"0","2209":"/","2210":"I","2211":"m","2212":"a","2213":"g","2214":"e","2215":"s","2216":"/","2217":"$","2218":"{","2219":"u","2220":"s","2221":"e","2222":"r","2223":"D","2224":"e","2225":"t","2226":"a","2227":"i","2228":"l","2229":"s","2230":".","2231":"p","2232":"r","2233":"o","2234":"f","2235":"i","2236":"l","2237":"e","2238":"I","2239":"m","2240":"a","2241":"g","2242":"e","2243":"}","2244":"`","2245":"\\","2246":"\"","2247":"\\","2248":"n","2249":" ","2250":" ","2251":" ","2252":" ","2253":" ","2254":" ","2255":" ","2256":" ","2257":" ","2258":" ","2259":" ","2260":" ","2261":">","2262":"<","2263":"/","2264":"v","2265":"-","2266":"i","2267":"m","2268":"g","2269":">","2270":"\\","2271":"n","2272":" ","2273":" ","2274":" ","2275":" ","2276":" ","2277":" ","2278":" ","2279":" ","2280":" ","2281":" ","2282":" ","2283":" ","2284":"<","2285":"v","2286":"-","2287":"i","2288":"m","2289":"g","2290":" ","2291":"v","2292":"-","2293":"e","2294":"l","2295":"s","2296":"e","2297":" ","2298":"s","2299":"r","2300":"c","2301":"=","2302":"\\","2303":"\"","2304":".","2305":".","2306":"/","2307":".","2308":".","2309":"/","2310":"a","2311":"s","2312":"s","2313":"e","2314":"t","2315":"s","2316":"/","2317":"a","2318":"c","2319":"c","2320":"o","2321":"u","2322":"n","2323":"t","2324":".","2325":"s","2326":"v","2327":"g","2328":"\\","2329":"\"","2330":">","2331":"<","2332":"/","2333":"v","2334":"-","2335":"i","2336":"m","2337":"g","2338":">","2339":"\\","2340":"n","2341":" ","2342":" ","2343":" ","2344":" ","2345":" ","2346":" ","2347":" ","2348":" ","2349":" ","2350":" ","2351":"<","2352":"/","2353":"v","2354":"-","2355":"a","2356":"v","2357":"a","2358":"t","2359":"a","2360":"r","2361":">","2362":"\\","2363":"n","2364":" ","2365":" ","2366":" ","2367":" ","2368":" ","2369":" ","2370":" ","2371":" ","2372":" ","2373":" ","2374":"{","2375":"{","2376":" ","2377":"u","2378":"s","2379":"e","2380":"r","2381":"D","2382":"e","2383":"t","2384":"a","2385":"i","2386":"l","2387":"s","2388":".","2389":"n","2390":"a","2391":"m","2392":"e","2393":" ","2394":"}","2395":"}","2396":"\\","2397":"n","2398":" ","2399":" ","2400":" ","2401":" ","2402":" ","2403":" ","2404":" ","2405":" ","2406":" ","2407":" ","2408":"<","2409":"!","2410":"-","2411":"-","2412":" ","2413":"{","2414":"{","2415":"t","2416":"h","2417":"i","2418":"s","2419":"[","2420":"'","2421":"a","2422":"u","2423":"t","2424":"h","2425":"/","2426":"u","2427":"s","2428":"e","2429":"r","2430":"D","2431":"a","2432":"t","2433":"a","2434":"G","2435":"e","2436":"t","2437":"t","2438":"e","2439":"r","2440":"'","2441":"]","2442":".","2443":"u","2444":"s","2445":"e","2446":"r","2447":".","2448":"n","2449":"a","2450":"m","2451":"e","2452":"}","2453":"}","2454":" ","2455":"-","2456":"-","2457":">","2458":"\\","2459":"n","2460":" ","2461":" ","2462":" ","2463":" ","2464":" ","2465":" ","2466":" ","2467":" ","2468":"<","2469":"/","2470":"v","2471":"-","2472":"c","2473":"h","2474":"i","2475":"p","2476":">","2477":"\\","2478":"n","2479":" ","2480":" ","2481":" ","2482":" ","2483":" ","2484":" ","2485":"<","2486":"/","2487":"t","2488":"e","2489":"m","2490":"p","2491":"l","2492":"a","2493":"t","2494":"e","2495":">","2496":"\\","2497":"n","2498":"\\","2499":"n","2500":" ","2501":" ","2502":" ","2503":" ","2504":" ","2505":" ","2506":"<","2507":"v","2508":"-","2509":"l","2510":"i","2511":"s","2512":"t","2513":" ","2514":"b","2515":"g","2516":"-","2517":"c","2518":"o","2519":"l","2520":"o","2521":"r","2522":"=","2523":"\\","2524":"\"","2525":"w","2526":"h","2527":"i","2528":"t","2529":"e","2530":"\\","2531":"\"","2532":">","2533":"\\","2534":"n","2535":" ","2536":" ","2537":" ","2538":" ","2539":" ","2540":" ","2541":" ","2542":" ","2543":"<","2544":"v","2545":"-","2546":"l","2547":"i","2548":"s","2549":"t","2550":"-","2551":"i","2552":"t","2553":"e","2554":"m","2555":">","2556":"\\","2557":"n","2558":" ","2559":" ","2560":" ","2561":" ","2562":" ","2563":" ","2564":" ","2565":" ","2566":" ","2567":" ","2568":"<","2569":"t","2570":"e","2571":"m","2572":"p","2573":"l","2574":"a","2575":"t","2576":"e","2577":" ","2578":"v","2579":"-","2580":"s","2581":"l","2582":"o","2583":"t","2584":":","2585":"p","2586":"r","2587":"e","2588":"p","2589":"e","2590":"n","2591":"d","2592":">","2593":"\\","2594":"n","2595":" ","2596":" ","2597":" ","2598":" ","2599":" ","2600":" ","2601":" ","2602":" ","2603":" ","2604":" ","2605":" ","2606":" ","2607":"<","2608":"v","2609":"-","2610":"a","2611":"v","2612":"a","2613":"t","2614":"a","2615":"r","2616":"\\","2617":"n","2618":" ","2619":" ","2620":" ","2621":" ","2622":" ","2623":" ","2624":" ","2625":" ","2626":" ","2627":" ","2628":" ","2629":" ","2630":" ","2631":" ","2632":"v","2633":"-","2634":"i","2635":"f","2636":"=","2637":"\\","2638":"\"","2639":"u","2640":"s","2641":"e","2642":"r","2643":"D","2644":"e","2645":"t","2646":"a","2647":"i","2648":"l","2649":"s","2650":".","2651":"p","2652":"r","2653":"o","2654":"f","2655":"i","2656":"l","2657":"e","2658":"I","2659":"m","2660":"a","2661":"g","2662":"e","2663":"\\","2664":"\"","2665":"\\","2666":"n","2667":" ","2668":" ","2669":" ","2670":" ","2671":" ","2672":" ","2673":" ","2674":" ","2675":" ","2676":" ","2677":" ","2678":" ","2679":" ","2680":" ","2681":":","2682":"i","2683":"m","2684":"a","2685":"g","2686":"e","2687":"=","2688":"\\","2689":"\"","2690":"`","2691":"h","2692":"t","2693":"t","2694":"p","2695":":","2696":"/","2697":"/","2698":"l","2699":"o","2700":"c","2701":"a","2702":"l","2703":"h","2704":"o","2705":"s","2706":"t","2707":":","2708":"3","2709":"0","2710":"0","2711":"0","2712":"/","2713":"I","2714":"m","2715":"a","2716":"g","2717":"e","2718":"s","2719":"/","2720":"$","2721":"{","2722":"u","2723":"s","2724":"e","2725":"r","2726":"D","2727":"e","2728":"t","2729":"a","2730":"i","2731":"l","2732":"s","2733":".","2734":"p","2735":"r","2736":"o","2737":"f","2738":"i","2739":"l","2740":"e","2741":"I","2742":"m","2743":"a","2744":"g","2745":"e","2746":"}","2747":"`","2748":"\\","2749":"\"","2750":"\\","2751":"n","2752":" ","2753":" ","2754":" ","2755":" ","2756":" ","2757":" ","2758":" ","2759":" ","2760":" ","2761":" ","2762":" ","2763":" ","2764":">","2765":"<","2766":"/","2767":"v","2768":"-","2769":"a","2770":"v","2771":"a","2772":"t","2773":"a","2774":"r","2775":">","2776":"\\","2777":"n","2778":" ","2779":" ","2780":" ","2781":" ","2782":" ","2783":" ","2784":" ","2785":" ","2786":" ","2787":" ","2788":" ","2789":" ","2790":"<","2791":"v","2792":"-","2793":"a","2794":"v","2795":"a","2796":"t","2797":"a","2798":"r","2799":"\\","2800":"n","2801":" ","2802":" ","2803":" ","2804":" ","2805":" ","2806":" ","2807":" ","2808":" ","2809":" ","2810":" ","2811":" ","2812":" ","2813":" ","2814":" ","2815":"v","2816":"-","2817":"e","2818":"l","2819":"s","2820":"e","2821":"\\","2822":"n","2823":" ","2824":" ","2825":" ","2826":" ","2827":" ","2828":" ","2829":" ","2830":" ","2831":" ","2832":" ","2833":" ","2834":" ","2835":" ","2836":" ","2837":":","2838":"i","2839":"m","2840":"a","2841":"g","2842":"e","2843":"=","2844":"\\","2845":"\"","2846":"r","2847":"e","2848":"q","2849":"u","2850":"i","2851":"r","2852":"e","2853":"(","2854":"'","2855":"@","2856":"/","2857":"a","2858":"s","2859":"s","2860":"e","2861":"t","2862":"s","2863":"/","2864":"a","2865":"c","2866":"c","2867":"o","2868":"u","2869":"n","2870":"t","2871":".","2872":"s","2873":"v","2874":"g","2875":"'","2876":")","2877":"\\","2878":"\"","2879":"\\","2880":"n","2881":" ","2882":" ","2883":" ","2884":" ","2885":" ","2886":" ","2887":" ","2888":" ","2889":" ","2890":" ","2891":" ","2892":" ","2893":">","2894":"<","2895":"/","2896":"v","2897":"-","2898":"a","2899":"v","2900":"a","2901":"t","2902":"a","2903":"r","2904":">","2905":"\\","2906":"n","2907":" ","2908":" ","2909":" ","2910":" ","2911":" ","2912":" ","2913":" ","2914":" ","2915":" ","2916":" ","2917":"<","2918":"/","2919":"t","2920":"e","2921":"m","2922":"p","2923":"l","2924":"a","2925":"t","2926":"e","2927":">","2928":"\\","2929":"n","2930":"\\","2931":"n","2932":" ","2933":" ","2934":" ","2935":" ","2936":" ","2937":" ","2938":" ","2939":" ","2940":" ","2941":" ","2942":"<","2943":"v","2944":"-","2945":"l","2946":"i","2947":"s","2948":"t","2949":"-","2950":"i","2951":"t","2952":"e","2953":"m","2954":"-","2955":"t","2956":"i","2957":"t","2958":"l","2959":"e","2960":">","2961":"{","2962":"{","2963":" ","2964":"u","2965":"s","2966":"e","2967":"r","2968":"D","2969":"e","2970":"t","2971":"a","2972":"i","2973":"l","2974":"s","2975":".","2976":"n","2977":"a","2978":"m","2979":"e","2980":" ","2981":"}","2982":"}","2983":"<","2984":"/","2985":"v","2986":"-","2987":"l","2988":"i","2989":"s","2990":"t","2991":"-","2992":"i","2993":"t","2994":"e","2995":"m","2996":"-","2997":"t","2998":"i","2999":"t","3000":"l","3001":"e","3002":">","3003":"\\","3004":"n","3005":"\\","3006":"n","3007":" ","3008":" ","3009":" ","3010":" ","3011":" ","3012":" ","3013":" ","3014":" ","3015":" ","3016":" ","3017":"<","3018":"v","3019":"-","3020":"l","3021":"i","3022":"s","3023":"t","3024":"-","3025":"i","3026":"t","3027":"e","3028":"m","3029":"-","3030":"s","3031":"u","3032":"b","3033":"t","3034":"i","3035":"t","3036":"l","3037":"e","3038":">","3039":"{","3040":"{","3041":" ","3042":"u","3043":"s","3044":"e","3045":"r","3046":"D","3047":"e","3048":"t","3049":"a","3050":"i","3051":"l","3052":"s","3053":".","3054":"e","3055":"m","3056":"a","3057":"i","3058":"l","3059":" ","3060":"}","3061":"}","3062":"<","3063":"/","3064":"v","3065":"-","3066":"l","3067":"i","3068":"s","3069":"t","3070":"-","3071":"i","3072":"t","3073":"e","3074":"m","3075":"-","3076":"s","3077":"u","3078":"b","3079":"t","3080":"i","3081":"t","3082":"l","3083":"e","3084":">","3085":"\\","3086":"n","3087":"\\","3088":"n","3089":" ","3090":" ","3091":" ","3092":" ","3093":" ","3094":" ","3095":" ","3096":" ","3097":" ","3098":" ","3099":"<","3100":"t","3101":"e","3102":"m","3103":"p","3104":"l","3105":"a","3106":"t","3107":"e","3108":" ","3109":"v","3110":"-","3111":"s","3112":"l","3113":"o","3114":"t","3115":":","3116":"a","3117":"p","3118":"p","3119":"e","3120":"n","3121":"d","3122":">","3123":"\\","3124":"n","3125":" ","3126":" ","3127":" ","3128":" ","3129":" ","3130":" ","3131":" ","3132":" ","3133":" ","3134":" ","3135":" ","3136":" ","3137":"<","3138":"v","3139":"-","3140":"b","3141":"t","3142":"n","3143":" ","3144":"i","3145":"c","3146":"o","3147":"n","3148":" ","3149":"v","3150":"a","3151":"r","3152":"i","3153":"a","3154":"n","3155":"t","3156":"=","3157":"\\","3158":"\"","3159":"t","3160":"e","3161":"x","3162":"t","3163":"\\","3164":"\"","3165":" ","3166":"@","3167":"c","3168":"l","3169":"i","3170":"c","3171":"k","3172":"=","3173":"\\","3174":"\"","3175":"m","3176":"e","3177":"n","3178":"u","3179":" ","3180":"=","3181":" ","3182":"f","3183":"a","3184":"l","3185":"s","3186":"e","3187":"\\","3188":"\"","3189":">","3190":"\\","3191":"n","3192":" ","3193":" ","3194":" ","3195":" ","3196":" ","3197":" ","3198":" ","3199":" ","3200":" ","3201":" ","3202":" ","3203":" ","3204":" ","3205":" ","3206":"<","3207":"v","3208":"-","3209":"i","3210":"c","3211":"o","3212":"n","3213":">","3214":"m","3215":"d","3216":"i","3217":"-","3218":"c","3219":"l","3220":"o","3221":"s","3222":"e","3223":"-","3224":"c","3225":"i","3226":"r","3227":"c","3228":"l","3229":"e","3230":"<","3231":"/","3232":"v","3233":"-","3234":"i","3235":"c","3236":"o","3237":"n","3238":">","3239":"\\","3240":"n","3241":" ","3242":" ","3243":" ","3244":" ","3245":" ","3246":" ","3247":" ","3248":" ","3249":" ","3250":" ","3251":" ","3252":" ","3253":"<","3254":"/","3255":"v","3256":"-","3257":"b","3258":"t","3259":"n","3260":">","3261":"\\","3262":"n","3263":" ","3264":" ","3265":" ","3266":" ","3267":" ","3268":" ","3269":" ","3270":" ","3271":" ","3272":" ","3273":"<","3274":"/","3275":"t","3276":"e","3277":"m","3278":"p","3279":"l","3280":"a","3281":"t","3282":"e","3283":">","3284":"\\","3285":"n","3286":" ","3287":" ","3288":" ","3289":" ","3290":" ","3291":" ","3292":" ","3293":" ","3294":"<","3295":"/","3296":"v","3297":"-","3298":"l","3299":"i","3300":"s","3301":"t","3302":"-","3303":"i","3304":"t","3305":"e","3306":"m","3307":">","3308":"\\","3309":"n","3310":" ","3311":" ","3312":" ","3313":" ","3314":" ","3315":" ","3316":"<","3317":"/","3318":"v","3319":"-","3320":"l","3321":"i","3322":"s","3323":"t","3324":">","3325":"\\","3326":"n","3327":"\\","3328":"n","3329":" ","3330":" ","3331":" ","3332":" ","3333":" ","3334":" ","3335":"<","3336":"v","3337":"-","3338":"l","3339":"i","3340":"s","3341":"t","3342":">","3343":"\\","3344":"n","3345":" ","3346":" ","3347":" ","3348":" ","3349":" ","3350":" ","3351":" ","3352":" ","3353":"<","3354":"v","3355":"-","3356":"l","3357":"i","3358":"s","3359":"t","3360":"-","3361":"i","3362":"t","3363":"e","3364":"m","3365":" ","3366":"l","3367":"i","3368":"n","3369":"k","3370":" ","3371":"p","3372":"r","3373":"e","3374":"p","3375":"e","3376":"n","3377":"d","3378":"-","3379":"i","3380":"c","3381":"o","3382":"n","3383":"=","3384":"\\","3385":"\"","3386":"m","3387":"d","3388":"i","3389":"-","3390":"p","3391":"e","3392":"n","3393":"c","3394":"i","3395":"l","3396":"\\","3397":"\"","3398":">","3399":"\\","3400":"n","3401":" ","3402":" ","3403":" ","3404":" ","3405":" ","3406":" ","3407":" ","3408":" ","3409":" ","3410":" ","3411":"<","3412":"v","3413":"-","3414":"l","3415":"i","3416":"s","3417":"t","3418":"-","3419":"i","3420":"t","3421":"e","3422":"m","3423":"-","3424":"s","3425":"u","3426":"b","3427":"t","3428":"i","3429":"t","3430":"l","3431":"e","3432":">","3433":"E","3434":"d","3435":"i","3436":"t","3437":" ","3438":"<","3439":"/","3440":"v","3441":"-","3442":"l","3443":"i","3444":"s","3445":"t","3446":"-","3447":"i","3448":"t","3449":"e","3450":"m","3451":"-","3452":"s","3453":"u","3454":"b","3455":"t","3456":"i","3457":"t","3458":"l","3459":"e","3460":">","3461":"\\","3462":"n","3463":"\\","3464":"n","3465":" ","3466":" ","3467":" ","3468":" ","3469":" ","3470":" ","3471":" ","3472":" ","3473":" ","3474":" ","3475":"<","3476":"!","3477":"-","3478":"-","3479":" ","3480":"P","3481":"r","3482":"o","3483":"f","3484":"i","3485":"l","3486":"e","3487":" ","3488":"E","3489":"d","3490":"i","3491":"t","3492":" ","3493":"D","3494":"i","3495":"a","3496":"l","3497":"o","3498":"g","3499":" ","3500":"-","3501":"-","3502":">","3503":"\\","3504":"n","3505":" ","3506":" ","3507":" ","3508":" ","3509":" ","3510":" ","3511":" ","3512":" ","3513":" ","3514":" ","3515":"<","3516":"v","3517":"-","3518":"d","3519":"i","3520":"a","3521":"l","3522":"o","3523":"g","3524":"\\","3525":"n","3526":" ","3527":" ","3528":" ","3529":" ","3530":" ","3531":" ","3532":" ","3533":" ","3534":" ","3535":" ","3536":" ","3537":" ","3538":"v","3539":"-","3540":"m","3541":"o","3542":"d","3543":"e","3544":"l","3545":"=","3546":"\\","3547":"\"","3548":"e","3549":"d","3550":"i","3551":"t","3552":"D","3553":"i","3554":"a","3555":"l","3556":"o","3557":"g","3558":"\\","3559":"\"","3560":"\\","3561":"n","3562":" ","3563":" ","3564":" ","3565":" ","3566":" ","3567":" ","3568":" ","3569":" ","3570":" ","3571":" ","3572":" ","3573":" ","3574":"a","3575":"c","3576":"t","3577":"i","3578":"v","3579":"a","3580":"t","3581":"o","3582":"r","3583":"=","3584":"\\","3585":"\"","3586":"p","3587":"a","3588":"r","3589":"e","3590":"n","3591":"t","3592":"\\","3593":"\"","3594":"\\","3595":"n","3596":" ","3597":" ","3598":" ","3599":" ","3600":" ","3601":" ","3602":" ","3603":" ","3604":" ","3605":" ","3606":" ","3607":" ","3608":"w","3609":"i","3610":"d","3611":"t","3612":"h","3613":"=","3614":"\\","3615":"\"","3616":"6","3617":"0","3618":"%","3619":"\\","3620":"\"","3621":"\\","3622":"n","3623":" ","3624":" ","3625":" ","3626":" ","3627":" ","3628":" ","3629":" ","3630":" ","3631":" ","3632":" ","3633":" ","3634":" ","3635":"h","3636":"e","3637":"i","3638":"g","3639":"h","3640":"t","3641":"=","3642":"\\","3643":"\"","3644":"8","3645":"0","3646":"%","3647":"\\","3648":"\"","3649":"\\","3650":"n","3651":" ","3652":" ","3653":" ","3654":" ","3655":" ","3656":" ","3657":" ","3658":" ","3659":" ","3660":" ","3661":">","3662":"\\","3663":"n","3664":" ","3665":" ","3666":" ","3667":" ","3668":" ","3669":" ","3670":" ","3671":" ","3672":" ","3673":" ","3674":"<","3675":"v","3676":"-","3677":"c","3678":"a","3679":"r","3680":"d","3681":">","3682":"\\","3683":"n","3684":" ","3685":" ","3686":" ","3687":" ","3688":" ","3689":" ","3690":" ","3691":" ","3692":" ","3693":" ","3694":" ","3695":" ","3696":"<","3697":"v","3698":"-","3699":"c","3700":"a","3701":"r","3702":"d","3703":" ","3704":"s","3705":"t","3706":"y","3707":"l","3708":"e","3709":"=","3710":"\\","3711":"\"","3712":"w","3713":"i","3714":"d","3715":"t","3716":"h","3717":":","3718":" ","3719":"9","3720":"0","3721":"%","3722":";","3723":" ","3724":"m","3725":"a","3726":"r","3727":"g","3728":"i","3729":"n","3730":":","3731":" ","3732":"4","3733":"%","3734":";","3735":" ","3736":"d","3737":"i","3738":"s","3739":"p","3740":"l","3741":"a","3742":"y","3743":":","3744":" ","3745":"i","3746":"n","3747":"l","3748":"i","3749":"n","3750":"e","3751":";","3752":"\\","3753":"\"","3754":" ","3755":"e","3756":"l","3757":"e","3758":"v","3759":"a","3760":"t","3761":"i","3762":"o","3763":"n","3764":"=","3765":"\\","3766":"\"","3767":"0","3768":"\\","3769":"\"","3770":">","3771":"\\","3772":"n","3773":" ","3774":" ","3775":" ","3776":" ","3777":" ","3778":" ","3779":" ","3780":" ","3781":" ","3782":" ","3783":" ","3784":" ","3785":" ","3786":" ","3787":"<","3788":"v","3789":"-","3790":"b","3791":"t","3792":"n","3793":"\\","3794":"n","3795":" ","3796":" ","3797":" ","3798":" ","3799":" ","3800":" ","3801":" ","3802":" ","3803":" ","3804":" ","3805":" ","3806":" ","3807":" ","3808":" ","3809":" ","3810":" ","3811":"s","3812":"t","3813":"y","3814":"l","3815":"e","3816":"=","3817":"\\","3818":"\"","3819":"m","3820":"a","3821":"r","3822":"g","3823":"i","3824":"n","3825":"-","3826":"l","3827":"e","3828":"f","3829":"t","3830":":","3831":" ","3832":"9","3833":"0","3834":"%","3835":"\\","3836":"\"","3837":"\\","3838":"n","3839":" ","3840":" ","3841":" ","3842":" ","3843":" ","3844":" ","3845":" ","3846":" ","3847":" ","3848":" ","3849":" ","3850":" ","3851":" ","3852":" ","3853":" ","3854":" ","3855":"e","3856":"l","3857":"e","3858":"v","3859":"a","3860":"t","3861":"i","3862":"o","3863":"n","3864":"=","3865":"\\","3866":"\"","3867":"0","3868":"\\","3869":"\"","3870":"\\","3871":"n","3872":" ","3873":" ","3874":" ","3875":" ","3876":" ","3877":" ","3878":" ","3879":" ","3880":" ","3881":" ","3882":" ","3883":" ","3884":" ","3885":" ","3886":" ","3887":" ","3888":"@","3889":"c","3890":"l","3891":"i","3892":"c","3893":"k","3894":"=","3895":"\\","3896":"\"","3897":"e","3898":"d","3899":"i","3900":"t","3901":"D","3902":"i","3903":"a","3904":"l","3905":"o","3906":"g","3907":" ","3908":"=","3909":" ","3910":"f","3911":"a","3912":"l","3913":"s","3914":"e","3915":"\\","3916":"\"","3917":"\\","3918":"n","3919":" ","3920":" ","3921":" ","3922":" ","3923":" ","3924":" ","3925":" ","3926":" ","3927":" ","3928":" ","3929":" ","3930":" ","3931":" ","3932":" ","3933":">","3934":"\\","3935":"n","3936":" ","3937":" ","3938":" ","3939":" ","3940":" ","3941":" ","3942":" ","3943":" ","3944":" ","3945":" ","3946":" ","3947":" ","3948":" ","3949":" ","3950":" ","3951":" ","3952":"<","3953":"v","3954":"-","3955":"i","3956":"c","3957":"o","3958":"n","3959":" ","3960":"c","3961":"o","3962":"l","3963":"o","3964":"r","3965":"=","3966":"\\","3967":"\"","3968":"r","3969":"e","3970":"d","3971":"\\","3972":"\"","3973":" ","3974":"s","3975":"i","3976":"z","3977":"e","3978":"=","3979":"\\","3980":"\"","3981":"l","3982":"a","3983":"r","3984":"g","3985":"e","3986":"\\","3987":"\"","3988":">","3989":"m","3990":"d","3991":"i","3992":"-","3993":"c","3994":"l","3995":"o","3996":"s","3997":"e","3998":"-","3999":"c","4000":"i","4001":"r","4002":"c","4003":"l","4004":"e","4005":"<","4006":"/","4007":"v","4008":"-","4009":"i","4010":"c","4011":"o","4012":"n","4013":">","4014":"\\","4015":"n","4016":" ","4017":" ","4018":" ","4019":" ","4020":" ","4021":" ","4022":" ","4023":" ","4024":" ","4025":" ","4026":" ","4027":" ","4028":" ","4029":" ","4030":"<","4031":"/","4032":"v","4033":"-","4034":"b","4035":"t","4036":"n","4037":">","4038":"\\","4039":"n","4040":"\\","4041":"n","4042":" ","4043":" ","4044":" ","4045":" ","4046":" ","4047":" ","4048":" ","4049":" ","4050":" ","4051":" ","4052":" ","4053":" ","4054":" ","4055":" ","4056":"<","4057":"!","4058":"-","4059":"-","4060":" ","4061":"<","4062":"v","4063":"-","4064":"c","4065":"a","4066":"r","4067":"d","4068":" ","4069":"s","4070":"t","4071":"y","4072":"l","4073":"e","4074":"=","4075":"\\","4076":"\"","4077":"w","4078":"i","4079":"d","4080":"t","4081":"h","4082":":","4083":" ","4084":"9","4085":"5","4086":"%","4087":";","4088":" ","4089":"h","4090":"e","4091":"i","4092":"g","4093":"h","4094":"t","4095":":","4096":" ","4097":"9","4098":"5","4099":"%","4100":";","4101":" ","4102":"m","4103":"a","4104":"r","4105":"g","4106":"i","4107":"n","4108":":","4109":" ","4110":"a","4111":"u","4112":"t","4113":"o","4114":"\\","4115":"\"","4116":">","4117":" ","4118":"-","4119":"-","4120":">","4121":"\\","4122":"n","4123":" ","4124":" ","4125":" ","4126":" ","4127":" ","4128":" ","4129":" ","4130":" ","4131":" ","4132":" ","4133":" ","4134":" ","4135":" ","4136":" ","4137":" ","4138":" ","4139":"<","4140":"h","4141":"4","4142":">","4143":"E","4144":"d","4145":"i","4146":"t","4147":" ","4148":"P","4149":"r","4150":"o","4151":"f","4152":"i","4153":"l","4154":"e","4155":"<","4156":"/","4157":"h","4158":"4","4159":">","4160":"\\","4161":"n","4162":"\\","4163":"n","4164":" ","4165":" ","4166":" ","4167":" ","4168":" ","4169":" ","4170":" ","4171":" ","4172":" ","4173":" ","4174":" ","4175":" ","4176":" ","4177":" ","4178":" ","4179":" ","4180":"<","4181":"!","4182":"-","4183":"-","4184":" ","4185":"F","4186":"O","4187":"R","4188":"M","4189":" ","4190":"-","4191":"-","4192":">","4193":"\\","4194":"n","4195":" ","4196":" ","4197":" ","4198":" ","4199":" ","4200":" ","4201":" ","4202":" ","4203":" ","4204":" ","4205":" ","4206":" ","4207":" ","4208":" ","4209":" ","4210":" ","4211":"<","4212":"f","4213":"o","4214":"r","4215":"m","4216":">","4217":"\\","4218":"n","4219":" ","4220":" ","4221":" ","4222":" ","4223":" ","4224":" ","4225":" ","4226":" ","4227":" ","4228":" ","4229":" ","4230":" ","4231":" ","4232":" ","4233":" ","4234":" ","4235":" ","4236":" ","4237":"<","4238":"v","4239":"-","4240":"t","4241":"e","4242":"x","4243":"t","4244":"-","4245":"f","4246":"i","4247":"e","4248":"l","4249":"d","4250":"\\","4251":"n","4252":" ","4253":" ","4254":" ","4255":" ","4256":" ","4257":" ","4258":" ","4259":" ","4260":" ","4261":" ","4262":" ","4263":" ","4264":" ","4265":" ","4266":" ","4267":" ","4268":" ","4269":" ","4270":" ","4271":" ","4272":"v","4273":"-","4274":"m","4275":"o","4276":"d","4277":"e","4278":"l","4279":"=","4280":"\\","4281":"\"","4282":"e","4283":"d","4284":"i","4285":"t","4286":"N","4287":"a","4288":"m","4289":"e","4290":"\\","4291":"\"","4292":"\\","4293":"n","4294":" ","4295":" ","4296":" ","4297":" ","4298":" ","4299":" ","4300":" ","4301":" ","4302":" ","4303":" ","4304":" ","4305":" ","4306":" ","4307":" ","4308":" ","4309":" ","4310":" ","4311":" ","4312":" ","4313":" ","4314":"l","4315":"a","4316":"b","4317":"e","4318":"l","4319":"=","4320":"\\","4321":"\"","4322":"N","4323":"a","4324":"m","4325":"e","4326":"\\","4327":"\"","4328":"\\","4329":"n","4330":" ","4331":" ","4332":" ","4333":" ","4334":" ","4335":" ","4336":" ","4337":" ","4338":" ","4339":" ","4340":" ","4341":" ","4342":" ","4343":" ","4344":" ","4345":" ","4346":" ","4347":" ","4348":" ","4349":" ","4350":"r","4351":"e","4352":"q","4353":"u","4354":"i","4355":"r","4356":"e","4357":"d","4358":"\\","4359":"n","4360":" ","4361":" ","4362":" ","4363":" ","4364":" ","4365":" ","4366":" ","4367":" ","4368":" ","4369":" ","4370":" ","4371":" ","4372":" ","4373":" ","4374":" ","4375":" ","4376":" ","4377":" ","4378":">","4379":"<","4380":"/","4381":"v","4382":"-","4383":"t","4384":"e","4385":"x","4386":"t","4387":"-","4388":"f","4389":"i","4390":"e","4391":"l","4392":"d","4393":">","4394":"\\","4395":"n","4396":"\\","4397":"n","4398":" ","4399":" ","4400":" ","4401":" ","4402":" ","4403":" ","4404":" ","4405":" ","4406":" ","4407":" ","4408":" ","4409":" ","4410":" ","4411":" ","4412":" ","4413":" ","4414":" ","4415":" ","4416":"<","4417":"v","4418":"-","4419":"f","4420":"i","4421":"l","4422":"e","4423":"-","4424":"i","4425":"n","4426":"p","4427":"u","4428":"t","4429":"\\","4430":"n","4431":" ","4432":" ","4433":" ","4434":" ","4435":" ","4436":" ","4437":" ","4438":" ","4439":" ","4440":" ","4441":" ","4442":" ","4443":" ","4444":" ","4445":" ","4446":" ","4447":" ","4448":" ","4449":" ","4450":" ","4451":"l","4452":"a","4453":"b","4454":"e","4455":"l","4456":"=","4457":"\\","4458":"\"","4459":"C","4460":"h","4461":"a","4462":"n","4463":"g","4464":"e","4465":" ","4466":"P","4467":"r","4468":"o","4469":"f","4470":"i","4471":"l","4472":"e","4473":" ","4474":"I","4475":"m","4476":"a","4477":"g","4478":"e","4479":"\\","4480":"\"","4481":"\\","4482":"n","4483":" ","4484":" ","4485":" ","4486":" ","4487":" ","4488":" ","4489":" ","4490":" ","4491":" ","4492":" ","4493":" ","4494":" ","4495":" ","4496":" ","4497":" ","4498":" ","4499":" ","4500":" ","4501":" ","4502":" ","4503":"v","4504":"a","4505":"r","4506":"i","4507":"a","4508":"n","4509":"t","4510":"=","4511":"\\","4512":"\"","4513":"f","4514":"i","4515":"l","4516":"l","4517":"e","4518":"d","4519":"\\","4520":"\"","4521":"\\","4522":"n","4523":" ","4524":" ","4525":" ","4526":" ","4527":" ","4528":" ","4529":" ","4530":" ","4531":" ","4532":" ","4533":" ","4534":" ","4535":" ","4536":" ","4537":" ","4538":" ","4539":" ","4540":" ","4541":" ","4542":" ","4543":"p","4544":"r","4545":"e","4546":"p","4547":"e","4548":"n","4549":"d","4550":"-","4551":"i","4552":"c","4553":"o","4554":"n","4555":"=","4556":"\\","4557":"\"","4558":"m","4559":"d","4560":"i","4561":"-","4562":"c","4563":"a","4564":"m","4565":"e","4566":"r","4567":"a","4568":"\\","4569":"\"","4570":"\\","4571":"n","4572":" ","4573":" ","4574":" ","4575":" ","4576":" ","4577":" ","4578":" ","4579":" ","4580":" ","4581":" ","4582":" ","4583":" ","4584":" ","4585":" ","4586":" ","4587":" ","4588":" ","4589":" ","4590":" ","4591":" ","4592":"v","4593":"-","4594":"m","4595":"o","4596":"d","4597":"e","4598":"l","4599":"=","4600":"\\","4601":"\"","4602":"e","4603":"d","4604":"i","4605":"t","4606":"I","4607":"m","4608":"a","4609":"g","4610":"e","4611":"\\","4612":"\"","4613":"\\","4614":"n","4615":" ","4616":" ","4617":" ","4618":" ","4619":" ","4620":" ","4621":" ","4622":" ","4623":" ","4624":" ","4625":" ","4626":" ","4627":" ","4628":" ","4629":" ","4630":" ","4631":" ","4632":" ","4633":">","4634":"<","4635":"/","4636":"v","4637":"-","4638":"f","4639":"i","4640":"l","4641":"e","4642":"-","4643":"i","4644":"n","4645":"p","4646":"u","4647":"t","4648":">","4649":"\\","4650":"n","4651":"\\","4652":"n","4653":" ","4654":" ","4655":" ","4656":" ","4657":" ","4658":" ","4659":" ","4660":" ","4661":" ","4662":" ","4663":" ","4664":" ","4665":" ","4666":" ","4667":" ","4668":" ","4669":" ","4670":" ","4671":"<","4672":"v","4673":"-","4674":"b","4675":"t","4676":"n","4677":" ","4678":"c","4679":"l","4680":"a","4681":"s","4682":"s","4683":"=","4684":"\\","4685":"\"","4686":"m","4687":"e","4688":"-","4689":"4","4690":"\\","4691":"\"","4692":" ","4693":"@","4694":"c","4695":"l","4696":"i","4697":"c","4698":"k","4699":"=","4700":"\\","4701":"\"","4702":"e","4703":"d","4704":"i","4705":"t","4706":"P","4707":"r","4708":"o","4709":"f","4710":"i","4711":"l","4712":"e","4713":"\\","4714":"\"","4715":">","4716":" ","4717":"s","4718":"u","4719":"b","4720":"m","4721":"i","4722":"t","4723":" ","4724":"<","4725":"/","4726":"v","4727":"-","4728":"b","4729":"t","4730":"n","4731":">","4732":"\\","4733":"n","4734":" ","4735":" ","4736":" ","4737":" ","4738":" ","4739":" ","4740":" ","4741":" ","4742":" ","4743":" ","4744":" ","4745":" ","4746":" ","4747":" ","4748":" ","4749":" ","4750":" ","4751":" ","4752":"<","4753":"v","4754":"-","4755":"b","4756":"t","4757":"n","4758":" ","4759":"@","4760":"c","4761":"l","4762":"i","4763":"c","4764":"k","4765":"=","4766":"\\","4767":"\"","4768":"c","4769":"l","4770":"e","4771":"a","4772":"r","4773":"\\","4774":"\"","4775":">","4776":" ","4777":"c","4778":"l","4779":"e","4780":"a","4781":"r","4782":" ","4783":"<","4784":"/","4785":"v","4786":"-","4787":"b","4788":"t","4789":"n","4790":">","4791":"\\","4792":"n","4793":" ","4794":" ","4795":" ","4796":" ","4797":" ","4798":" ","4799":" ","4800":" ","4801":" ","4802":" ","4803":" ","4804":" ","4805":" ","4806":" ","4807":" ","4808":" ","4809":"<","4810":"/","4811":"f","4812":"o","4813":"r","4814":"m","4815":">","4816":"\\","4817":"n","4818":" ","4819":" ","4820":" ","4821":" ","4822":" ","4823":" ","4824":" ","4825":" ","4826":" ","4827":" ","4828":" ","4829":" ","4830":" ","4831":" ","4832":" ","4833":" ","4834":"<","4835":"v","4836":"-","4837":"c","4838":"a","4839":"r","4840":"d","4841":"-","4842":"a","4843":"c","4844":"t","4845":"i","4846":"o","4847":"n","4848":"s","4849":">","4850":" ","4851":"<","4852":"/","4853":"v","4854":"-","4855":"c","4856":"a","4857":"r","4858":"d","4859":"-","4860":"a","4861":"c","4862":"t","4863":"i","4864":"o","4865":"n","4866":"s","4867":">","4868":"\\","4869":"n","4870":" ","4871":" ","4872":" ","4873":" ","4874":" ","4875":" ","4876":" ","4877":" ","4878":" ","4879":" ","4880":" ","4881":" ","4882":" ","4883":" ","4884":"<","4885":"!","4886":"-","4887":"-","4888":" ","4889":"<","4890":"/","4891":"v","4892":"-","4893":"c","4894":"a","4895":"r","4896":"d","4897":">","4898":" ","4899":"-","4900":"-","4901":">","4902":"\\","4903":"n","4904":" ","4905":" ","4906":" ","4907":" ","4908":" ","4909":" ","4910":" ","4911":" ","4912":" ","4913":" ","4914":" ","4915":" ","4916":"<","4917":"/","4918":"v","4919":"-","4920":"c","4921":"a","4922":"r","4923":"d","4924":">","4925":"\\","4926":"n","4927":" ","4928":" ","4929":" ","4930":" ","4931":" ","4932":" ","4933":" ","4934":" ","4935":" ","4936":" ","4937":"<","4938":"/","4939":"v","4940":"-","4941":"c","4942":"a","4943":"r","4944":"d","4945":">","4946":"\\","4947":"n","4948":" ","4949":" ","4950":" ","4951":" ","4952":" ","4953":" ","4954":" ","4955":" ","4956":" ","4957":" ","4958":"<","4959":"/","4960":"v","4961":"-","4962":"d","4963":"i","4964":"a","4965":"l","4966":"o","4967":"g","4968":">","4969":"\\","4970":"n","4971":" ","4972":" ","4973":" ","4974":" ","4975":" ","4976":" ","4977":" ","4978":" ","4979":"<","4980":"/","4981":"v","4982":"-","4983":"l","4984":"i","4985":"s","4986":"t","4987":"-","4988":"i","4989":"t","4990":"e","4991":"m","4992":">","4993":"\\","4994":"n","4995":"\\","4996":"n","4997":" ","4998":" ","4999":" ","5000":" ","5001":" ","5002":" ","5003":" ","5004":"\\","5005":"n","5006":" ","5007":" ","5008":" ","5009":" ","5010":" ","5011":" ","5012":" ","5013":" ","5014":"<","5015":"!","5016":"-","5017":"-","5018":" ","5019":"L","5020":"o","5021":"g","5022":"o","5023":"u","5024":"t","5025":" ","5026":"-","5027":"-","5028":">","5029":"\\","5030":"n","5031":" ","5032":" ","5033":" ","5034":" ","5035":" ","5036":" ","5037":" ","5038":" ","5039":"<","5040":"v","5041":"-","5042":"l","5043":"i","5044":"s","5045":"t","5046":"-","5047":"i","5048":"t","5049":"e","5050":"m","5051":" ","5052":"l","5053":"i","5054":"n","5055":"k","5056":" ","5057":"p","5058":"r","5059":"e","5060":"p","5061":"e","5062":"n","5063":"d","5064":"-","5065":"i","5066":"c","5067":"o","5068":"n","5069":"=","5070":"\\","5071":"\"","5072":"m","5073":"d","5074":"i","5075":"-","5076":"l","5077":"o","5078":"g","5079":"o","5080":"u","5081":"t","5082":"\\","5083":"\"","5084":">","5085":"\\","5086":"n","5087":" ","5088":" ","5089":" ","5090":" ","5091":" ","5092":" ","5093":" ","5094":" ","5095":" ","5096":" ","5097":"<","5098":"v","5099":"-","5100":"l","5101":"i","5102":"s","5103":"t","5104":"-","5105":"i","5106":"t","5107":"e","5108":"m","5109":"-","5110":"s","5111":"u","5112":"b","5113":"t","5114":"i","5115":"t","5116":"l","5117":"e","5118":">","5119":"L","5120":"o","5121":"g","5122":"o","5123":"u","5124":"t","5125":"<","5126":"/","5127":"v","5128":"-","5129":"l","5130":"i","5131":"s","5132":"t","5133":"-","5134":"i","5135":"t","5136":"e","5137":"m","5138":"-","5139":"s","5140":"u","5141":"b","5142":"t","5143":"i","5144":"t","5145":"l","5146":"e","5147":">","5148":"\\","5149":"n","5150":" ","5151":" ","5152":" ","5153":" ","5154":" ","5155":" ","5156":" ","5157":" ","5158":" ","5159":" ","5160":"<","5161":"!","5162":"-","5163":"-","5164":" ","5165":"L","5166":"o","5167":"g","5168":"o","5169":"u","5170":"t","5171":" ","5172":"D","5173":"i","5174":"a","5175":"l","5176":"o","5177":"g","5178":" ","5179":"-","5180":"-","5181":">","5182":"\\","5183":"n","5184":" ","5185":" ","5186":" ","5187":" ","5188":" ","5189":" ","5190":" ","5191":" ","5192":" ","5193":" ","5194":"<","5195":"v","5196":"-","5197":"d","5198":"i","5199":"a","5200":"l","5201":"o","5202":"g","5203":"\\","5204":"n","5205":" ","5206":" ","5207":" ","5208":" ","5209":" ","5210":" ","5211":" ","5212":" ","5213":" ","5214":" ","5215":" ","5216":" ","5217":"v","5218":"-","5219":"m","5220":"o","5221":"d","5222":"e","5223":"l","5224":"=","5225":"\\","5226":"\"","5227":"l","5228":"o","5229":"g","5230":"o","5231":"u","5232":"t","5233":"D","5234":"i","5235":"a","5236":"l","5237":"o","5238":"g","5239":"\\","5240":"\"","5241":"\\","5242":"n","5243":" ","5244":" ","5245":" ","5246":" ","5247":" ","5248":" ","5249":" ","5250":" ","5251":" ","5252":" ","5253":" ","5254":" ","5255":"a","5256":"c","5257":"t","5258":"i","5259":"v","5260":"a","5261":"t","5262":"o","5263":"r","5264":"=","5265":"\\","5266":"\"","5267":"p","5268":"a","5269":"r","5270":"e","5271":"n","5272":"t","5273":"\\","5274":"\"","5275":"\\","5276":"n","5277":" ","5278":" ","5279":" ","5280":" ","5281":" ","5282":" ","5283":" ","5284":" ","5285":" ","5286":" ","5287":" ","5288":" ","5289":"p","5290":"e","5291":"r","5292":"s","5293":"i","5294":"s","5295":"t","5296":"e","5297":"n","5298":"t","5299":"\\","5300":"n","5301":" ","5302":" ","5303":" ","5304":" ","5305":" ","5306":" ","5307":" ","5308":" ","5309":" ","5310":" ","5311":" ","5312":" ","5313":"s","5314":"t","5315":"y","5316":"l","5317":"e","5318":"=","5319":"\\","5320":"\"","5321":"t","5322":"e","5323":"x","5324":"t","5325":"-","5326":"a","5327":"l","5328":"i","5329":"g","5330":"n","5331":":","5332":" ","5333":"c","5334":"e","5335":"n","5336":"t","5337":"e","5338":"r","5339":";","5340":" ","5341":"w","5342":"i","5343":"d","5344":"t","5345":"h","5346":":","5347":" ","5348":"4","5349":"0","5350":"%","5351":"\\","5352":"\"","5353":"\\","5354":"n","5355":" ","5356":" ","5357":" ","5358":" ","5359":" ","5360":" ","5361":" ","5362":" ","5363":" ","5364":" ","5365":">","5366":"\\","5367":"n","5368":" ","5369":" ","5370":" ","5371":" ","5372":" ","5373":" ","5374":" ","5375":" ","5376":" ","5377":" ","5378":" ","5379":" ","5380":"<","5381":"v","5382":"-","5383":"c","5384":"a","5385":"r","5386":"d","5387":" ","5388":"c","5389":"l","5390":"a","5391":"s","5392":"s","5393":"=","5394":"\\","5395":"\"","5396":"p","5397":"-","5398":"4","5399":" ","5400":"r","5401":"o","5402":"u","5403":"n","5404":"d","5405":"e","5406":"d","5407":"-","5408":"2","5409":"\\","5410":"\"","5411":">","5412":"\\","5413":"n","5414":" ","5415":" ","5416":" ","5417":" ","5418":" ","5419":" ","5420":" ","5421":" ","5422":" ","5423":" ","5424":" ","5425":" ","5426":" ","5427":" ","5428":"<","5429":"h","5430":"5","5431":">","5432":"A","5433":"r","5434":"e","5435":" ","5436":"y","5437":"o","5438":"u","5439":" ","5440":"s","5441":"u","5442":"r","5443":"e","5444":" ","5445":"y","5446":"o","5447":"u","5448":" ","5449":"w","5450":"a","5451":"n","5452":"t","5453":" ","5454":"t","5455":"o","5456":" ","5457":"<","5458":"s","5459":"p","5460":"a","5461":"n","5462":" ","5463":"c","5464":"l","5465":"a","5466":"s","5467":"s","5468":"=","5469":"\\","5470":"\"","5471":"t","5472":"e","5473":"x","5474":"t","5475":"-","5476":"r","5477":"e","5478":"d","5479":"\\","5480":"\"","5481":">","5482":"L","5483":"o","5484":"g","5485":"o","5486":"u","5487":"t","5488":"?","5489":"<","5490":"/","5491":"s","5492":"p","5493":"a","5494":"n","5495":">","5496":"<","5497":"/","5498":"h","5499":"5","5500":">","5501":"\\","5502":"n","5503":" ","5504":" ","5505":" ","5506":" ","5507":" ","5508":" ","5509":" ","5510":" ","5511":" ","5512":" ","5513":" ","5514":" ","5515":" ","5516":" ","5517":"<","5518":"!","5519":"-","5520":"-","5521":" ","5522":"d","5523":"i","5524":"a","5525":"l","5526":"o","5527":"g","5528":" ","5529":"b","5530":"u","5531":"t","5532":"o","5533":"n","5534":"s","5535":" ","5536":"-","5537":"-","5538":">","5539":"\\","5540":"n","5541":" ","5542":" ","5543":" ","5544":" ","5545":" ","5546":" ","5547":" ","5548":" ","5549":" ","5550":" ","5551":" ","5552":" ","5553":" ","5554":" ","5555":"<","5556":"v","5557":"-","5558":"c","5559":"a","5560":"r","5561":"d","5562":"-","5563":"a","5564":"c","5565":"t","5566":"i","5567":"o","5568":"n","5569":"s","5570":">","5571":"\\","5572":"n","5573":" ","5574":" ","5575":" ","5576":" ","5577":" ","5578":" ","5579":" ","5580":" ","5581":" ","5582":" ","5583":" ","5584":" ","5585":" ","5586":" ","5587":" ","5588":" ","5589":"<","5590":"v","5591":"-","5592":"c","5593":"o","5594":"l","5595":" ","5596":"c","5597":"o","5598":"l","5599":"s","5600":"=","5601":"\\","5602":"\"","5603":"6","5604":"\\","5605":"\"","5606":">","5607":"\\","5608":"n","5609":" ","5610":" ","5611":" ","5612":" ","5613":" ","5614":" ","5615":" ","5616":" ","5617":" ","5618":" ","5619":" ","5620":" ","5621":" ","5622":" ","5623":" ","5624":" ","5625":" ","5626":" ","5627":"<","5628":"v","5629":"-","5630":"b","5631":"t","5632":"n","5633":" ","5634":"e","5635":"l","5636":"e","5637":"v","5638":"a","5639":"t","5640":"i","5641":"o","5642":"n","5643":"=","5644":"\\","5645":"\"","5646":"2","5647":"\\","5648":"\"","5649":" ","5650":"c","5651":"o","5652":"l","5653":"o","5654":"r","5655":"=","5656":"\\","5657":"\"","5658":"r","5659":"e","5660":"d","5661":"-","5662":"d","5663":"a","5664":"r","5665":"k","5666":"e","5667":"n","5668":"-","5669":"2","5670":"\\","5671":"\"","5672":" ","5673":"v","5674":"a","5675":"r","5676":"i","5677":"a","5678":"n","5679":"t","5680":"=","5681":"\\","5682":"\"","5683":"t","5684":"e","5685":"x","5686":"t","5687":"\\","5688":"\"","5689":" ","5690":"@","5691":"c","5692":"l","5693":"i","5694":"c","5695":"k","5696":"=","5697":"\\","5698":"\"","5699":"l","5700":"o","5701":"g","5702":"o","5703":"u","5704":"t","5705":"\\","5706":"\"","5707":" ","5708":"a","5709":"p","5710":"p","5711":"e","5712":"n","5713":"d","5714":"-","5715":"i","5716":"c","5717":"o","5718":"n","5719":"=","5720":"\\","5721":"\"","5722":"m","5723":"d","5724":"i","5725":"-","5726":"l","5727":"o","5728":"g","5729":"o","5730":"u","5731":"t","5732":"\\","5733":"\"","5734":">","5735":"\\","5736":"n","5737":" ","5738":" ","5739":" ","5740":" ","5741":" ","5742":" ","5743":" ","5744":" ","5745":" ","5746":" ","5747":" ","5748":" ","5749":" ","5750":" ","5751":" ","5752":" ","5753":" ","5754":" ","5755":" ","5756":" ","5757":"Y","5758":"e","5759":"s","5760":"\\","5761":"n","5762":" ","5763":" ","5764":" ","5765":" ","5766":" ","5767":" ","5768":" ","5769":" ","5770":" ","5771":" ","5772":" ","5773":" ","5774":" ","5775":" ","5776":" ","5777":" ","5778":" ","5779":" ","5780":"<","5781":"/","5782":"v","5783":"-","5784":"b","5785":"t","5786":"n","5787":">","5788":"\\","5789":"n","5790":" ","5791":" ","5792":" ","5793":" ","5794":" ","5795":" ","5796":" ","5797":" ","5798":" ","5799":" ","5800":" ","5801":" ","5802":" ","5803":" ","5804":" ","5805":" ","5806":"<","5807":"/","5808":"v","5809":"-","5810":"c","5811":"o","5812":"l","5813":">","5814":"\\","5815":"n","5816":" ","5817":" ","5818":" ","5819":" ","5820":" ","5821":" ","5822":" ","5823":" ","5824":" ","5825":" ","5826":" ","5827":" ","5828":" ","5829":" ","5830":" ","5831":" ","5832":"<","5833":"v","5834":"-","5835":"c","5836":"o","5837":"l","5838":" ","5839":"c","5840":"o","5841":"l","5842":"s","5843":"=","5844":"\\","5845":"\"","5846":"6","5847":"\\","5848":"\"","5849":">","5850":"\\","5851":"n","5852":" ","5853":" ","5854":" ","5855":" ","5856":" ","5857":" ","5858":" ","5859":" ","5860":" ","5861":" ","5862":" ","5863":" ","5864":" ","5865":" ","5866":" ","5867":" ","5868":" ","5869":" ","5870":"<","5871":"v","5872":"-","5873":"b","5874":"t","58
[...]
1849":"v","1850":"a","1851":"t","1852":"o","1853":"r","1854":"=","1855":"\\","1856":"\"","1857":"p","1858":"a","1859":"r","1860":"e","1861":"n","1862":"t","1863":"\\","1864":"\"","1865":"\\","1866":"n","1867":" ","1868":" ","1869":" ","1870":" ","1871":" ","1872":" ","1873":" ","1874":" ","1875":"w","1876":"i","1877":"d","1878":"t","1879":"h","1880":"=","1881":"\\","1882":"\"","1883":"a","1884":"u","1885":"t","1886":"o","1887":"\\","1888":"\"","1889":"\\","1890":"n","1891":" ","1892":" ","1893":" ","1894":" ","1895":" ","1896":" ","1897":" ","1898":" ","1899":"p","1900":"e","1901":"r","1902":"s","1903":"i","1904":"s","1905":"t","1906":"e","1907":"n","1908":"t","1909":"\\","1910":"n","1911":" ","1912":" ","1913":" ","1914":" ","1915":" ","1916":" ","1917":" ","1918":" ","1919":"c","1920":"l","1921":"a","1922":"s","1923":"s","1924":"=","1925":"\\","1926":"\"","1927":"m","1928":"-","1929":"2","1930":" ","1931":"p","1932":"-","1933":"5","1934":"\\","1935":"\"","1936":"\\","1937":"n","1938":" ","1939":" ","1940":" ","1941":" ","1942":" ","1943":" ","1944":">","1945":"\\","1946":"n","1947":" ","1948":" ","1949":" ","1950":" ","1951":" ","1952":" ","1953":" ","1954":" ","1955":"<","1956":"v","1957":"-","1958":"c","1959":"a","1960":"r","1961":"d","1962":" ","1963":"c","1964":"l","1965":"a","1966":"s","1967":"s","1968":"=","1969":"\\","1970":"\"","1971":"m","1972":"-","1973":"4","1974":" ","1975":"p","1976":"-","1977":"5","1978":"\\","1979":"\"","1980":">","1981":"\\","1982":"n","1983":" ","1984":" ","1985":" ","1986":" ","1987":" ","1988":" ","1989":" ","1990":" ","1991":" ","1992":" ","1993":"<","1994":"v","1995":"-","1996":"b","1997":"t","1998":"n","1999":" ","2000":"@","2001":"c","2002":"l","2003":"i","2004":"c","2005":"k","2006":"=","2007":"\\","2008":"\"","2009":"n","2010":"e","2011":"w","2012":"C","2013":"o","2014":"u","2015":"r","2016":"s","2017":"e","2018":"\\","2019":"\"","2020":">","2021":"C","2022":"r","2023":"e","2024":"a","2025":"t","2026":"e","2027":" ","2028":"N","2029":"e","2030":"w","2031":" ","2032":"C","2033":"o","2034":"u","2035":"r","2036":"s","2037":"e","2038":"<","2039":"/","2040":"v","2041":"-","2042":"b","2043":"t","2044":"n","2045":">","2046":"\\","2047":"n","2048":" ","2049":" ","2050":" ","2051":" ","2052":" ","2053":" ","2054":" ","2055":" ","2056":"<","2057":"v","2058":"-","2059":"b","2060":"t","2061":"n","2062":" ","2063":"n","2064":"a","2065":"m","2066":"e","2067":"=","2068":"\\","2069":"\"","2070":"c","2071":"r","2072":"e","2073":"a","2074":"t","2075":"e","2076":"-","2077":"b","2078":"t","2079":"n","2080":"\\","2081":"\"","2082":" ","2083":"v","2084":"-","2085":"s","2086":"h","2087":"o","2088":"w","2089":"=","2090":"\\","2091":"\"","2092":"c","2093":"o","2094":"u","2095":"r","2096":"s","2097":"e","2098":"\\","2099":"\"","2100":" ","2101":"@","2102":"c","2103":"l","2104":"i","2105":"c","2106":"k","2107":"=","2108":"\\","2109":"\"","2110":"t","2111":"h","2112":"i","2113":"s","2114":".","2115":"$","2116":"r","2117":"o","2118":"u","2119":"t","2120":"e","2121":"r","2122":".","2123":"p","2124":"u","2125":"s","2126":"h","2127":"(","2128":"'","2129":"/","2130":"c","2131":"r","2132":"e","2133":"a","2134":"t","2135":"e","2136":"'","2137":")","2138":";","2139":" ","2140":"t","2141":"h","2142":"i","2143":"s","2144":".","2145":"d","2146":"i","2147":"a","2148":"l","2149":"o","2150":"g","2151":" ","2152":"=","2153":" ","2154":"f","2155":"a","2156":"l","2157":"s","2158":"e","2159":"\\","2160":"\"","2161":">","2162":"C","2163":"o","2164":"n","2165":"t","2166":"i","2167":"n","2168":"u","2169":"e","2170":" ","2171":"e","2172":"d","2173":"i","2174":"t","2175":"i","2176":"n","2177":"g","2178":" ","2179":"\\","2180":"\"","2181":"{","2182":"{","2183":" ","2184":"c","2185":"o","2186":"u","2187":"r","2188":"s","2189":"e","2190":" ","2191":"}","2192":"}","2193":"\\","2194":"\"","2195":"<","2196":"/","2197":"v","2198":"-","2199":"b","2200":"t","2201":"n","2202":">","2203":"\\","2204":"n","2205":" ","2206":" ","2207":" ","2208":" ","2209":" ","2210":" ","2211":" ","2212":" ","2213":"<","2214":"/","2215":"v","2216":"-","2217":"c","2218":"a","2219":"r","2220":"d","2221":">","2222":"\\","2223":"n","2224":" ","2225":" ","2226":" ","2227":" ","2228":" ","2229":" ","2230":"<","2231":"/","2232":"v","2233":"-","2234":"d","2235":"i","2236":"a","2237":"l","2238":"o","2239":"g","2240":">","2241":"\\","2242":"n","2243":"\\","2244":"n","2245":" ","2246":" ","2247":" ","2248":" ","2249":" ","2250":" ","2251":" ","2252":" ","2253":"<","2254":"/","2255":"v","2256":"-","2257":"l","2258":"i","2259":"s","2260":"t","2261":"-","2262":"i","2263":"t","2264":"e","2265":"m","2266":">","2267":"\\","2268":"n","2269":" ","2270":" ","2271":" ","2272":" ","2273":" ","2274":" ","2275":" ","2276":" ","2277":" ","2278":" ","2279":"<","2280":"!","2281":"-","2282":"-","2283":" ","2284":"<","2285":"v","2286":"-","2287":"l","2288":"i","2289":"s","2290":"t","2291":"-","2292":"i","2293":"t","2294":"e","2295":"m","2296":"\\","2297":"n","2298":" ","2299":" ","2300":" ","2301":" ","2302":" ","2303":" ","2304":" ","2305":" ","2306":" ","2307":" ","2308":" ","2309":" ","2310":"p","2311":"r","2312":"e","2313":"p","2314":"e","2315":"n","2316":"d","2317":"-","2318":"i","2319":"c","2320":"o","2321":"n","2322":"=","2323":"\\","2324":"\"","2325":"m","2326":"d","2327":"i","2328":"-","2329":"m","2330":"e","2331":"s","2332":"s","2333":"a","2334":"g","2335":"e","2336":"\\","2337":"\"","2338":"\\","2339":"n","2340":" ","2341":" ","2342":" ","2343":" ","2344":" ","2345":" ","2346":" ","2347":" ","2348":" ","2349":" ","2350":" ","2351":" ","2352":"t","2353":"i","2354":"t","2355":"l","2356":"e","2357":"=","2358":"\\","2359":"\"","2360":"M","2361":"e","2362":"s","2363":"s","2364":"a","2365":"g","2366":"e","2367":"s","2368":"\\","2369":"\"","2370":"\\","2371":"n","2372":" ","2373":" ","2374":" ","2375":" ","2376":" ","2377":" ","2378":" ","2379":" ","2380":" ","2381":" ","2382":" ","2383":" ","2384":"v","2385":"a","2386":"l","2387":"u","2388":"e","2389":"=","2390":"\\","2391":"\"","2392":"m","2393":"e","2394":"s","2395":"s","2396":"a","2397":"g","2398":"e","2399":"s","2400":"\\","2401":"\"","2402":"\\","2403":"n","2404":" ","2405":" ","2406":" ","2407":" ","2408":" ","2409":" ","2410":" ","2411":" ","2412":" ","2413":" ","2414":" ","2415":" ","2416":"@","2417":"c","2418":"l","2419":"i","2420":"c","2421":"k","2422":"=","2423":"\\","2424":"\"","2425":"t","2426":"h","2427":"i","2428":"s","2429":".","2430":"$","2431":"r","2432":"o","2433":"u","2434":"t","2435":"e","2436":"r","2437":".","2438":"p","2439":"u","2440":"s","2441":"h","2442":"(","2443":"'","2444":"/","2445":"i","2446":"M","2447":"e","2448":"s","2449":"s","2450":"a","2451":"g","2452":"e","2453":"'","2454":")","2455":"\\","2456":"\"","2457":"\\","2458":"n","2459":" ","2460":" ","2461":" ","2462":" ","2463":" ","2464":" ","2465":" ","2466":" ","2467":" ","2468":" ","2469":">","2470":"<","2471":"/","2472":"v","2473":"-","2474":"l","2475":"i","2476":"s","2477":"t","2478":"-","2479":"i","2480":"t","2481":"e","2482":"m","2483":">","2484":" ","2485":"-","2486":"-","2487":">","2488":"\\","2489":"n","2490":" ","2491":" ","2492":" ","2493":" ","2494":" ","2495":" ","2496":" ","2497":" ","2498":" ","2499":" ","2500":"<","2501":"!","2502":"-","2503":"-","2504":" ","2505":"<","2506":"v","2507":"-","2508":"l","2509":"i","2510":"s","2511":"t","2512":"-","2513":"i","2514":"t","2515":"e","2516":"m","2517":" ","2518":"p","2519":"r","2520":"e","2521":"p","2522":"e","2523":"n","2524":"d","2525":"-","2526":"i","2527":"c","2528":"o","2529":"n","2530":"=","2531":"\\","2532":"\"","2533":"m","2534":"d","2535":"i","2536":"-","2537":"s","2538":"t","2539":"a","2540":"r","2541":"\\","2542":"\"","2543":" ","2544":"t","2545":"i","2546":"t","2547":"l","2548":"e","2549":"=","2550":"\\","2551":"\"","2552":"S","2553":"t","2554":"a","2555":"r","2556":"r","2557":"e","2558":"d","2559":"\\","2560":"\"","2561":" ","2562":"v","2563":"a","2564":"l","2565":"u","2566":"e","2567":"=","2568":"\\","2569":"\"","2570":"s","2571":"t","2572":"a","2573":"r","2574":"r","2575":"e","2576":"d","2577":"\\","2578":"\"","2579":">","2580":"<","2581":"/","2582":"v","2583":"-","2584":"l","2585":"i","2586":"s","2587":"t","2588":"-","2589":"i","2590":"t","2591":"e","2592":"m","2593":">","2594":" ","2595":"-","2596":"-","2597":">","2598":"\\","2599":"n","2600":" ","2601":" ","2602":" ","2603":" ","2604":" ","2605":" ","2606":" ","2607":" ","2608":"<","2609":"/","2610":"v","2611":"-","2612":"l","2613":"i","2614":"s","2615":"t","2616":">","2617":"\\","2618":"n","2619":" ","2620":" ","2621":" ","2622":" ","2623":" ","2624":" ","2625":"<","2626":"/","2627":"v","2628":"-","2629":"n","2630":"a","2631":"v","2632":"i","2633":"g","2634":"a","2635":"t","2636":"i","2637":"o","2638":"n","2639":"-","2640":"d","2641":"r","2642":"a","2643":"w","2644":"e","2645":"r","2646":">","2647":"\\","2648":"n","2649":" ","2650":" ","2651":" ","2652":" ","2653":" ","2654":" ","2655":"<","2656":"!","2657":"-","2658":"-","2659":" ","2660":"<","2661":"v","2662":"-","2663":"m","2664":"a","2665":"i","2666":"n","2667":" ","2668":"s","2669":"t","2670":"y","2671":"l","2672":"e","2673":"=","2674":"\\","2675":"\"","2676":"h","2677":"e","2678":"i","2679":"g","2680":"h","2681":"t","2682":":","2683":" ","2684":"2","2685":"5","2686":"0","2687":"p","2688":"x","2689":"\\","2690":"\"","2691":">","2692":"<","2693":"/","2694":"v","2695":"-","2696":"m","2697":"a","2698":"i","2699":"n","2700":">","2701":" ","2702":"-","2703":"-","2704":">","2705":"\\","2706":"n","2707":" ","2708":" ","2709":" ","2710":" ","2711":"<","2712":"/","2713":"v","2714":"-","2715":"l","2716":"a","2717":"y","2718":"o","2719":"u","2720":"t","2721":">","2722":"\\","2723":"n","2724":"\\","2725":"n","2726":" ","2727":" ","2728":"<","2729":"/","2730":"v","2731":"-","2732":"c","2733":"a","2734":"r","2735":"d","2736":">","2737":"\\","2738":"n","2739":"<","2740":"/","2741":"t","2742":"e","2743":"m","2744":"p","2745":"l","2746":"a","2747":"t","2748":"e","2749":">","2750":"\\","2751":"n","2752":" ","2753":" ","2754":"\\","2755":"n","2756":" ","2757":" ","2758":"<","2759":"s","2760":"c","2761":"r","2762":"i","2763":"p","2764":"t","2765":">","2766":"\\","2767":"n","2768":"i","2769":"m","2770":"p","2771":"o","2772":"r","2773":"t","2774":" ","2775":"p","2776":"r","2777":"o","2778":"f","2779":"i","2780":"l","2781":"e","2782":"C","2783":"h","2784":"i","2785":"p","2786":" ","2787":"f","2788":"r","2789":"o","2790":"m","2791":" ","2792":"'","2793":".","2794":".","2795":"/","2796":"c","2797":"o","2798":"m","2799":"m","2800":"o","2801":"n","2802":"/","2803":"p","2804":"r","2805":"o","2806":"f","2807":"i","2808":"l","2809":"e","2810":"C","2811":"h","2812":"i","2813":"p","2814":".","2815":"v","2816":"u","2817":"e","2818":"'","2819":";","2820":"\\","2821":"n","2822":"\\","2823":"n","2824":"e","2825":"x","2826":"p","2827":"o","2828":"r","2829":"t","2830":" ","2831":"d","2832":"e","2833":"f","2834":"a","2835":"u","2836":"l","2837":"t","2838":" ","2839":"{","2840":"\\","2841":"n","2842":" ","2843":" ","2844":"n","2845":"a","2846":"m","2847":"e","2848":":","2849":" ","2850":"\\","2851":"\"","2852":"S","2853":"i","2854":"d","2855":"e","2856":"N","2857":"a","2858":"v","2859":"\\","2860":"\"","2861":",","2862":"\\","2863":"n","2864":" ","2865":" ","2866":"c","2867":"o","2868":"m","2869":"p","2870":"o","2871":"n","2872":"e","2873":"n","2874":"t","2875":"s","2876":":","2877":" ","2878":"{","2879":" ","2880":"p","2881":"r","2882":"o","2883":"f","2884":"i","2885":"l","2886":"e","2887":"C","2888":"h","2889":"i","2890":"p","2891":" ","2892":"}","2893":",","2894":"\\","2895":"n","2896":" ","2897":" ","2898":"c","2899":"o","2900":"m","2901":"p","2902":"u","2903":"t","2904":"e","2905":"d","2906":":","2907":" ","2908":"{","2909":"\\","2910":"n","2911":" ","2912":" ","2913":" ","2914":" ","2915":"c","2916":"o","2917":"u","2918":"r","2919":"s","2920":"e","2921":"(","2922":")","2923":" ","2924":"{","2925":"\\","2926":"n","2927":" ","2928":" ","2929":" ","2930":" ","2931":" ","2932":" ","2933":"r","2934":"e","2935":"t","2936":"u","2937":"r","2938":"n","2939":" ","2940":"t","2941":"h","2942":"i","2943":"s","2944":".","2945":"$","2946":"s","2947":"t","2948":"o","2949":"r","2950":"e","2951":".","2952":"s","2953":"t","2954":"a","2955":"t","2956":"e","2957":".","2958":"i","2959":"n","2960":"s","2961":"t","2962":"r","2963":"u","2964":"c","2965":"t","2966":"o","2967":"r","2968":".","2969":"c","2970":"o","2971":"u","2972":"r","2973":"s","2974":"e","2975":"D","2976":"r","2977":"a","2978":"f","2979":"t","2980":".","2981":"t","2982":"i","2983":"t","2984":"l","2985":"e","2986":";","2987":"\\","2988":"n","2989":" ","2990":" ","2991":" ","2992":" ","2993":"}","2994":",","2995":"\\","2996":"n","2997":" ","2998":" ","2999":"}","3000":",","3001":"\\","3002":"n","3003":" ","3004":" ","3005":"d","3006":"a","3007":"t","3008":"a","3009":"(","3010":")","3011":" ","3012":"{","3013":"\\","3014":"n","3015":" ","3016":" ","3017":" ","3018":" ","3019":"r","3020":"e","3021":"t","3022":"u","3023":"r","3024":"n","3025":" ","3026":"{","3027":"\\","3028":"n","3029":" ","3030":" ","3031":" ","3032":" ","3033":" ","3034":" ","3035":"d","3036":"i","3037":"a","3038":"l","3039":"o","3040":"g","3041":":","3042":" ","3043":"f","3044":"a","3045":"l","3046":"s","3047":"e","3048":",","3049":"\\","3050":"n","3051":" ","3052":" ","3053":" ","3054":" ","3055":"}","3056":";","3057":"\\","3058":"n","3059":" ","3060":" ","3061":"}","3062":",","3063":"\\","3064":"n","3065":" ","3066":" ","3067":"m","3068":"e","3069":"t","3070":"h","3071":"o","3072":"d","3073":"s","3074":":","3075":" ","3076":"{","3077":"\\","3078":"n","3079":" ","3080":" ","3081":" ","3082":"a","3083":"s","3084":"y","3085":"n","3086":"c","3087":" ","3088":"n","3089":"e","3090":"w","3091":"C","3092":"o","3093":"u","3094":"r","3095":"s","3096":"e","3097":"(","3098":")","3099":" ","3100":"{","3101":"\\","3102":"n","3103":" ","3104":" ","3105":" ","3106":" ","3107":" ","3108":" ","3109":"l","3110":"o","3111":"c","3112":"a","3113":"l","3114":"S","3115":"t","3116":"o","3117":"r","3118":"a","3119":"g","3120":"e","3121":".","3122":"r","3123":"e","3124":"m","3125":"o","3126":"v","3127":"e","3128":"I","3129":"t","3130":"e","3131":"m","3132":"(","3133":"'","3134":"c","3135":"o","3136":"u","3137":"r","3138":"s","3139":"e","3140":"D","3141":"r","3142":"a","3143":"f","3144":"t","3145":"'","3146":")","3147":";","3148":"\\","3149":"n","3150":" ","3151":" ","3152":" ","3153":" ","3154":" ","3155":" ","3156":"a","3157":"w","3158":"a","3159":"i","3160":"t","3161":" ","3162":"t","3163":"h","3164":"i","3165":"s","3166":".","3167":"$","3168":"s","3169":"t","3170":"o","3171":"r","3172":"e","3173":".","3174":"c","3175":"o","3176":"m","3177":"m","3178":"i","3179":"t","3180":"(","3181":"'","3182":"i","3183":"n","3184":"s","3185":"t","3186":"r","3187":"u","3188":"c","3189":"t","3190":"o","3191":"r","3192":"/","3193":"c","3194":"l","3195":"e","3196":"a","3197":"r","3198":"C","3199":"o","3200":"u","3201":"r","3202":"s","3203":"e","3204":"D","3205":"r","3206":"a","3207":"f","3208":"t","3209":"'","3210":")","3211":";","3212":"\\","3213":"n","3214":" ","3215":" ","3216":" ","3217":" ","3218":" ","3219":" ","3220":"a","3221":"w","3222":"a","3223":"i","3224":"t","3225":" ","3226":"t","3227":"h","3228":"i","3229":"s","3230":".","3231":"$","3232":"s","3233":"t","3234":"o","3235":"r","3236":"e","3237":".","3238":"c","3239":"o","3240":"m","3241":"m","3242":"i","3243":"t","3244":"(","3245":"'","3246":"i","3247":"n","3248":"s","3249":"t","3250":"r","3251":"u","3252":"c","3253":"t","3254":"o","3255":"r","3256":"/","3257":"c","3258":"h","3259":"a","3260":"n","3261":"g","3262":"e","3263":"C","3264":"u","3265":"r","3266":"r","3267":"e","3268":"n","3269":"t","3270":"C","3271":"o","3272":"m","3273":"p","3274":"'","3275":",","3276":" ","3277":"'","3278":"P","3279":"r","3280":"i","3281":"c","3282":"i","3283":"n","3284":"g","3285":"P","3286":"a","3287":"g","3288":"e","3289":"'","3290":")","3291":"\\","3292":"n","3293":" ","3294":" ","3295":" ","3296":" ","3297":" ","3298":" ","3299":"a","3300":"w","3301":"a","3302":"i","3303":"t","3304":" ","3305":"t","3306":"h","3307":"i","3308":"s","3309":".","3310":"$","3311":"s","3312":"t","3313":"o","3314":"r","3315":"e","3316":".","3317":"c","3318":"o","3319":"m","3320":"m","3321":"i","3322":"t","3323":"(","3324":"'","3325":"i","3326":"n","3327":"s","3328":"t","3329":"r","3330":"u","3331":"c","3332":"t","3333":"o","3334":"r","3335":"/","3336":"c","3337":"h","3338":"a","3339":"n","3340":"g","3341":"e","3342":"C","3343":"u","3344":"r","3345":"r","3346":"e","3347":"n","3348":"t","3349":"C","3350":"o","3351":"m","3352":"p","3353":"'","3354":",","3355":" ","3356":"'","3357":"P","3358":"l","3359":"a","3360":"n","3361":"C","3362":"o","3363":"u","3364":"r","3365":"s","3366":"e","3367":"'","3368":")","3369":"\\","3370":"n","3371":" ","3372":" ","3373":" ","3374":" ","3375":" ","3376":" ","3377":"t","3378":"h","3379":"i","3380":"s","3381":".","3382":"d","3383":"i","3384":"a","3385":"l","3386":"o","3387":"g","3388":" ","3389":"=","3390":" ","3391":"f","3392":"a","3393":"l","3394":"s","3395":"e","3396":";","3397":"\\","3398":"n","3399":" ","3400":" ","3401":" ","3402":" ","3403":" ","3404":" ","3405":"a","3406":"w","3407":"a","3408":"i","3409":"t","3410":" ","3411":"t","3412":"h","3413":"i","3414":"s","3415":".","3416":"$","3417":"r","3418":"o","3419":"u","3420":"t","3421":"e","3422":"r","3423":".","3424":"p","3425":"u","3426":"s","3427":"h","3428":"(","3429":"'","3430":"/","3431":"c","3432":"r","3433":"e","3434":"a","3435":"t","3436":"e","3437":"'","3438":")","3439":";","3440":"\\","3441":"n","3442":" ","3443":" ","3444":" ","3445":" ","3446":"}","3447":",","3448":"\\","3449":"n","3450":" ","3451":" ","3452":"}","3453":",","3454":"\\","3455":"n","3456":"}","3457":";","3458":"\\","3459":"n","3460":"<","3461":"/","3462":"s","3463":"c","3464":"r","3465":"i","3466":"p","3467":"t","3468":">","3469":"\\","3470":"n","3471":" ","3472":" ","3473":"\\","3474":"n","3475":" ","3476":" ","3477":"<","3478":"s","3479":"t","3480":"y","3481":"l","3482":"e","3483":" ","3484":"s","3485":"c","3486":"o","3487":"p","3488":"e","3489":"d","3490":">","3491":"\\","3492":"n","3493":".","3494":"m","3495":"a","3496":"i","3497":"n","3498":"C","3499":"a","3500":"r","3501":"d","3502":" ","3503":"{","3504":"\\","3505":"n","3506":" ","3507":" ","3508":"z","3509":"-","3510":"i","3511":"n","3512":"d","3513":"e","3514":"x","3515":":","3516":" ","3517":"2","3518":";","3519":"\\","3520":"n","3521":"}","3522":"\\","3523":"n","3524":"\\","3525":"n","3526":".","3527":"m","3528":"o","3529":"d","3530":" ","3531":"{","3532":"\\","3533":"n","3534":" ","3535":" ","3536":"b","3537":"a","3538":"c","3539":"k","3540":"g","3541":"r","3542":"o","3543":"u","3544":"n","3545":"d","3546":":","3547":" ","3548":"r","3549":"e","3550":"d","3551":";","3552":"\\","3553":"n","3554":" ","3555":" ","3556":"h","3557":"e","3558":"i","3559":"g","3560":"h","3561":"t","3562":":","3563":" ","3564":"1","3565":"0","3566":"0","3567":"p","3568":"x","3569":";","3570":"\\","3571":"n","3572":" ","3573":" ","3574":"z","3575":"-","3576":"i","3577":"n","3578":"d","3579":"e","3580":"x","3581":":","3582":" ","3583":"9","3584":"9","3585":"9","3586":"9","3587":"9","3588":"9","3589":";","3590":"\\","3591":"n","3592":" ","3593":" ","3594":"p","3595":"o","3596":"s","3597":"i","3598":"t","3599":"i","3600":"o","3601":"n","3602":":","3603":" ","3604":"a","3605":"b","3606":"s","3607":"o","3608":"l","3609":"u","3610":"t","3611":"e","3612":";","3613":"\\","3614":"n","3615":" ","3616":" ","3617":"t","3618":"o","3619":"p","3620":":","3621":" ","3622":"1","3623":"0","3624":"0","3625":"p","3626":"x","3627":";","3628":"\\","3629":"n","3630":"}","3631":"\\","3632":"n","3633":"<","3634":"/","3635":"s","3636":"t","3637":"y","3638":"l","3639":"e","3640":">","3641":"\"","3642":"]","3643":"}"},"_coverageSchema":"1a1c01bbd47fc00a2c39e90264f33305004495a9","hash":"7e72fa447ad31350bd97872ca775373a3eb3a754"}
}
