TN:
SF:src/components/instructor/createCourse/others/pricingPage.vue
FN:148,render
FN:160,(anonymous_1)
FN:163,(anonymous_2)
FN:166,(anonymous_3)
FN:167,(anonymous_4)
FN:172,(anonymous_5)
FN:177,(anonymous_6)
FN:182,(anonymous_7)
FN:197,(anonymous_8)
FN:200,(anonymous_9)
FN:215,(anonymous_10)
FN:219,(anonymous_11)
FN:224,(anonymous_12)
FN:226,(anonymous_13)
FN:228,(anonymous_14)
FN:229,(anonymous_15)
FN:232,(anonymous_16)
FN:240,(anonymous_17)
FN:260,(anonymous_18)
FN:264,(anonymous_19)
FN:269,(anonymous_20)
FN:273,(anonymous_21)
FN:287,(anonymous_22)
FN:289,(anonymous_23)
FN:304,(anonymous_24)
FN:308,(anonymous_25)
FN:313,(anonymous_26)
FN:317,(anonymous_27)
FN:331,(anonymous_28)
FN:333,(anonymous_29)
FN:352,(anonymous_30)
FN:355,(anonymous_31)
FN:361,(anonymous_32)
FN:362,(anonymous_33)
FN:366,(anonymous_34)
FN:370,(anonymous_35)
FN:374,(anonymous_36)
FN:378,(anonymous_37)
FN:391,(anonymous_38)
FN:397,(anonymous_39)
FNF:40
FNH:29
FNDA:12,render
FNDA:12,(anonymous_1)
FNDA:12,(anonymous_2)
FNDA:12,(anonymous_3)
FNDA:12,(anonymous_4)
FNDA:12,(anonymous_5)
FNDA:12,(anonymous_6)
FNDA:0,(anonymous_7)
FNDA:12,(anonymous_8)
FNDA:0,(anonymous_9)
FNDA:12,(anonymous_10)
FNDA:12,(anonymous_11)
FNDA:12,(anonymous_12)
FNDA:0,(anonymous_13)
FNDA:12,(anonymous_14)
FNDA:12,(anonymous_15)
FNDA:12,(anonymous_16)
FNDA:12,(anonymous_17)
FNDA:12,(anonymous_18)
FNDA:12,(anonymous_19)
FNDA:12,(anonymous_20)
FNDA:0,(anonymous_21)
FNDA:12,(anonymous_22)
FNDA:0,(anonymous_23)
FNDA:0,(anonymous_24)
FNDA:0,(anonymous_25)
FNDA:0,(anonymous_26)
FNDA:0,(anonymous_27)
FNDA:0,(anonymous_28)
FNDA:0,(anonymous_29)
FNDA:12,(anonymous_30)
FNDA:12,(anonymous_31)
FNDA:12,(anonymous_32)
FNDA:12,(anonymous_33)
FNDA:12,(anonymous_34)
FNDA:12,(anonymous_35)
FNDA:12,(anonymous_36)
FNDA:12,(anonymous_37)
FNDA:12,(anonymous_38)
FNDA:12,(anonymous_39)
DA:4,1
DA:7,1
DA:93,1
DA:95,1
DA:98,1
DA:99,1
DA:100,1
DA:101,1
DA:104,1
DA:105,1
DA:108,1
DA:109,1
DA:112,1
DA:115,1
DA:116,1
DA:117,1
DA:118,1
DA:119,1
DA:120,1
DA:121,1
DA:122,1
DA:123,1
DA:128,1
DA:131,1
DA:134,1
DA:137,1
DA:140,1
DA:143,1
DA:149,12
DA:150,12
DA:151,12
DA:152,12
DA:153,12
DA:154,12
DA:155,12
DA:156,12
DA:157,12
DA:158,12
DA:159,12
DA:160,12
DA:163,12
DA:166,12
DA:167,12
DA:172,12
DA:177,12
DA:182,0
DA:197,12
DA:200,0
DA:215,12
DA:219,12
DA:224,12
DA:226,0
DA:228,12
DA:229,12
DA:232,12
DA:240,12
DA:260,12
DA:264,12
DA:269,12
DA:273,0
DA:287,12
DA:289,0
DA:304,0
DA:308,0
DA:313,0
DA:317,0
DA:331,0
DA:333,0
DA:352,12
DA:355,12
DA:361,12
DA:362,12
DA:366,12
DA:370,12
DA:374,12
DA:378,12
DA:391,12
DA:397,12
DA:408,1
LF:79
LH:68
BRDA:182,0,0,12
BRDA:182,0,1,8
BRDA:200,1,0,12
BRDA:200,1,1,8
BRDA:226,2,0,12
BRDA:226,2,1,8
BRDA:256,3,0,12
BRDA:256,3,1,0
BRDA:273,4,0,12
BRDA:273,4,1,8
BRDA:289,5,0,12
BRDA:289,5,1,8
BRDA:300,6,0,0
BRDA:300,6,1,12
BRDA:317,7,0,0
BRDA:317,7,1,0
BRDA:333,8,0,0
BRDA:333,8,1,0
BRDA:369,9,0,12
BRDA:369,9,1,11
BRF:20
BRH:14
end_of_record
