TN:
SF:src/components/students/playerBelowOptions/belowDetails.vue
FN:77,render
FN:84,(anonymous_1)
FN:88,(anonymous_2)
FN:99,(anonymous_3)
FN:116,(anonymous_4)
FN:118,(anonymous_5)
FN:126,(anonymous_6)
FNF:7
FNH:5
FNDA:12,render
FNDA:12,(anonymous_1)
FNDA:12,(anonymous_2)
FNDA:0,(anonymous_3)
FNDA:12,(anonymous_4)
FNDA:0,(anonymous_5)
FNDA:12,(anonymous_6)
DA:4,1
DA:7,1
DA:54,1
DA:56,1
DA:59,1
DA:60,1
DA:61,1
DA:64,1
DA:65,1
DA:69,1
DA:70,1
DA:74,1
DA:78,12
DA:79,12
DA:80,12
DA:81,12
DA:84,12
DA:88,12
DA:99,0
DA:116,12
DA:118,0
DA:126,12
DA:136,1
LF:23
LH:21
BRDA:84,0,0,12
BRDA:84,0,1,0
BRDA:118,1,0,12
BRDA:118,1,1,4
BRF:4
BRH:3
end_of_record
